[INFO] Scanning for projects...
[INFO] 
[INFO] -------------------------< com.pos:pos-system >-------------------------
[INFO] Building pos-system 1.0.0
[INFO]   from pom.xml
[INFO] --------------------------------[ jar ]---------------------------------
Downloading from central: https://repo.maven.apache.org/maven2/org/springframework/boot/spring-boot-starter-thymeleaf/3.1.5/spring-boot-starter-thymeleaf-3.1.5.pom
Progress (1): 970 B
Progress (1): 2.3 kB
                    
Downloaded from central: https://repo.maven.apache.org/maven2/org/springframework/boot/spring-boot-starter-thymeleaf/3.1.5/spring-boot-starter-thymeleaf-3.1.5.pom (2.3 kB at 2.3 kB/s)
Downloading from central: https://repo.maven.apache.org/maven2/org/thymeleaf/thymeleaf-spring6/3.1.2.RELEASE/thymeleaf-spring6-3.1.2.RELEASE.pom
Progress (1): 972 B
Progress (1): 1.9 kB
Progress (1): 4.6 kB
                    
Downloaded from central: https://repo.maven.apache.org/maven2/org/thymeleaf/thymeleaf-spring6/3.1.2.RELEASE/thymeleaf-spring6-3.1.2.RELEASE.pom (4.6 kB at 30 kB/s)
Downloading from central: https://repo.maven.apache.org/maven2/org/thymeleaf/thymeleaf-lib/3.1.2.RELEASE/thymeleaf-lib-3.1.2.RELEASE.pom
Progress (1): 939 B
Progress (1): 2.1 kB
Progress (1): 3.9 kB
Progress (1): 6.5 kB
                    
Downloaded from central: https://repo.maven.apache.org/maven2/org/thymeleaf/thymeleaf-lib/3.1.2.RELEASE/thymeleaf-lib-3.1.2.RELEASE.pom (6.5 kB at 57 kB/s)
Downloading from central: https://repo.maven.apache.org/maven2/org/thymeleaf/thymeleaf-parent/3.1.2.RELEASE/thymeleaf-parent-3.1.2.RELEASE.pom
Progress (1): 898 B
Progress (1): 2.0 kB
Progress (1): 4.3 kB
Progress (1): 6.6 kB
Progress (1): 9.7 kB
Progress (1): 15 kB 
Progress (1): 18 kB
Progress (1): 20 kB
Progress (1): 22 kB
                   
Downloaded from central: https://repo.maven.apache.org/maven2/org/thymeleaf/thymeleaf-parent/3.1.2.RELEASE/thymeleaf-parent-3.1.2.RELEASE.pom (22 kB at 102 kB/s)
Downloading from central: https://repo.maven.apache.org/maven2/org/springframework/spring-framework-bom/6.0.11/spring-framework-bom-6.0.11.pom
Progress (1): 983 B
Progress (1): 4.5 kB
Progress (1): 5.8 kB
                    
Downloaded from central: https://repo.maven.apache.org/maven2/org/springframework/spring-framework-bom/6.0.11/spring-framework-bom-6.0.11.pom (5.8 kB at 39 kB/s)
Downloading from central: https://repo.maven.apache.org/maven2/com/fasterxml/jackson/jackson-bom/2.15.2/jackson-bom-2.15.2.pom
Progress (1): 931 B
Progress (1): 2.0 kB
Progress (1): 6.3 kB
Progress (1): 15 kB 
Progress (1): 18 kB
Progress (1): 18 kB
                   
Downloaded from central: https://repo.maven.apache.org/maven2/com/fasterxml/jackson/jackson-bom/2.15.2/jackson-bom-2.15.2.pom (18 kB at 178 kB/s)
Downloading from central: https://repo.maven.apache.org/maven2/io/projectreactor/reactor-bom/2022.0.9/reactor-bom-2022.0.9.pom
Progress (1): 907 B
Progress (1): 2.2 kB
Progress (1): 4.8 kB
                    
Downloaded from central: https://repo.maven.apache.org/maven2/io/projectreactor/reactor-bom/2022.0.9/reactor-bom-2022.0.9.pom (4.8 kB at 40 kB/s)
Downloading from central: https://repo.maven.apache.org/maven2/org/thymeleaf/thymeleaf/3.1.2.RELEASE/thymeleaf-3.1.2.RELEASE.pom
Progress (1): 979 B
Progress (1): 1.9 kB
Progress (1): 4.0 kB
                    
Downloaded from central: https://repo.maven.apache.org/maven2/org/thymeleaf/thymeleaf/3.1.2.RELEASE/thymeleaf-3.1.2.RELEASE.pom (4.0 kB at 44 kB/s)
Downloading from central: https://repo.maven.apache.org/maven2/org/attoparser/attoparser/2.0.7.RELEASE/attoparser-2.0.7.RELEASE.pom
Progress (1): 1.5 kB
Progress (1): 2.7 kB
Progress (1): 4.2 kB
Progress (1): 6.6 kB
Progress (1): 8.5 kB
Progress (1): 11 kB 
                   
Downloaded from central: https://repo.maven.apache.org/maven2/org/attoparser/attoparser/2.0.7.RELEASE/attoparser-2.0.7.RELEASE.pom (11 kB at 90 kB/s)
Downloading from central: https://repo.maven.apache.org/maven2/org/unbescape/unbescape/1.1.6.RELEASE/unbescape-1.1.6.RELEASE.pom
Progress (1): 1.5 kB
Progress (1): 2.6 kB
Progress (1): 4.3 kB
Progress (1): 7.5 kB
Progress (1): 8.7 kB
Progress (1): 10.0 kB
                     
Downloaded from central: https://repo.maven.apache.org/maven2/org/unbescape/unbescape/1.1.6.RELEASE/unbescape-1.1.6.RELEASE.pom (10.0 kB at 80 kB/s)
Downloading from central: https://repo.maven.apache.org/maven2/org/springdoc/springdoc-openapi-starter-webmvc-ui/2.2.0/springdoc-openapi-starter-webmvc-ui-2.2.0.pom
Progress (1): 1.7 kB
Progress (1): 1.8 kB
                    
Downloaded from central: https://repo.maven.apache.org/maven2/org/springdoc/springdoc-openapi-starter-webmvc-ui/2.2.0/springdoc-openapi-starter-webmvc-ui-2.2.0.pom (1.8 kB at 20 kB/s)
Downloading from central: https://repo.maven.apache.org/maven2/org/springdoc/springdoc-openapi/2.2.0/springdoc-openapi-2.2.0.pom
Progress (1): 1.1 kB
Progress (1): 2.6 kB
Progress (1): 6.3 kB
Progress (1): 9.3 kB
Progress (1): 10 kB 
                   
Downloaded from central: https://repo.maven.apache.org/maven2/org/springdoc/springdoc-openapi/2.2.0/springdoc-openapi-2.2.0.pom (10 kB at 107 kB/s)
Downloading from central: https://repo.maven.apache.org/maven2/org/springframework/boot/spring-boot-starter-parent/3.1.2/spring-boot-starter-parent-3.1.2.pom
Progress (1): 1.1 kB
Progress (1): 2.6 kB
Progress (1): 6.6 kB
Progress (1): 10 kB 
Progress (1): 13 kB
                   
Downloaded from central: https://repo.maven.apache.org/maven2/org/springframework/boot/spring-boot-starter-parent/3.1.2/spring-boot-starter-parent-3.1.2.pom (13 kB at 113 kB/s)
Downloading from central: https://repo.maven.apache.org/maven2/org/springframework/boot/spring-boot-dependencies/3.1.2/spring-boot-dependencies-3.1.2.pom
Progress (1): 1.0 kB
Progress (1): 2.8 kB
Progress (1): 5.0 kB
Progress (1): 7.4 kB
Progress (1): 9.6 kB
Progress (1): 13 kB 
Progress (1): 24 kB
Progress (1): 26 kB
Progress (1): 35 kB
Progress (1): 42 kB
Progress (1): 51 kB
Progress (1): 57 kB
Progress (1): 70 kB
Progress (1): 78 kB
Progress (1): 84 kB
Progress (1): 91 kB
Progress (1): 93 kB
Progress (1): 94 kB
                   
Downloaded from central: https://repo.maven.apache.org/maven2/org/springframework/boot/spring-boot-dependencies/3.1.2/spring-boot-dependencies-3.1.2.pom (94 kB at 804 kB/s)
Downloading from central: https://repo.maven.apache.org/maven2/io/dropwizard/metrics/metrics-bom/4.2.19/metrics-bom-4.2.19.pom
Progress (1): 6.3 kB
Progress (1): 7.5 kB
                    
Downloaded from central: https://repo.maven.apache.org/maven2/io/dropwizard/metrics/metrics-bom/4.2.19/metrics-bom-4.2.19.pom (7.5 kB at 75 kB/s)
Downloading from central: https://repo.maven.apache.org/maven2/io/dropwizard/metrics/metrics-parent/4.2.19/metrics-parent-4.2.19.pom
Progress (1): 1.8 kB
Progress (1): 3.6 kB
Progress (1): 5.8 kB
Progress (1): 9.3 kB
Progress (1): 15 kB 
Progress (1): 18 kB
Progress (1): 20 kB
                   
Downloaded from central: https://repo.maven.apache.org/maven2/io/dropwizard/metrics/metrics-parent/4.2.19/metrics-parent-4.2.19.pom (20 kB at 154 kB/s)
Downloading from central: https://repo.maven.apache.org/maven2/org/apache/groovy/groovy-bom/4.0.13/groovy-bom-4.0.13.pom
Progress (1): 863 B
Progress (1): 3.6 kB
Progress (1): 7.0 kB
Progress (1): 11 kB 
Progress (1): 14 kB
Progress (1): 18 kB
Progress (1): 22 kB
Progress (1): 23 kB
Progress (1): 27 kB
                   
Downloaded from central: https://repo.maven.apache.org/maven2/org/apache/groovy/groovy-bom/4.0.13/groovy-bom-4.0.13.pom (27 kB at 239 kB/s)
Downloading from central: https://repo.maven.apache.org/maven2/org/infinispan/infinispan-bom/14.0.12.Final/infinispan-bom-14.0.12.Final.pom
Progress (1): 1.1 kB
Progress (1): 8.1 kB
Progress (1): 22 kB 
Progress (1): 24 kB
                   
Downloaded from central: https://repo.maven.apache.org/maven2/org/infinispan/infinispan-bom/14.0.12.Final/infinispan-bom-14.0.12.Final.pom (24 kB at 156 kB/s)
Downloading from central: https://repo.maven.apache.org/maven2/org/infinispan/infinispan-build-configuration-parent/14.0.12.Final/infinispan-build-configuration-parent-14.0.12.Final.pom
Progress (1): 1.0 kB
Progress (1): 3.2 kB
Progress (1): 5.5 kB
Progress (1): 7.5 kB
Progress (1): 9.8 kB
Progress (1): 12 kB 
Progress (1): 15 kB
Progress (1): 16 kB
Progress (1): 21 kB
Progress (1): 24 kB
                   
Downloaded from central: https://repo.maven.apache.org/maven2/org/infinispan/infinispan-build-configuration-parent/14.0.12.Final/infinispan-build-configuration-parent-14.0.12.Final.pom (24 kB at 197 kB/s)
Downloading from central: https://repo.maven.apache.org/maven2/org/glassfish/jersey/jersey-bom/3.1.2/jersey-bom-3.1.2.pom
Progress (1): 843 B
Progress (1): 8.6 kB
Progress (1): 19 kB 
Progress (1): 19 kB
                   
Downloaded from central: https://repo.maven.apache.org/maven2/org/glassfish/jersey/jersey-bom/3.1.2/jersey-bom-3.1.2.pom (19 kB at 110 kB/s)
Downloading from central: https://repo.maven.apache.org/maven2/org/eclipse/jetty/jetty-bom/11.0.15/jetty-bom-11.0.15.pom
Progress (1): 1.1 kB
Progress (1): 4.9 kB
Progress (1): 12 kB 
Progress (1): 20 kB
                   
Downloaded from central: https://repo.maven.apache.org/maven2/org/eclipse/jetty/jetty-bom/11.0.15/jetty-bom-11.0.15.pom (20 kB at 156 kB/s)
Downloading from central: https://repo.maven.apache.org/maven2/io/micrometer/micrometer-bom/1.11.2/micrometer-bom-1.11.2.pom
Progress (1): 1.1 kB
Progress (1): 7.3 kB
Progress (1): 7.9 kB
                    
Downloaded from central: https://repo.maven.apache.org/maven2/io/micrometer/micrometer-bom/1.11.2/micrometer-bom-1.11.2.pom (7.9 kB at 31 kB/s)
Downloading from central: https://repo.maven.apache.org/maven2/io/micrometer/micrometer-tracing-bom/1.1.3/micrometer-tracing-bom-1.1.3.pom
Progress (1): 1.0 kB
Progress (1): 4.0 kB
Progress (1): 4.6 kB
                    
Downloaded from central: https://repo.maven.apache.org/maven2/io/micrometer/micrometer-tracing-bom/1.1.3/micrometer-tracing-bom-1.1.3.pom (4.6 kB at 44 kB/s)
Downloading from central: https://repo.maven.apache.org/maven2/io/netty/netty-bom/4.1.94.Final/netty-bom-4.1.94.Final.pom
Progress (1): 786 B
Progress (1): 2.4 kB
Progress (1): 12 kB 
Progress (1): 13 kB
                   
Downloaded from central: https://repo.maven.apache.org/maven2/io/netty/netty-bom/4.1.94.Final/netty-bom-4.1.94.Final.pom (13 kB at 141 kB/s)
Downloading from central: https://repo.maven.apache.org/maven2/io/rest-assured/rest-assured-bom/5.3.1/rest-assured-bom-5.3.1.pom
Progress (1): 1.2 kB
Progress (1): 4.3 kB
                    
Downloaded from central: https://repo.maven.apache.org/maven2/io/rest-assured/rest-assured-bom/5.3.1/rest-assured-bom-5.3.1.pom (4.3 kB at 45 kB/s)
Downloading from central: https://repo.maven.apache.org/maven2/org/springframework/amqp/spring-amqp-bom/3.0.6/spring-amqp-bom-3.0.6.pom
Progress (1): 962 B
Progress (1): 3.4 kB
                    
Downloaded from central: https://repo.maven.apache.org/maven2/org/springframework/amqp/spring-amqp-bom/3.0.6/spring-amqp-bom-3.0.6.pom (3.4 kB at 39 kB/s)
Downloading from central: https://repo.maven.apache.org/maven2/org/springframework/batch/spring-batch-bom/5.0.2/spring-batch-bom-5.0.2.pom
Progress (1): 1.2 kB
Progress (1): 3.2 kB
                    
Downloaded from central: https://repo.maven.apache.org/maven2/org/springframework/batch/spring-batch-bom/5.0.2/spring-batch-bom-5.0.2.pom (3.2 kB at 36 kB/s)
Downloading from central: https://repo.maven.apache.org/maven2/org/springframework/data/spring-data-bom/2023.0.2/spring-data-bom-2023.0.2.pom
Progress (1): 963 B
Progress (1): 2.5 kB
Progress (1): 5.5 kB
                    
Downloaded from central: https://repo.maven.apache.org/maven2/org/springframework/data/spring-data-bom/2023.0.2/spring-data-bom-2023.0.2.pom (5.5 kB at 55 kB/s)
Downloading from central: https://repo.maven.apache.org/maven2/org/springframework/integration/spring-integration-bom/6.1.2/spring-integration-bom-6.1.2.pom
Progress (1): 1.1 kB
Progress (1): 9.9 kB
                    
Downloaded from central: https://repo.maven.apache.org/maven2/org/springframework/integration/spring-integration-bom/6.1.2/spring-integration-bom-6.1.2.pom (9.9 kB at 111 kB/s)
Downloading from central: https://repo.maven.apache.org/maven2/org/springframework/security/spring-security-bom/6.1.2/spring-security-bom-6.1.2.pom
Progress (1): 973 B
Progress (1): 5.3 kB
                    
Downloaded from central: https://repo.maven.apache.org/maven2/org/springframework/security/spring-security-bom/6.1.2/spring-security-bom-6.1.2.pom (5.3 kB at 61 kB/s)
Downloading from central: https://repo.maven.apache.org/maven2/org/springframework/session/spring-session-bom/3.1.1/spring-session-bom-3.1.1.pom
Progress (1): 1.0 kB
Progress (1): 2.9 kB
                    
Downloaded from central: https://repo.maven.apache.org/maven2/org/springframework/session/spring-session-bom/3.1.1/spring-session-bom-3.1.1.pom (2.9 kB at 29 kB/s)
Downloading from central: https://repo.maven.apache.org/maven2/org/springframework/ws/spring-ws-bom/4.0.5/spring-ws-bom-4.0.5.pom
Progress (1): 1.0 kB
Progress (1): 2.7 kB
Progress (1): 3.5 kB
                    
Downloaded from central: https://repo.maven.apache.org/maven2/org/springframework/ws/spring-ws-bom/4.0.5/spring-ws-bom-4.0.5.pom (3.5 kB at 44 kB/s)
Downloading from central: https://repo.maven.apache.org/maven2/org/springdoc/springdoc-openapi-starter-webmvc-api/2.2.0/springdoc-openapi-starter-webmvc-api-2.2.0.pom
Progress (1): 1.6 kB
Progress (1): 1.8 kB
                    
Downloaded from central: https://repo.maven.apache.org/maven2/org/springdoc/springdoc-openapi-starter-webmvc-api/2.2.0/springdoc-openapi-starter-webmvc-api-2.2.0.pom (1.8 kB at 18 kB/s)
Downloading from central: https://repo.maven.apache.org/maven2/org/springdoc/springdoc-openapi-starter-common/2.2.0/springdoc-openapi-starter-common-2.2.0.pom
Progress (1): 1.8 kB
Progress (1): 4.3 kB
Progress (1): 4.5 kB
                    
Downloaded from central: https://repo.maven.apache.org/maven2/org/springdoc/springdoc-openapi-starter-common/2.2.0/springdoc-openapi-starter-common-2.2.0.pom (4.5 kB at 36 kB/s)
Downloading from central: https://repo.maven.apache.org/maven2/io/swagger/core/v3/swagger-core-jakarta/2.2.15/swagger-core-jakarta-2.2.15.pom
Progress (1): 2.4 kB
Progress (1): 3.0 kB
                    
Downloaded from central: https://repo.maven.apache.org/maven2/io/swagger/core/v3/swagger-core-jakarta/2.2.15/swagger-core-jakarta-2.2.15.pom (3.0 kB at 29 kB/s)
Downloading from central: https://repo.maven.apache.org/maven2/io/swagger/core/v3/swagger-project-jakarta/2.2.15/swagger-project-jakarta-2.2.15.pom
Progress (1): 1.3 kB
Progress (1): 3.3 kB
Progress (1): 7.1 kB
Progress (1): 11 kB 
Progress (1): 17 kB
Progress (1): 23 kB
Progress (1): 26 kB
Progress (1): 27 kB
                   
Downloaded from central: https://repo.maven.apache.org/maven2/io/swagger/core/v3/swagger-project-jakarta/2.2.15/swagger-project-jakarta-2.2.15.pom (27 kB at 165 kB/s)
Downloading from central: https://repo.maven.apache.org/maven2/io/swagger/core/v3/swagger-annotations-jakarta/2.2.15/swagger-annotations-jakarta-2.2.15.pom
Progress (1): 709 B
                   
Downloaded from central: https://repo.maven.apache.org/maven2/io/swagger/core/v3/swagger-annotations-jakarta/2.2.15/swagger-annotations-jakarta-2.2.15.pom (709 B at 8.3 kB/s)
Downloading from central: https://repo.maven.apache.org/maven2/io/swagger/core/v3/swagger-models-jakarta/2.2.15/swagger-models-jakarta-2.2.15.pom
Progress (1): 857 B
                   
Downloaded from central: https://repo.maven.apache.org/maven2/io/swagger/core/v3/swagger-models-jakarta/2.2.15/swagger-models-jakarta-2.2.15.pom (857 B at 9.0 kB/s)
Downloading from central: https://repo.maven.apache.org/maven2/com/fasterxml/jackson/dataformat/jackson-dataformat-yaml/2.15.3/jackson-dataformat-yaml-2.15.3.pom
Progress (1): 973 B
Progress (1): 2.5 kB
Progress (1): 2.6 kB
                    
Downloaded from central: https://repo.maven.apache.org/maven2/com/fasterxml/jackson/dataformat/jackson-dataformat-yaml/2.15.3/jackson-dataformat-yaml-2.15.3.pom (2.6 kB at 25 kB/s)
Downloading from central: https://repo.maven.apache.org/maven2/com/fasterxml/jackson/dataformat/jackson-dataformats-text/2.15.3/jackson-dataformats-text-2.15.3.pom
Progress (1): 1.2 kB
Progress (1): 3.0 kB
Progress (1): 3.5 kB
                    
Downloaded from central: https://repo.maven.apache.org/maven2/com/fasterxml/jackson/dataformat/jackson-dataformats-text/2.15.3/jackson-dataformats-text-2.15.3.pom (3.5 kB at 41 kB/s)
Downloading from central: https://repo.maven.apache.org/maven2/org/webjars/swagger-ui/5.2.0/swagger-ui-5.2.0.pom
Progress (1): 1.1 kB
Progress (1): 3.8 kB
Progress (1): 6.2 kB
                    
Downloaded from central: https://repo.maven.apache.org/maven2/org/webjars/swagger-ui/5.2.0/swagger-ui-5.2.0.pom (6.2 kB at 21 kB/s)
Downloading from central: https://repo.maven.apache.org/maven2/org/springframework/boot/spring-boot-starter-thymeleaf/3.1.5/spring-boot-starter-thymeleaf-3.1.5.jar
Downloading from central: https://repo.maven.apache.org/maven2/org/thymeleaf/thymeleaf-spring6/3.1.2.RELEASE/thymeleaf-spring6-3.1.2.RELEASE.jar
Downloading from central: https://repo.maven.apache.org/maven2/org/thymeleaf/thymeleaf/3.1.2.RELEASE/thymeleaf-3.1.2.RELEASE.jar
Downloading from central: https://repo.maven.apache.org/maven2/org/attoparser/attoparser/2.0.7.RELEASE/attoparser-2.0.7.RELEASE.jar
Downloading from central: https://repo.maven.apache.org/maven2/org/unbescape/unbescape/1.1.6.RELEASE/unbescape-1.1.6.RELEASE.jar
Progress (1): 7.7/246 kB
Progress (1): 12/246 kB 
Progress (1): 29/246 kB
Progress (1): 45/246 kB
Progress (1): 61/246 kB
Progress (1): 78/246 kB
Progress (1): 94/246 kB
Progress (1): 111/246 kB
Progress (1): 127/246 kB
Progress (1): 143/246 kB
Progress (1): 160/246 kB
Progress (1): 176/246 kB
Progress (1): 193/246 kB
Progress (1): 209/246 kB
Progress (1): 225/246 kB
Progress (1): 242/246 kB
Progress (1): 246 kB    
Progress (2): 246 kB | 0.9/174 kB
Progress (2): 246 kB | 2.3/174 kB
Progress (2): 246 kB | 3.6/174 kB
Progress (2): 246 kB | 5.0/174 kB
Progress (2): 246 kB | 6.4/174 kB
Progress (2): 246 kB | 7.7/174 kB
Progress (2): 246 kB | 9.1/174 kB
Progress (2): 246 kB | 10/174 kB 
Progress (2): 246 kB | 12/174 kB
Progress (2): 246 kB | 12/174 kB
Progress (2): 246 kB | 14/174 kB
Progress (3): 246 kB | 14/174 kB | 0.9/938 kB
Progress (3): 246 kB | 14/174 kB | 2.3/938 kB
Progress (3): 246 kB | 14/174 kB | 3.6/938 kB
Progress (3): 246 kB | 14/174 kB | 5.0/938 kB
Progress (3): 246 kB | 14/174 kB | 6.4/938 kB
Progress (3): 246 kB | 14/174 kB | 7.4/938 kB
Progress (3): 246 kB | 14/174 kB | 8.8/938 kB
Progress (3): 246 kB | 14/174 kB | 10/938 kB 
Progress (3): 246 kB | 14/174 kB | 12/938 kB
Progress (3): 246 kB | 14/174 kB | 13/938 kB
Progress (3): 246 kB | 14/174 kB | 14/938 kB
Progress (3): 246 kB | 15/174 kB | 14/938 kB
Progress (3): 246 kB | 16/174 kB | 14/938 kB
Progress (3): 246 kB | 18/174 kB | 14/938 kB
Progress (3): 246 kB | 19/174 kB | 14/938 kB
Progress (3): 246 kB | 21/174 kB | 14/938 kB
Progress (3): 246 kB | 22/174 kB | 14/938 kB
Progress (3): 246 kB | 23/174 kB | 14/938 kB
Progress (3): 246 kB | 25/174 kB | 14/938 kB
Progress (3): 246 kB | 25/174 kB | 16/938 kB
Progress (3): 246 kB | 25/174 kB | 17/938 kB
                                            
Downloaded from central: https://repo.maven.apache.org/maven2/org/attoparser/attoparser/2.0.7.RELEASE/attoparser-2.0.7.RELEASE.jar (246 kB at 1.0 MB/s)
Downloading from central: https://repo.maven.apache.org/maven2/org/springdoc/springdoc-openapi-starter-webmvc-ui/2.2.0/springdoc-openapi-starter-webmvc-ui-2.2.0.jar
Progress (2): 26/174 kB | 17/938 kB
Progress (2): 26/174 kB | 18/938 kB
Progress (2): 26/174 kB | 20/938 kB
Progress (2): 26/174 kB | 21/938 kB
Progress (2): 26/174 kB | 23/938 kB
Progress (2): 26/174 kB | 24/938 kB
Progress (2): 27/174 kB | 24/938 kB
Progress (2): 27/174 kB | 25/938 kB
Progress (2): 29/174 kB | 25/938 kB
Progress (2): 30/174 kB | 25/938 kB
Progress (2): 31/174 kB | 25/938 kB
Progress (2): 33/174 kB | 25/938 kB
Progress (3): 33/174 kB | 25/938 kB | 0.9/4.8 kB
Progress (3): 33/174 kB | 25/938 kB | 2.3/4.8 kB
Progress (3): 33/174 kB | 25/938 kB | 3.6/4.8 kB
Progress (3): 33/174 kB | 25/938 kB | 4.8 kB    
Progress (3): 33/174 kB | 27/938 kB | 4.8 kB
Progress (3): 34/174 kB | 27/938 kB | 4.8 kB
Progress (3): 34/174 kB | 28/938 kB | 4.8 kB
Progress (3): 36/174 kB | 28/938 kB | 4.8 kB
Progress (3): 36/174 kB | 29/938 kB | 4.8 kB
Progress (3): 36/174 kB | 31/938 kB | 4.8 kB
Progress (3): 36/174 kB | 32/938 kB | 4.8 kB
Progress (3): 36/174 kB | 33/938 kB | 4.8 kB
Progress (3): 36/174 kB | 35/938 kB | 4.8 kB
Progress (3): 36/174 kB | 36/938 kB | 4.8 kB
Progress (3): 37/174 kB | 36/938 kB | 4.8 kB
Progress (3): 38/174 kB | 36/938 kB | 4.8 kB
Progress (3): 40/174 kB | 36/938 kB | 4.8 kB
Progress (3): 41/174 kB | 36/938 kB | 4.8 kB
Progress (3): 41/174 kB | 38/938 kB | 4.8 kB
Progress (3): 42/174 kB | 38/938 kB | 4.8 kB
Progress (3): 44/174 kB | 38/938 kB | 4.8 kB
Progress (3): 45/174 kB | 38/938 kB | 4.8 kB
Progress (3): 47/174 kB | 38/938 kB | 4.8 kB
Progress (3): 48/174 kB | 38/938 kB | 4.8 kB
Progress (3): 48/174 kB | 39/938 kB | 4.8 kB
Progress (3): 48/174 kB | 40/938 kB | 4.8 kB
Progress (3): 49/174 kB | 40/938 kB | 4.8 kB
Progress (3): 49/174 kB | 42/938 kB | 4.8 kB
Progress (3): 51/174 kB | 42/938 kB | 4.8 kB
Progress (3): 51/174 kB | 43/938 kB | 4.8 kB
Progress (3): 52/174 kB | 43/938 kB | 4.8 kB
Progress (3): 52/174 kB | 44/938 kB | 4.8 kB
Progress (3): 53/174 kB | 44/938 kB | 4.8 kB
Progress (3): 53/174 kB | 46/938 kB | 4.8 kB
Progress (3): 55/174 kB | 46/938 kB | 4.8 kB
Progress (3): 55/174 kB | 47/938 kB | 4.8 kB
Progress (3): 55/174 kB | 49/938 kB | 4.8 kB
Progress (3): 59/174 kB | 49/938 kB | 4.8 kB
Progress (3): 59/174 kB | 50/938 kB | 4.8 kB
Progress (3): 59/174 kB | 51/938 kB | 4.8 kB
Progress (3): 59/174 kB | 53/938 kB | 4.8 kB
Progress (3): 59/174 kB | 54/938 kB | 4.8 kB
Progress (3): 59/174 kB | 55/938 kB | 4.8 kB
Progress (3): 59/174 kB | 60/938 kB | 4.8 kB
                                            
Downloaded from central: https://repo.maven.apache.org/maven2/org/springframework/boot/spring-boot-starter-thymeleaf/3.1.5/spring-boot-starter-thymeleaf-3.1.5.jar (4.8 kB at 16 kB/s)
Downloading from central: https://repo.maven.apache.org/maven2/org/springdoc/springdoc-openapi-starter-webmvc-api/2.2.0/springdoc-openapi-starter-webmvc-api-2.2.0.jar
Progress (2): 59/174 kB | 64/938 kB
Progress (2): 63/174 kB | 64/938 kB
Progress (2): 67/174 kB | 64/938 kB
Progress (2): 67/174 kB | 68/938 kB
Progress (2): 67/174 kB | 72/938 kB
Progress (2): 67/174 kB | 77/938 kB
Progress (2): 72/174 kB | 77/938 kB
Progress (2): 76/174 kB | 77/938 kB
Progress (2): 76/174 kB | 81/938 kB
Progress (2): 80/174 kB | 81/938 kB
Progress (2): 80/174 kB | 85/938 kB
Progress (2): 80/174 kB | 89/938 kB
Progress (2): 80/174 kB | 93/938 kB
Progress (2): 80/174 kB | 98/938 kB
Progress (2): 84/174 kB | 98/938 kB
Progress (2): 89/174 kB | 98/938 kB
Progress (2): 93/174 kB | 98/938 kB
Progress (2): 97/174 kB | 98/938 kB
Progress (2): 97/174 kB | 102/938 kB
Progress (2): 101/174 kB | 102/938 kB
Progress (2): 101/174 kB | 106/938 kB
Progress (3): 101/174 kB | 106/938 kB | 7.7/23 kB
Progress (3): 101/174 kB | 106/938 kB | 16/23 kB 
Progress (3): 105/174 kB | 106/938 kB | 16/23 kB
Progress (3): 110/174 kB | 106/938 kB | 16/23 kB
Progress (3): 110/174 kB | 110/938 kB | 16/23 kB
Progress (3): 110/174 kB | 110/938 kB | 23 kB   
Progress (3): 110/174 kB | 115/938 kB | 23 kB
Progress (3): 114/174 kB | 115/938 kB | 23 kB
Progress (4): 114/174 kB | 115/938 kB | 23 kB | 0.9/42 kB
Progress (4): 114/174 kB | 115/938 kB | 23 kB | 2.3/42 kB
Progress (4): 114/174 kB | 115/938 kB | 23 kB | 3.6/42 kB
Progress (4): 114/174 kB | 119/938 kB | 23 kB | 3.6/42 kB
Progress (4): 114/174 kB | 119/938 kB | 23 kB | 5.0/42 kB
Progress (4): 114/174 kB | 119/938 kB | 23 kB | 6.4/42 kB
Progress (4): 114/174 kB | 119/938 kB | 23 kB | 7.7/42 kB
Progress (4): 114/174 kB | 119/938 kB | 23 kB | 9.1/42 kB
Progress (4): 114/174 kB | 119/938 kB | 23 kB | 10/42 kB 
Progress (4): 114/174 kB | 119/938 kB | 23 kB | 12/42 kB
Progress (4): 114/174 kB | 119/938 kB | 23 kB | 13/42 kB
Progress (4): 114/174 kB | 119/938 kB | 23 kB | 15/42 kB
Progress (4): 114/174 kB | 119/938 kB | 23 kB | 16/42 kB
Progress (4): 114/174 kB | 119/938 kB | 23 kB | 17/42 kB
Progress (4): 114/174 kB | 119/938 kB | 23 kB | 18/42 kB
Progress (4): 114/174 kB | 119/938 kB | 23 kB | 20/42 kB
Progress (4): 114/174 kB | 119/938 kB | 23 kB | 21/42 kB
Progress (4): 114/174 kB | 119/938 kB | 23 kB | 23/42 kB
Progress (4): 114/174 kB | 119/938 kB | 23 kB | 24/42 kB
Progress (4): 114/174 kB | 119/938 kB | 23 kB | 25/42 kB
Progress (4): 114/174 kB | 119/938 kB | 23 kB | 27/42 kB
Progress (4): 114/174 kB | 119/938 kB | 23 kB | 28/42 kB
Progress (4): 114/174 kB | 119/938 kB | 23 kB | 29/42 kB
Progress (4): 114/174 kB | 119/938 kB | 23 kB | 31/42 kB
Progress (4): 114/174 kB | 119/938 kB | 23 kB | 32/42 kB
Progress (4): 114/174 kB | 119/938 kB | 23 kB | 33/42 kB
Progress (4): 114/174 kB | 123/938 kB | 23 kB | 33/42 kB
Progress (4): 114/174 kB | 123/938 kB | 23 kB | 35/42 kB
Progress (4): 114/174 kB | 123/938 kB | 23 kB | 36/42 kB
Progress (4): 114/174 kB | 123/938 kB | 23 kB | 38/42 kB
Progress (4): 114/174 kB | 123/938 kB | 23 kB | 39/42 kB
Progress (4): 114/174 kB | 123/938 kB | 23 kB | 40/42 kB
Progress (4): 114/174 kB | 123/938 kB | 23 kB | 42/42 kB
Progress (4): 114/174 kB | 123/938 kB | 23 kB | 42 kB   
Progress (4): 114/174 kB | 127/938 kB | 23 kB | 42 kB
Progress (4): 118/174 kB | 127/938 kB | 23 kB | 42 kB
Progress (5): 118/174 kB | 127/938 kB | 23 kB | 42 kB | 0.9/189 kB
Progress (5): 118/174 kB | 127/938 kB | 23 kB | 42 kB | 2.3/189 kB
Progress (5): 122/174 kB | 127/938 kB | 23 kB | 42 kB | 2.3/189 kB
Progress (5): 122/174 kB | 127/938 kB | 23 kB | 42 kB | 3.6/189 kB
Progress (5): 122/174 kB | 127/938 kB | 23 kB | 42 kB | 5.0/189 kB
Progress (5): 122/174 kB | 127/938 kB | 23 kB | 42 kB | 6.4/189 kB
Progress (5): 122/174 kB | 127/938 kB | 23 kB | 42 kB | 7.7/189 kB
Progress (5): 122/174 kB | 127/938 kB | 23 kB | 42 kB | 9.1/189 kB
Progress (5): 122/174 kB | 127/938 kB | 23 kB | 42 kB | 10/189 kB 
Progress (5): 122/174 kB | 127/938 kB | 23 kB | 42 kB | 12/189 kB
Progress (5): 122/174 kB | 127/938 kB | 23 kB | 42 kB | 13/189 kB
Progress (5): 122/174 kB | 127/938 kB | 23 kB | 42 kB | 15/189 kB
Progress (5): 122/174 kB | 127/938 kB | 23 kB | 42 kB | 16/189 kB
Progress (5): 122/174 kB | 127/938 kB | 23 kB | 42 kB | 17/189 kB
Progress (5): 122/174 kB | 127/938 kB | 23 kB | 42 kB | 19/189 kB
Progress (5): 122/174 kB | 127/938 kB | 23 kB | 42 kB | 20/189 kB
Progress (5): 122/174 kB | 127/938 kB | 23 kB | 42 kB | 21/189 kB
Progress (5): 122/174 kB | 127/938 kB | 23 kB | 42 kB | 23/189 kB
Progress (5): 122/174 kB | 127/938 kB | 23 kB | 42 kB | 24/189 kB
Progress (5): 122/174 kB | 127/938 kB | 23 kB | 42 kB | 26/189 kB
Progress (5): 122/174 kB | 127/938 kB | 23 kB | 42 kB | 27/189 kB
Progress (5): 122/174 kB | 127/938 kB | 23 kB | 42 kB | 28/189 kB
Progress (5): 122/174 kB | 127/938 kB | 23 kB | 42 kB | 30/189 kB
Progress (5): 122/174 kB | 127/938 kB | 23 kB | 42 kB | 31/189 kB
Progress (5): 122/174 kB | 127/938 kB | 23 kB | 42 kB | 32/189 kB
Progress (5): 122/174 kB | 127/938 kB | 23 kB | 42 kB | 34/189 kB
Progress (5): 122/174 kB | 127/938 kB | 23 kB | 42 kB | 35/189 kB
Progress (5): 122/174 kB | 127/938 kB | 23 kB | 42 kB | 36/189 kB
Progress (5): 122/174 kB | 127/938 kB | 23 kB | 42 kB | 38/189 kB
Progress (5): 122/174 kB | 127/938 kB | 23 kB | 42 kB | 39/189 kB
Progress (5): 122/174 kB | 127/938 kB | 23 kB | 42 kB | 41/189 kB
Progress (5): 122/174 kB | 127/938 kB | 23 kB | 42 kB | 42/189 kB
Progress (5): 122/174 kB | 127/938 kB | 23 kB | 42 kB | 43/189 kB
Progress (5): 122/174 kB | 127/938 kB | 23 kB | 42 kB | 45/189 kB
Progress (5): 122/174 kB | 127/938 kB | 23 kB | 42 kB | 46/189 kB
Progress (5): 122/174 kB | 127/938 kB | 23 kB | 42 kB | 47/189 kB
Progress (5): 122/174 kB | 127/938 kB | 23 kB | 42 kB | 49/189 kB
Progress (5): 122/174 kB | 127/938 kB | 23 kB | 42 kB | 50/189 kB
Progress (5): 122/174 kB | 127/938 kB | 23 kB | 42 kB | 52/189 kB
Progress (5): 122/174 kB | 127/938 kB | 23 kB | 42 kB | 53/189 kB
Progress (5): 122/174 kB | 127/938 kB | 23 kB | 42 kB | 54/189 kB
Progress (5): 122/174 kB | 127/938 kB | 23 kB | 42 kB | 56/189 kB
Progress (5): 122/174 kB | 127/938 kB | 23 kB | 42 kB | 57/189 kB
Progress (5): 122/174 kB | 127/938 kB | 23 kB | 42 kB | 62/189 kB
Progress (5): 127/174 kB | 127/938 kB | 23 kB | 42 kB | 62/189 kB
Progress (5): 127/174 kB | 131/938 kB | 23 kB | 42 kB | 62/189 kB
Progress (5): 131/174 kB | 131/938 kB | 23 kB | 42 kB | 62/189 kB
Progress (5): 131/174 kB | 131/938 kB | 23 kB | 42 kB | 66/189 kB
Progress (5): 131/174 kB | 136/938 kB | 23 kB | 42 kB | 66/189 kB
Progress (5): 131/174 kB | 136/938 kB | 23 kB | 42 kB | 70/189 kB
Progress (5): 131/174 kB | 139/938 kB | 23 kB | 42 kB | 70/189 kB
Progress (5): 135/174 kB | 139/938 kB | 23 kB | 42 kB | 70/189 kB
Progress (5): 135/174 kB | 143/938 kB | 23 kB | 42 kB | 70/189 kB
Progress (5): 135/174 kB | 143/938 kB | 23 kB | 42 kB | 74/189 kB
Progress (5): 139/174 kB | 143/938 kB | 23 kB | 42 kB | 74/189 kB
Progress (5): 139/174 kB | 147/938 kB | 23 kB | 42 kB | 74/189 kB
Progress (5): 143/174 kB | 147/938 kB | 23 kB | 42 kB | 74/189 kB
Progress (5): 143/174 kB | 147/938 kB | 23 kB | 42 kB | 78/189 kB
                                                                 
Downloaded from central: https://repo.maven.apache.org/maven2/org/springdoc/springdoc-openapi-starter-webmvc-ui/2.2.0/springdoc-openapi-starter-webmvc-ui-2.2.0.jar (23 kB at 30 kB/s)
Downloading from central: https://repo.maven.apache.org/maven2/org/springdoc/springdoc-openapi-starter-common/2.2.0/springdoc-openapi-starter-common-2.2.0.jar
Progress (4): 143/174 kB | 147/938 kB | 42 kB | 83/189 kB
Progress (4): 148/174 kB | 147/938 kB | 42 kB | 83/189 kB
Progress (4): 148/174 kB | 151/938 kB | 42 kB | 83/189 kB
Progress (4): 152/174 kB | 151/938 kB | 42 kB | 83/189 kB
Progress (4): 152/174 kB | 151/938 kB | 42 kB | 87/189 kB
Progress (4): 152/174 kB | 151/938 kB | 42 kB | 91/189 kB
Progress (4): 152/174 kB | 155/938 kB | 42 kB | 91/189 kB
Progress (4): 152/174 kB | 160/938 kB | 42 kB | 91/189 kB
Progress (4): 156/174 kB | 160/938 kB | 42 kB | 91/189 kB
Progress (4): 156/174 kB | 164/938 kB | 42 kB | 91/189 kB
Progress (4): 156/174 kB | 164/938 kB | 42 kB | 95/189 kB
Progress (4): 160/174 kB | 164/938 kB | 42 kB | 95/189 kB
Progress (4): 160/174 kB | 168/938 kB | 42 kB | 95/189 kB
Progress (4): 160/174 kB | 168/938 kB | 42 kB | 100/189 kB
Progress (4): 165/174 kB | 168/938 kB | 42 kB | 100/189 kB
Progress (4): 169/174 kB | 168/938 kB | 42 kB | 100/189 kB
Progress (4): 169/174 kB | 168/938 kB | 42 kB | 104/189 kB
Progress (4): 169/174 kB | 172/938 kB | 42 kB | 104/189 kB
Progress (4): 169/174 kB | 172/938 kB | 42 kB | 108/189 kB
Progress (4): 169/174 kB | 177/938 kB | 42 kB | 108/189 kB
Progress (4): 169/174 kB | 181/938 kB | 42 kB | 108/189 kB
Progress (4): 169/174 kB | 185/938 kB | 42 kB | 108/189 kB
Progress (4): 169/174 kB | 185/938 kB | 42 kB | 112/189 kB
Progress (4): 169/174 kB | 185/938 kB | 42 kB | 117/189 kB
Progress (4): 169/174 kB | 189/938 kB | 42 kB | 117/189 kB
Progress (4): 173/174 kB | 189/938 kB | 42 kB | 117/189 kB
Progress (4): 174 kB | 189/938 kB | 42 kB | 117/189 kB    
Progress (4): 174 kB | 189/938 kB | 42 kB | 121/189 kB
Progress (4): 174 kB | 193/938 kB | 42 kB | 121/189 kB
Progress (4): 174 kB | 193/938 kB | 42 kB | 125/189 kB
Progress (4): 174 kB | 198/938 kB | 42 kB | 125/189 kB
Progress (4): 174 kB | 202/938 kB | 42 kB | 125/189 kB
Progress (4): 174 kB | 206/938 kB | 42 kB | 125/189 kB
Progress (4): 174 kB | 210/938 kB | 42 kB | 125/189 kB
Progress (4): 174 kB | 215/938 kB | 42 kB | 125/189 kB
Progress (4): 174 kB | 219/938 kB | 42 kB | 125/189 kB
Progress (4): 174 kB | 219/938 kB | 42 kB | 129/189 kB
Progress (4): 174 kB | 219/938 kB | 42 kB | 133/189 kB
Progress (4): 174 kB | 219/938 kB | 42 kB | 138/189 kB
Progress (4): 174 kB | 223/938 kB | 42 kB | 138/189 kB
                                                      
Downloaded from central: https://repo.maven.apache.org/maven2/org/unbescape/unbescape/1.1.6.RELEASE/unbescape-1.1.6.RELEASE.jar (174 kB at 203 kB/s)
Downloading from central: https://repo.maven.apache.org/maven2/io/swagger/core/v3/swagger-core-jakarta/2.2.15/swagger-core-jakarta-2.2.15.jar
Progress (3): 223/938 kB | 42 kB | 142/189 kB
Progress (3): 223/938 kB | 42 kB | 146/189 kB
Progress (3): 223/938 kB | 42 kB | 150/189 kB
Progress (3): 239/938 kB | 42 kB | 150/189 kB
Progress (3): 239/938 kB | 42 kB | 155/189 kB
Progress (3): 239/938 kB | 42 kB | 159/189 kB
Progress (3): 239/938 kB | 42 kB | 163/189 kB
Progress (3): 256/938 kB | 42 kB | 163/189 kB
Progress (3): 256/938 kB | 42 kB | 167/189 kB
Progress (3): 270/938 kB | 42 kB | 167/189 kB
Progress (3): 270/938 kB | 42 kB | 172/189 kB
Progress (3): 270/938 kB | 42 kB | 176/189 kB
Progress (3): 270/938 kB | 42 kB | 180/189 kB
Progress (3): 270/938 kB | 42 kB | 184/189 kB
Progress (3): 270/938 kB | 42 kB | 188/189 kB
Progress (3): 270/938 kB | 42 kB | 189 kB    
Progress (4): 270/938 kB | 42 kB | 189 kB | 0.9/466 kB
Progress (4): 270/938 kB | 42 kB | 189 kB | 2.3/466 kB
Progress (4): 270/938 kB | 42 kB | 189 kB | 3.6/466 kB
Progress (4): 270/938 kB | 42 kB | 189 kB | 5.0/466 kB
Progress (4): 270/938 kB | 42 kB | 189 kB | 6.4/466 kB
Progress (4): 286/938 kB | 42 kB | 189 kB | 6.4/466 kB
Progress (4): 286/938 kB | 42 kB | 189 kB | 11/466 kB 
Progress (4): 286/938 kB | 42 kB | 189 kB | 15/466 kB
Progress (4): 286/938 kB | 42 kB | 189 kB | 19/466 kB
Progress (4): 286/938 kB | 42 kB | 189 kB | 23/466 kB
Progress (4): 302/938 kB | 42 kB | 189 kB | 23/466 kB
Progress (4): 302/938 kB | 42 kB | 189 kB | 28/466 kB
Progress (4): 302/938 kB | 42 kB | 189 kB | 32/466 kB
Progress (4): 302/938 kB | 42 kB | 189 kB | 36/466 kB
Progress (4): 302/938 kB | 42 kB | 189 kB | 40/466 kB
Progress (4): 319/938 kB | 42 kB | 189 kB | 40/466 kB
                                                     
Downloaded from central: https://repo.maven.apache.org/maven2/org/thymeleaf/thymeleaf-spring6/3.1.2.RELEASE/thymeleaf-spring6-3.1.2.RELEASE.jar (189 kB at 199 kB/s)
Downloading from central: https://repo.maven.apache.org/maven2/io/swagger/core/v3/swagger-annotations-jakarta/2.2.15/swagger-annotations-jakarta-2.2.15.jar
Progress (3): 319/938 kB | 42 kB | 44/466 kB
Progress (3): 319/938 kB | 42 kB | 49/466 kB
Progress (3): 319/938 kB | 42 kB | 53/466 kB
Progress (3): 319/938 kB | 42 kB | 57/466 kB
Progress (3): 319/938 kB | 42 kB | 57/466 kB
Progress (3): 319/938 kB | 42 kB | 62/466 kB
Progress (4): 319/938 kB | 42 kB | 62/466 kB | 3.8/226 kB
Progress (4): 319/938 kB | 42 kB | 62/466 kB | 8.0/226 kB
Progress (4): 319/938 kB | 42 kB | 62/466 kB | 12/226 kB 
Progress (4): 319/938 kB | 42 kB | 62/466 kB | 16/226 kB
Progress (4): 319/938 kB | 42 kB | 62/466 kB | 21/226 kB
Progress (4): 319/938 kB | 42 kB | 62/466 kB | 25/226 kB
Progress (4): 335/938 kB | 42 kB | 62/466 kB | 25/226 kB
Progress (4): 335/938 kB | 42 kB | 62/466 kB | 29/226 kB
Progress (4): 335/938 kB | 42 kB | 62/466 kB | 32/226 kB
Progress (4): 352/938 kB | 42 kB | 62/466 kB | 32/226 kB
Progress (4): 352/938 kB | 42 kB | 62/466 kB | 36/226 kB
Progress (4): 352/938 kB | 42 kB | 62/466 kB | 40/226 kB
Progress (4): 352/938 kB | 42 kB | 62/466 kB | 45/226 kB
Progress (4): 352/938 kB | 42 kB | 62/466 kB | 61/226 kB
Progress (4): 352/938 kB | 42 kB | 62/466 kB | 77/226 kB
Progress (4): 352/938 kB | 42 kB | 62/466 kB | 94/226 kB
Progress (4): 368/938 kB | 42 kB | 62/466 kB | 94/226 kB
Progress (4): 368/938 kB | 42 kB | 66/466 kB | 94/226 kB
Progress (4): 368/938 kB | 42 kB | 70/466 kB | 94/226 kB
Progress (4): 368/938 kB | 42 kB | 74/466 kB | 94/226 kB
Progress (4): 368/938 kB | 42 kB | 78/466 kB | 94/226 kB
Progress (4): 368/938 kB | 42 kB | 83/466 kB | 94/226 kB
Progress (4): 384/938 kB | 42 kB | 83/466 kB | 94/226 kB
Progress (4): 384/938 kB | 42 kB | 87/466 kB | 94/226 kB
Progress (4): 401/938 kB | 42 kB | 87/466 kB | 94/226 kB
Progress (4): 401/938 kB | 42 kB | 91/466 kB | 94/226 kB
Progress (4): 401/938 kB | 42 kB | 95/466 kB | 94/226 kB
Progress (4): 401/938 kB | 42 kB | 100/466 kB | 94/226 kB
Progress (4): 401/938 kB | 42 kB | 104/466 kB | 94/226 kB
Progress (4): 417/938 kB | 42 kB | 104/466 kB | 94/226 kB
Progress (4): 417/938 kB | 42 kB | 108/466 kB | 94/226 kB
Progress (4): 417/938 kB | 42 kB | 112/466 kB | 94/226 kB
Progress (4): 417/938 kB | 42 kB | 117/466 kB | 94/226 kB
Progress (4): 417/938 kB | 42 kB | 121/466 kB | 94/226 kB
Progress (4): 433/938 kB | 42 kB | 121/466 kB | 94/226 kB
                                                         
Downloaded from central: https://repo.maven.apache.org/maven2/org/springdoc/springdoc-openapi-starter-webmvc-api/2.2.0/springdoc-openapi-starter-webmvc-api-2.2.0.jar (42 kB at 41 kB/s)
Downloading from central: https://repo.maven.apache.org/maven2/io/swagger/core/v3/swagger-models-jakarta/2.2.15/swagger-models-jakarta-2.2.15.jar
Progress (3): 433/938 kB | 125/466 kB | 94/226 kB
Progress (3): 433/938 kB | 129/466 kB | 94/226 kB
Progress (3): 433/938 kB | 133/466 kB | 94/226 kB
Progress (3): 433/938 kB | 138/466 kB | 94/226 kB
Progress (3): 433/938 kB | 142/466 kB | 94/226 kB
Progress (3): 450/938 kB | 142/466 kB | 94/226 kB
Progress (3): 450/938 kB | 146/466 kB | 94/226 kB
Progress (3): 450/938 kB | 146/466 kB | 110/226 kB
Progress (3): 450/938 kB | 150/466 kB | 110/226 kB
Progress (3): 466/938 kB | 150/466 kB | 110/226 kB
Progress (3): 466/938 kB | 150/466 kB | 127/226 kB
Progress (3): 466/938 kB | 155/466 kB | 127/226 kB
Progress (3): 466/938 kB | 159/466 kB | 127/226 kB
Progress (3): 466/938 kB | 163/466 kB | 127/226 kB
Progress (3): 466/938 kB | 167/466 kB | 127/226 kB
Progress (3): 483/938 kB | 167/466 kB | 127/226 kB
Progress (3): 483/938 kB | 167/466 kB | 143/226 kB
Progress (4): 483/938 kB | 167/466 kB | 143/226 kB | 3.8/49 kB
Progress (4): 483/938 kB | 167/466 kB | 143/226 kB | 8.0/49 kB
Progress (4): 483/938 kB | 167/466 kB | 143/226 kB | 12/49 kB 
Progress (4): 483/938 kB | 167/466 kB | 143/226 kB | 16/49 kB
Progress (4): 483/938 kB | 167/466 kB | 143/226 kB | 21/49 kB
Progress (4): 483/938 kB | 167/466 kB | 143/226 kB | 25/49 kB
Progress (4): 483/938 kB | 167/466 kB | 143/226 kB | 29/49 kB
Progress (4): 483/938 kB | 167/466 kB | 143/226 kB | 32/49 kB
Progress (4): 483/938 kB | 167/466 kB | 143/226 kB | 48/49 kB
Progress (4): 483/938 kB | 167/466 kB | 143/226 kB | 49 kB   
Progress (4): 483/938 kB | 167/466 kB | 159/226 kB | 49 kB
Progress (4): 483/938 kB | 167/466 kB | 163/226 kB | 49 kB
Progress (4): 483/938 kB | 172/466 kB | 163/226 kB | 49 kB
Progress (4): 499/938 kB | 172/466 kB | 163/226 kB | 49 kB
Progress (4): 499/938 kB | 172/466 kB | 179/226 kB | 49 kB
Progress (4): 499/938 kB | 188/466 kB | 179/226 kB | 49 kB
Progress (4): 515/938 kB | 188/466 kB | 179/226 kB | 49 kB
Progress (4): 515/938 kB | 188/466 kB | 179/226 kB | 49 kB
Progress (4): 532/938 kB | 188/466 kB | 179/226 kB | 49 kB
Progress (4): 532/938 kB | 188/466 kB | 196/226 kB | 49 kB
Progress (4): 532/938 kB | 188/466 kB | 212/226 kB | 49 kB
Progress (4): 532/938 kB | 205/466 kB | 212/226 kB | 49 kB
Progress (4): 548/938 kB | 205/466 kB | 212/226 kB | 49 kB
Progress (4): 548/938 kB | 221/466 kB | 212/226 kB | 49 kB
Progress (5): 548/938 kB | 221/466 kB | 212/226 kB | 49 kB | 7.7/135 kB
Progress (5): 548/938 kB | 221/466 kB | 212/226 kB | 49 kB | 16/135 kB 
Progress (5): 565/938 kB | 221/466 kB | 212/226 kB | 49 kB | 16/135 kB
Progress (5): 565/938 kB | 221/466 kB | 226 kB | 49 kB | 16/135 kB    
Progress (5): 565/938 kB | 221/466 kB | 226 kB | 49 kB | 32/135 kB
Progress (5): 581/938 kB | 221/466 kB | 226 kB | 49 kB | 32/135 kB
Progress (5): 581/938 kB | 238/466 kB | 226 kB | 49 kB | 32/135 kB
Progress (5): 581/938 kB | 238/466 kB | 226 kB | 49 kB | 49/135 kB
Progress (5): 581/938 kB | 238/466 kB | 226 kB | 49 kB | 57/135 kB
Progress (5): 597/938 kB | 238/466 kB | 226 kB | 49 kB | 57/135 kB
Progress (5): 597/938 kB | 238/466 kB | 226 kB | 49 kB | 73/135 kB
Progress (5): 597/938 kB | 254/466 kB | 226 kB | 49 kB | 73/135 kB
Progress (5): 597/938 kB | 254/466 kB | 226 kB | 49 kB | 90/135 kB
Progress (5): 614/938 kB | 254/466 kB | 226 kB | 49 kB | 90/135 kB
Progress (5): 614/938 kB | 254/466 kB | 226 kB | 49 kB | 106/135 kB
Progress (5): 614/938 kB | 254/466 kB | 226 kB | 49 kB | 122/135 kB
Progress (5): 614/938 kB | 270/466 kB | 226 kB | 49 kB | 122/135 kB
Progress (5): 630/938 kB | 270/466 kB | 226 kB | 49 kB | 122/135 kB
Progress (5): 630/938 kB | 270/466 kB | 226 kB | 49 kB | 135 kB    
                                                               
Downloaded from central: https://repo.maven.apache.org/maven2/io/swagger/core/v3/swagger-core-jakarta/2.2.15/swagger-core-jakarta-2.2.15.jar (226 kB at 173 kB/s)
Downloading from central: https://repo.maven.apache.org/maven2/com/fasterxml/jackson/dataformat/jackson-dataformat-yaml/2.15.3/jackson-dataformat-yaml-2.15.3.jar
Progress (4): 630/938 kB | 287/466 kB | 49 kB | 135 kB
Progress (4): 646/938 kB | 287/466 kB | 49 kB | 135 kB
Progress (4): 663/938 kB | 287/466 kB | 49 kB | 135 kB
Progress (4): 679/938 kB | 287/466 kB | 49 kB | 135 kB
Progress (4): 696/938 kB | 287/466 kB | 49 kB | 135 kB
Progress (4): 696/938 kB | 303/466 kB | 49 kB | 135 kB
Progress (4): 712/938 kB | 303/466 kB | 49 kB | 135 kB
Progress (4): 720/938 kB | 303/466 kB | 49 kB | 135 kB
Progress (4): 720/938 kB | 319/466 kB | 49 kB | 135 kB
Progress (4): 720/938 kB | 336/466 kB | 49 kB | 135 kB
                                                      
Downloaded from central: https://repo.maven.apache.org/maven2/io/swagger/core/v3/swagger-models-jakarta/2.2.15/swagger-models-jakarta-2.2.15.jar (135 kB at 99 kB/s)
Downloading from central: https://repo.maven.apache.org/maven2/org/webjars/swagger-ui/5.2.0/swagger-ui-5.2.0.jar
Progress (3): 720/938 kB | 352/466 kB | 49 kB
Progress (3): 736/938 kB | 352/466 kB | 49 kB
Progress (3): 736/938 kB | 369/466 kB | 49 kB
Progress (3): 752/938 kB | 369/466 kB | 49 kB
Progress (3): 769/938 kB | 369/466 kB | 49 kB
Progress (3): 785/938 kB | 369/466 kB | 49 kB
Progress (3): 785/938 kB | 385/466 kB | 49 kB
Progress (3): 802/938 kB | 385/466 kB | 49 kB
Progress (3): 818/938 kB | 385/466 kB | 49 kB
Progress (3): 818/938 kB | 401/466 kB | 49 kB
Progress (3): 818/938 kB | 418/466 kB | 49 kB
Progress (3): 834/938 kB | 418/466 kB | 49 kB
Progress (3): 851/938 kB | 418/466 kB | 49 kB
Progress (3): 867/938 kB | 418/466 kB | 49 kB
Progress (3): 867/938 kB | 434/466 kB | 49 kB
Progress (4): 867/938 kB | 434/466 kB | 49 kB | 7.7/55 kB
Progress (4): 867/938 kB | 434/466 kB | 49 kB | 16/55 kB 
Progress (4): 867/938 kB | 451/466 kB | 49 kB | 16/55 kB
Progress (4): 867/938 kB | 451/466 kB | 49 kB | 32/55 kB
Progress (4): 867/938 kB | 451/466 kB | 49 kB | 48/55 kB
Progress (4): 867/938 kB | 451/466 kB | 49 kB | 55 kB   
Progress (4): 867/938 kB | 466 kB | 49 kB | 55 kB    
Progress (4): 883/938 kB | 466 kB | 49 kB | 55 kB
Progress (4): 900/938 kB | 466 kB | 49 kB | 55 kB
Progress (5): 900/938 kB | 466 kB | 49 kB | 55 kB | 0/4.3 MB
Progress (5): 900/938 kB | 466 kB | 49 kB | 55 kB | 0/4.3 MB
Progress (5): 900/938 kB | 466 kB | 49 kB | 55 kB | 0/4.3 MB
Progress (5): 900/938 kB | 466 kB | 49 kB | 55 kB | 0/4.3 MB
Progress (5): 900/938 kB | 466 kB | 49 kB | 55 kB | 0.1/4.3 MB
Progress (5): 900/938 kB | 466 kB | 49 kB | 55 kB | 0.1/4.3 MB
Progress (5): 916/938 kB | 466 kB | 49 kB | 55 kB | 0.1/4.3 MB
Progress (5): 916/938 kB | 466 kB | 49 kB | 55 kB | 0.1/4.3 MB
Progress (5): 933/938 kB | 466 kB | 49 kB | 55 kB | 0.1/4.3 MB
Progress (5): 938 kB | 466 kB | 49 kB | 55 kB | 0.1/4.3 MB    
                                                          
Downloaded from central: https://repo.maven.apache.org/maven2/com/fasterxml/jackson/dataformat/jackson-dataformat-yaml/2.15.3/jackson-dataformat-yaml-2.15.3.jar (55 kB at 36 kB/s)
Progress (4): 938 kB | 466 kB | 49 kB | 0.1/4.3 MB
Progress (4): 938 kB | 466 kB | 49 kB | 0.1/4.3 MB
Progress (4): 938 kB | 466 kB | 49 kB | 0.1/4.3 MB
Progress (4): 938 kB | 466 kB | 49 kB | 0.2/4.3 MB
Progress (4): 938 kB | 466 kB | 49 kB | 0.2/4.3 MB
Progress (4): 938 kB | 466 kB | 49 kB | 0.2/4.3 MB
Progress (4): 938 kB | 466 kB | 49 kB | 0.2/4.3 MB
Progress (4): 938 kB | 466 kB | 49 kB | 0.2/4.3 MB
                                                  
Downloaded from central: https://repo.maven.apache.org/maven2/org/springdoc/springdoc-openapi-starter-common/2.2.0/springdoc-openapi-starter-common-2.2.0.jar (466 kB at 292 kB/s)
Downloaded from central: https://repo.maven.apache.org/maven2/org/thymeleaf/thymeleaf/3.1.2.RELEASE/thymeleaf-3.1.2.RELEASE.jar (938 kB at 581 kB/s)
Progress (2): 49 kB | 0.2/4.3 MB
Progress (2): 49 kB | 0.3/4.3 MB
Progress (2): 49 kB | 0.3/4.3 MB
Progress (2): 49 kB | 0.3/4.3 MB
Progress (2): 49 kB | 0.3/4.3 MB
Progress (2): 49 kB | 0.3/4.3 MB
Progress (2): 49 kB | 0.3/4.3 MB
Progress (2): 49 kB | 0.4/4.3 MB
Progress (2): 49 kB | 0.4/4.3 MB
Progress (2): 49 kB | 0.4/4.3 MB
Progress (2): 49 kB | 0.4/4.3 MB
Progress (2): 49 kB | 0.4/4.3 MB
Progress (2): 49 kB | 0.4/4.3 MB
Progress (2): 49 kB | 0.5/4.3 MB
Progress (2): 49 kB | 0.5/4.3 MB
Progress (2): 49 kB | 0.5/4.3 MB
Progress (2): 49 kB | 0.5/4.3 MB
Progress (2): 49 kB | 0.5/4.3 MB
Progress (2): 49 kB | 0.5/4.3 MB
Progress (2): 49 kB | 0.6/4.3 MB
Progress (2): 49 kB | 0.6/4.3 MB
Progress (2): 49 kB | 0.6/4.3 MB
Progress (2): 49 kB | 0.6/4.3 MB
Progress (2): 49 kB | 0.6/4.3 MB
Progress (2): 49 kB | 0.6/4.3 MB
Progress (2): 49 kB | 0.7/4.3 MB
Progress (2): 49 kB | 0.7/4.3 MB
Progress (2): 49 kB | 0.7/4.3 MB
Progress (2): 49 kB | 0.7/4.3 MB
Progress (2): 49 kB | 0.7/4.3 MB
Progress (2): 49 kB | 0.7/4.3 MB
Progress (2): 49 kB | 0.8/4.3 MB
Progress (2): 49 kB | 0.8/4.3 MB
Progress (2): 49 kB | 0.8/4.3 MB
Progress (2): 49 kB | 0.8/4.3 MB
Progress (2): 49 kB | 0.8/4.3 MB
Progress (2): 49 kB | 0.8/4.3 MB
Progress (2): 49 kB | 0.9/4.3 MB
Progress (2): 49 kB | 0.9/4.3 MB
Progress (2): 49 kB | 0.9/4.3 MB
Progress (2): 49 kB | 0.9/4.3 MB
Progress (2): 49 kB | 0.9/4.3 MB
Progress (2): 49 kB | 0.9/4.3 MB
Progress (2): 49 kB | 0.9/4.3 MB
Progress (2): 49 kB | 1.0/4.3 MB
Progress (2): 49 kB | 1.0/4.3 MB
Progress (2): 49 kB | 1.0/4.3 MB
Progress (2): 49 kB | 1.0/4.3 MB
Progress (2): 49 kB | 1.0/4.3 MB
Progress (2): 49 kB | 1.0/4.3 MB
Progress (2): 49 kB | 1.1/4.3 MB
Progress (2): 49 kB | 1.1/4.3 MB
Progress (2): 49 kB | 1.1/4.3 MB
Progress (2): 49 kB | 1.1/4.3 MB
Progress (2): 49 kB | 1.1/4.3 MB
Progress (2): 49 kB | 1.1/4.3 MB
Progress (2): 49 kB | 1.2/4.3 MB
Progress (2): 49 kB | 1.2/4.3 MB
Progress (2): 49 kB | 1.2/4.3 MB
Progress (2): 49 kB | 1.2/4.3 MB
Progress (2): 49 kB | 1.2/4.3 MB
Progress (2): 49 kB | 1.2/4.3 MB
Progress (2): 49 kB | 1.3/4.3 MB
Progress (2): 49 kB | 1.3/4.3 MB
Progress (2): 49 kB | 1.3/4.3 MB
Progress (2): 49 kB | 1.3/4.3 MB
Progress (2): 49 kB | 1.3/4.3 MB
Progress (2): 49 kB | 1.3/4.3 MB
Progress (2): 49 kB | 1.4/4.3 MB
Progress (2): 49 kB | 1.4/4.3 MB
Progress (2): 49 kB | 1.4/4.3 MB
Progress (2): 49 kB | 1.4/4.3 MB
Progress (2): 49 kB | 1.4/4.3 MB
Progress (2): 49 kB | 1.4/4.3 MB
Progress (2): 49 kB | 1.5/4.3 MB
Progress (2): 49 kB | 1.5/4.3 MB
Progress (2): 49 kB | 1.5/4.3 MB
Progress (2): 49 kB | 1.5/4.3 MB
Progress (2): 49 kB | 1.5/4.3 MB
Progress (2): 49 kB | 1.5/4.3 MB
Progress (2): 49 kB | 1.6/4.3 MB
Progress (2): 49 kB | 1.6/4.3 MB
Progress (2): 49 kB | 1.6/4.3 MB
Progress (2): 49 kB | 1.6/4.3 MB
Progress (2): 49 kB | 1.6/4.3 MB
Progress (2): 49 kB | 1.6/4.3 MB
Progress (2): 49 kB | 1.7/4.3 MB
Progress (2): 49 kB | 1.7/4.3 MB
Progress (2): 49 kB | 1.7/4.3 MB
Progress (2): 49 kB | 1.7/4.3 MB
Progress (2): 49 kB | 1.7/4.3 MB
Progress (2): 49 kB | 1.7/4.3 MB
Progress (2): 49 kB | 1.8/4.3 MB
Progress (2): 49 kB | 1.8/4.3 MB
Progress (2): 49 kB | 1.8/4.3 MB
Progress (2): 49 kB | 1.8/4.3 MB
Progress (2): 49 kB | 1.8/4.3 MB
Progress (2): 49 kB | 1.8/4.3 MB
Progress (2): 49 kB | 1.9/4.3 MB
Progress (2): 49 kB | 1.9/4.3 MB
Progress (2): 49 kB | 1.9/4.3 MB
Progress (2): 49 kB | 1.9/4.3 MB
Progress (2): 49 kB | 1.9/4.3 MB
Progress (2): 49 kB | 1.9/4.3 MB
Progress (2): 49 kB | 1.9/4.3 MB
Progress (2): 49 kB | 2.0/4.3 MB
Progress (2): 49 kB | 2.0/4.3 MB
Progress (2): 49 kB | 2.0/4.3 MB
Progress (2): 49 kB | 2.0/4.3 MB
Progress (2): 49 kB | 2.0/4.3 MB
Progress (2): 49 kB | 2.0/4.3 MB
Progress (2): 49 kB | 2.1/4.3 MB
Progress (2): 49 kB | 2.1/4.3 MB
Progress (2): 49 kB | 2.1/4.3 MB
Progress (2): 49 kB | 2.1/4.3 MB
Progress (2): 49 kB | 2.1/4.3 MB
Progress (2): 49 kB | 2.1/4.3 MB
Progress (2): 49 kB | 2.2/4.3 MB
                                
Downloaded from central: https://repo.maven.apache.org/maven2/io/swagger/core/v3/swagger-annotations-jakarta/2.2.15/swagger-annotations-jakarta-2.2.15.jar (49 kB at 18 kB/s)
Progress (1): 2.2/4.3 MB
Progress (1): 2.2/4.3 MB
Progress (1): 2.2/4.3 MB
Progress (1): 2.2/4.3 MB
Progress (1): 2.2/4.3 MB
Progress (1): 2.3/4.3 MB
Progress (1): 2.3/4.3 MB
Progress (1): 2.3/4.3 MB
Progress (1): 2.3/4.3 MB
Progress (1): 2.3/4.3 MB
Progress (1): 2.3/4.3 MB
Progress (1): 2.4/4.3 MB
Progress (1): 2.4/4.3 MB
Progress (1): 2.4/4.3 MB
Progress (1): 2.4/4.3 MB
Progress (1): 2.4/4.3 MB
Progress (1): 2.4/4.3 MB
Progress (1): 2.5/4.3 MB
Progress (1): 2.5/4.3 MB
Progress (1): 2.5/4.3 MB
Progress (1): 2.5/4.3 MB
Progress (1): 2.5/4.3 MB
Progress (1): 2.5/4.3 MB
Progress (1): 2.6/4.3 MB
Progress (1): 2.6/4.3 MB
Progress (1): 2.6/4.3 MB
Progress (1): 2.6/4.3 MB
Progress (1): 2.6/4.3 MB
Progress (1): 2.6/4.3 MB
Progress (1): 2.7/4.3 MB
Progress (1): 2.7/4.3 MB
Progress (1): 2.7/4.3 MB
Progress (1): 2.7/4.3 MB
Progress (1): 2.7/4.3 MB
Progress (1): 2.7/4.3 MB
Progress (1): 2.8/4.3 MB
Progress (1): 2.8/4.3 MB
Progress (1): 2.8/4.3 MB
Progress (1): 2.8/4.3 MB
Progress (1): 2.8/4.3 MB
Progress (1): 2.8/4.3 MB
Progress (1): 2.9/4.3 MB
Progress (1): 2.9/4.3 MB
Progress (1): 2.9/4.3 MB
Progress (1): 2.9/4.3 MB
Progress (1): 2.9/4.3 MB
Progress (1): 2.9/4.3 MB
Progress (1): 2.9/4.3 MB
Progress (1): 3.0/4.3 MB
Progress (1): 3.0/4.3 MB
Progress (1): 3.0/4.3 MB
Progress (1): 3.0/4.3 MB
Progress (1): 3.0/4.3 MB
Progress (1): 3.0/4.3 MB
Progress (1): 3.1/4.3 MB
Progress (1): 3.1/4.3 MB
Progress (1): 3.1/4.3 MB
Progress (1): 3.1/4.3 MB
Progress (1): 3.1/4.3 MB
Progress (1): 3.1/4.3 MB
Progress (1): 3.2/4.3 MB
Progress (1): 3.2/4.3 MB
Progress (1): 3.2/4.3 MB
Progress (1): 3.2/4.3 MB
Progress (1): 3.2/4.3 MB
Progress (1): 3.2/4.3 MB
Progress (1): 3.3/4.3 MB
Progress (1): 3.3/4.3 MB
Progress (1): 3.3/4.3 MB
Progress (1): 3.3/4.3 MB
Progress (1): 3.3/4.3 MB
Progress (1): 3.3/4.3 MB
Progress (1): 3.4/4.3 MB
Progress (1): 3.4/4.3 MB
Progress (1): 3.4/4.3 MB
Progress (1): 3.4/4.3 MB
Progress (1): 3.4/4.3 MB
Progress (1): 3.4/4.3 MB
Progress (1): 3.5/4.3 MB
Progress (1): 3.5/4.3 MB
Progress (1): 3.5/4.3 MB
Progress (1): 3.5/4.3 MB
Progress (1): 3.5/4.3 MB
Progress (1): 3.5/4.3 MB
Progress (1): 3.6/4.3 MB
Progress (1): 3.6/4.3 MB
Progress (1): 3.6/4.3 MB
Progress (1): 3.6/4.3 MB
Progress (1): 3.6/4.3 MB
Progress (1): 3.6/4.3 MB
Progress (1): 3.7/4.3 MB
Progress (1): 3.7/4.3 MB
Progress (1): 3.7/4.3 MB
Progress (1): 3.7/4.3 MB
Progress (1): 3.7/4.3 MB
Progress (1): 3.7/4.3 MB
Progress (1): 3.8/4.3 MB
Progress (1): 3.8/4.3 MB
Progress (1): 3.8/4.3 MB
Progress (1): 3.8/4.3 MB
Progress (1): 3.8/4.3 MB
Progress (1): 3.8/4.3 MB
Progress (1): 3.8/4.3 MB
Progress (1): 3.9/4.3 MB
Progress (1): 3.9/4.3 MB
Progress (1): 3.9/4.3 MB
Progress (1): 3.9/4.3 MB
Progress (1): 3.9/4.3 MB
Progress (1): 3.9/4.3 MB
Progress (1): 4.0/4.3 MB
Progress (1): 4.0/4.3 MB
Progress (1): 4.0/4.3 MB
Progress (1): 4.0/4.3 MB
Progress (1): 4.0/4.3 MB
Progress (1): 4.0/4.3 MB
Progress (1): 4.1/4.3 MB
Progress (1): 4.1/4.3 MB
Progress (1): 4.1/4.3 MB
Progress (1): 4.1/4.3 MB
Progress (1): 4.1/4.3 MB
Progress (1): 4.1/4.3 MB
Progress (1): 4.2/4.3 MB
Progress (1): 4.2/4.3 MB
Progress (1): 4.2/4.3 MB
Progress (1): 4.2/4.3 MB
Progress (1): 4.2/4.3 MB
Progress (1): 4.2/4.3 MB
Progress (1): 4.3/4.3 MB
Progress (1): 4.3/4.3 MB
Progress (1): 4.3/4.3 MB
Progress (1): 4.3 MB    
                    
Downloaded from central: https://repo.maven.apache.org/maven2/org/webjars/swagger-ui/5.2.0/swagger-ui-5.2.0.jar (4.3 MB at 1.2 MB/s)
[INFO] 
[INFO] --- clean:3.2.0:clean (default-clean) @ pos-system ---
[INFO] Deleting C:\Users\Balamurugan P\OneDrive\Desktop\Pos_billing\pos-system\backend-springboot\target
[INFO] 
[INFO] --- resources:3.3.1:resources (default-resources) @ pos-system ---
[INFO] Copying 1 resource from src\main\resources to target\classes
[INFO] Copying 4 resources from src\main\resources to target\classes
[INFO] 
[INFO] --- compiler:3.11.0:compile (default-compile) @ pos-system ---
Downloading from central: https://repo.maven.apache.org/maven2/org/projectlombok/lombok-mapstruct-binding/0.2.0/lombok-mapstruct-binding-0.2.0.pom
Progress (1): 1.2 kB
Progress (1): 1.4 kB
                    
Downloaded from central: https://repo.maven.apache.org/maven2/org/projectlombok/lombok-mapstruct-binding/0.2.0/lombok-mapstruct-binding-0.2.0.pom (1.4 kB at 14 kB/s)
Downloading from central: https://repo.maven.apache.org/maven2/org/projectlombok/lombok-mapstruct-binding/0.2.0/lombok-mapstruct-binding-0.2.0.jar
Progress (1): 2.4 kB
                    
Downloaded from central: https://repo.maven.apache.org/maven2/org/projectlombok/lombok-mapstruct-binding/0.2.0/lombok-mapstruct-binding-0.2.0.jar (2.4 kB at 17 kB/s)
[INFO] Changes detected - recompiling the module! :dependency
[INFO] Compiling 47 source files with javac [debug release 17] to target\classes
[INFO] /C:/Users/Balamurugan P/OneDrive/Desktop/Pos_billing/pos-system/backend-springboot/src/main/java/com/pos/system/services/CustomerService.java: C:\Users\Balamurugan P\OneDrive\Desktop\Pos_billing\pos-system\backend-springboot\src\main\java\com\pos\system\services\CustomerService.java uses unchecked or unsafe operations.
[INFO] /C:/Users/Balamurugan P/OneDrive/Desktop/Pos_billing/pos-system/backend-springboot/src/main/java/com/pos/system/services/CustomerService.java: Recompile with -Xlint:unchecked for details.
[INFO] -------------------------------------------------------------
[WARNING] COMPILATION WARNING : 
[INFO] -------------------------------------------------------------
[WARNING] /C:/Users/Balamurugan P/OneDrive/Desktop/Pos_billing/pos-system/backend-springboot/src/main/java/com/pos/system/models/User.java:[52,21] @Builder will ignore the initializing expression entirely. If you want the initializing expression to serve as default, add @Builder.Default. If it is not supposed to be settable during building, make the field final.
[WARNING] /C:/Users/Balamurugan P/OneDrive/Desktop/Pos_billing/pos-system/backend-springboot/src/main/java/com/pos/system/models/Customer.java:[31,24] @Builder will ignore the initializing expression entirely. If you want the initializing expression to serve as default, add @Builder.Default. If it is not supposed to be settable during building, make the field final.
[WARNING] /C:/Users/Balamurugan P/OneDrive/Desktop/Pos_billing/pos-system/backend-springboot/src/main/java/com/pos/system/models/Transaction.java:[38,35] @Builder will ignore the initializing expression entirely. If you want the initializing expression to serve as default, add @Builder.Default. If it is not supposed to be settable during building, make the field final.
[WARNING] /C:/Users/Balamurugan P/OneDrive/Desktop/Pos_billing/pos-system/backend-springboot/src/main/java/com/pos/system/dto/LoginResponse.java:[24,20] @Builder will ignore the initializing expression entirely. If you want the initializing expression to serve as default, add @Builder.Default. If it is not supposed to be settable during building, make the field final.
[WARNING] /C:/Users/Balamurugan P/OneDrive/Desktop/Pos_billing/pos-system/backend-springboot/src/main/java/com/pos/system/models/Product.java:[57,21] @Builder will ignore the initializing expression entirely. If you want the initializing expression to serve as default, add @Builder.Default. If it is not supposed to be settable during building, make the field final.
[WARNING] /C:/Users/Balamurugan P/OneDrive/Desktop/Pos_billing/pos-system/backend-springboot/src/main/java/com/pos/system/models/Product.java:[66,21] @Builder will ignore the initializing expression entirely. If you want the initializing expression to serve as default, add @Builder.Default. If it is not supposed to be settable during building, make the field final.
[INFO] 6 warnings 
[INFO] -------------------------------------------------------------
[INFO] -------------------------------------------------------------
[ERROR] COMPILATION ERROR : 
[INFO] -------------------------------------------------------------
[ERROR] /C:/Users/Balamurugan P/OneDrive/Desktop/Pos_billing/pos-system/backend-springboot/src/main/java/com/pos/system/services/ReportService.java:[76,14] cannot find symbol
  symbol:   class Product
  location: class com.pos.system.service.ReportService
[ERROR] /C:/Users/Balamurugan P/OneDrive/Desktop/Pos_billing/pos-system/backend-springboot/src/main/java/com/pos/system/services/ReportService.java:[77,14] cannot find symbol
  symbol:   class Product
  location: class com.pos.system.service.ReportService
[ERROR] /C:/Users/Balamurugan P/OneDrive/Desktop/Pos_billing/pos-system/backend-springboot/src/main/java/com/pos/system/controllers/TransactionController.java:[79,26] cannot find symbol
  symbol: class BigDecimal
[ERROR] /C:/Users/Balamurugan P/OneDrive/Desktop/Pos_billing/pos-system/backend-springboot/src/main/java/com/pos/system/services/CustomerService.java:[106,52] cannot find symbol
  symbol:   method getPreferredPaymentMethod()
  location: variable customerDTO of type com.pos.system.dto.CustomerDTO
[ERROR] /C:/Users/Balamurugan P/OneDrive/Desktop/Pos_billing/pos-system/backend-springboot/src/main/java/com/pos/system/services/CustomerService.java:[128,55] cannot find symbol
  symbol:   method getPreferredPaymentMethod()
  location: variable customerDTO of type com.pos.system.dto.CustomerDTO
[ERROR] /C:/Users/Balamurugan P/OneDrive/Desktop/Pos_billing/pos-system/backend-springboot/src/main/java/com/pos/system/services/UserService.java:[70,57] cannot find symbol
  symbol:   method getPassword()
  location: variable userDTO of type com.pos.system.dto.UserDTO
[ERROR] /C:/Users/Balamurugan P/OneDrive/Desktop/Pos_billing/pos-system/backend-springboot/src/main/java/com/pos/system/services/UserService.java:[106,20] cannot find symbol
  symbol:   method getPassword()
  location: variable userDTO of type com.pos.system.dto.UserDTO
[ERROR] /C:/Users/Balamurugan P/OneDrive/Desktop/Pos_billing/pos-system/backend-springboot/src/main/java/com/pos/system/services/UserService.java:[106,54] cannot find symbol
  symbol:   method getPassword()
  location: variable userDTO of type com.pos.system.dto.UserDTO
[ERROR] /C:/Users/Balamurugan P/OneDrive/Desktop/Pos_billing/pos-system/backend-springboot/src/main/java/com/pos/system/services/UserService.java:[107,60] cannot find symbol
  symbol:   method getPassword()
  location: variable userDTO of type com.pos.system.dto.UserDTO
[INFO] 9 errors 
[INFO] -------------------------------------------------------------
[INFO] ------------------------------------------------------------------------
[INFO] BUILD FAILURE
[INFO] ------------------------------------------------------------------------
[INFO] Total time:  21.476 s
[INFO] Finished at: 2026-03-06T18:48:42+05:30
[INFO] ------------------------------------------------------------------------
[ERROR] Failed to execute goal org.apache.maven.plugins:maven-compiler-plugin:3.11.0:compile (default-compile) on project pos-system: Compilation failure: Compilation failure: 
[ERROR] /C:/Users/Balamurugan P/OneDrive/Desktop/Pos_billing/pos-system/backend-springboot/src/main/java/com/pos/system/services/ReportService.java:[76,14] cannot find symbol
[ERROR]   symbol:   class Product
[ERROR]   location: class com.pos.system.service.ReportService
[ERROR] /C:/Users/Balamurugan P/OneDrive/Desktop/Pos_billing/pos-system/backend-springboot/src/main/java/com/pos/system/services/ReportService.java:[77,14] cannot find symbol
[ERROR]   symbol:   class Product
[ERROR]   location: class com.pos.system.service.ReportService
[ERROR] /C:/Users/Balamurugan P/OneDrive/Desktop/Pos_billing/pos-system/backend-springboot/src/main/java/com/pos/system/controllers/TransactionController.java:[79,26] cannot find symbol
[ERROR]   symbol: class BigDecimal
[ERROR] /C:/Users/Balamurugan P/OneDrive/Desktop/Pos_billing/pos-system/backend-springboot/src/main/java/com/pos/system/services/CustomerService.java:[106,52] cannot find symbol
[ERROR]   symbol:   method getPreferredPaymentMethod()
[ERROR]   location: variable customerDTO of type com.pos.system.dto.CustomerDTO
[ERROR] /C:/Users/Balamurugan P/OneDrive/Desktop/Pos_billing/pos-system/backend-springboot/src/main/java/com/pos/system/services/CustomerService.java:[128,55] cannot find symbol
[ERROR]   symbol:   method getPreferredPaymentMethod()
[ERROR]   location: variable customerDTO of type com.pos.system.dto.CustomerDTO
[ERROR] /C:/Users/Balamurugan P/OneDrive/Desktop/Pos_billing/pos-system/backend-springboot/src/main/java/com/pos/system/services/UserService.java:[70,57] cannot find symbol
[ERROR]   symbol:   method getPassword()
[ERROR]   location: variable userDTO of type com.pos.system.dto.UserDTO
[ERROR] /C:/Users/Balamurugan P/OneDrive/Desktop/Pos_billing/pos-system/backend-springboot/src/main/java/com/pos/system/services/UserService.java:[106,20] cannot find symbol
[ERROR]   symbol:   method getPassword()
[ERROR]   location: variable userDTO of type com.pos.system.dto.UserDTO
[ERROR] /C:/Users/Balamurugan P/OneDrive/Desktop/Pos_billing/pos-system/backend-springboot/src/main/java/com/pos/system/services/UserService.java:[106,54] cannot find symbol
[ERROR]   symbol:   method getPassword()
[ERROR]   location: variable userDTO of type com.pos.system.dto.UserDTO
[ERROR] /C:/Users/Balamurugan P/OneDrive/Desktop/Pos_billing/pos-system/backend-springboot/src/main/java/com/pos/system/services/UserService.java:[107,60] cannot find symbol
[ERROR]   symbol:   method getPassword()
[ERROR]   location: variable userDTO of type com.pos.system.dto.UserDTO
[ERROR] -> [Help 1]
[ERROR] 
[ERROR] To see the full stack trace of the errors, re-run Maven with the -e switch.
[ERROR] Re-run Maven using the -X switch to enable full debug logging.
[ERROR] 
[ERROR] For more information about the errors and possible solutions, please read the following articles:
[ERROR] [Help 1] http://cwiki.apache.org/confluence/display/MAVEN/MojoFailureException
