[INFO] Scanning for projects...
[INFO] 
[INFO] -------------------------< com.pos:pos-system >-------------------------
[INFO] Building pos-system 1.0.0
[INFO]   from pom.xml
[INFO] --------------------------------[ jar ]---------------------------------
[INFO] 
[INFO] --- clean:3.2.0:clean (default-clean) @ pos-system ---
[INFO] Deleting C:\Users\Balamurugan P\OneDrive\Desktop\Pos_billing\pos-system\backend-springboot\target
[INFO] 
[INFO] --- resources:3.3.1:resources (default-resources) @ pos-system ---
[INFO] Copying 1 resource from src\main\resources to target\classes
[INFO] Copying 4 resources from src\main\resources to target\classes
[INFO] 
[INFO] --- compiler:3.11.0:compile (default-compile) @ pos-system ---
[INFO] Changes detected - recompiling the module! :source
[INFO] Compiling 47 source files with javac [debug release 17] to target\classes
[INFO] -------------------------------------------------------------
[WARNING] COMPILATION WARNING : 
[INFO] -------------------------------------------------------------
[WARNING] /C:/Users/Balamurugan P/OneDrive/Desktop/Pos_billing/pos-system/backend-springboot/src/main/java/com/pos/system/dto/LoginResponse.java:[24,20] @Builder will ignore the initializing expression entirely. If you want the initializing expression to serve as default, add @Builder.Default. If it is not supposed to be settable during building, make the field final.
[WARNING] /C:/Users/Balamurugan P/OneDrive/Desktop/Pos_billing/pos-system/backend-springboot/src/main/java/com/pos/system/models/Transaction.java:[38,35] @Builder will ignore the initializing expression entirely. If you want the initializing expression to serve as default, add @Builder.Default. If it is not supposed to be settable during building, make the field final.
[WARNING] /C:/Users/Balamurugan P/OneDrive/Desktop/Pos_billing/pos-system/backend-springboot/src/main/java/com/pos/system/models/User.java:[52,21] @Builder will ignore the initializing expression entirely. If you want the initializing expression to serve as default, add @Builder.Default. If it is not supposed to be settable during building, make the field final.
[WARNING] /C:/Users/Balamurugan P/OneDrive/Desktop/Pos_billing/pos-system/backend-springboot/src/main/java/com/pos/system/models/Product.java:[57,21] @Builder will ignore the initializing expression entirely. If you want the initializing expression to serve as default, add @Builder.Default. If it is not supposed to be settable during building, make the field final.
[WARNING] /C:/Users/Balamurugan P/OneDrive/Desktop/Pos_billing/pos-system/backend-springboot/src/main/java/com/pos/system/models/Product.java:[66,21] @Builder will ignore the initializing expression entirely. If you want the initializing expression to serve as default, add @Builder.Default. If it is not supposed to be settable during building, make the field final.
[WARNING] /C:/Users/Balamurugan P/OneDrive/Desktop/Pos_billing/pos-system/backend-springboot/src/main/java/com/pos/system/models/Customer.java:[31,24] @Builder will ignore the initializing expression entirely. If you want the initializing expression to serve as default, add @Builder.Default. If it is not supposed to be settable during building, make the field final.
[INFO] 6 warnings 
[INFO] -------------------------------------------------------------
[INFO] -------------------------------------------------------------
[ERROR] COMPILATION ERROR : 
[INFO] -------------------------------------------------------------
[ERROR] /C:/Users/Balamurugan P/OneDrive/Desktop/Pos_billing/pos-system/backend-springboot/src/main/java/com/pos/system/controllers/ProductController.java:[5,30] package com.pos.system.service does not exist
[ERROR] /C:/Users/Balamurugan P/OneDrive/Desktop/Pos_billing/pos-system/backend-springboot/src/main/java/com/pos/system/controllers/ProductController.java:[20,19] cannot find symbol
  symbol:   class ProductService
  location: class com.pos.system.controllers.ProductController
[ERROR] /C:/Users/Balamurugan P/OneDrive/Desktop/Pos_billing/pos-system/backend-springboot/src/main/java/com/pos/system/controllers/ProductController.java:[17,1] cannot find symbol
  symbol:   class ProductService
  location: class com.pos.system.controllers.ProductController
[ERROR] /C:/Users/Balamurugan P/OneDrive/Desktop/Pos_billing/pos-system/backend-springboot/src/main/java/com/pos/system/controllers/UserController.java:[5,30] package com.pos.system.service does not exist
[ERROR] /C:/Users/Balamurugan P/OneDrive/Desktop/Pos_billing/pos-system/backend-springboot/src/main/java/com/pos/system/controllers/UserController.java:[21,19] cannot find symbol
  symbol:   class UserService
  location: class com.pos.system.controllers.UserController
[ERROR] /C:/Users/Balamurugan P/OneDrive/Desktop/Pos_billing/pos-system/backend-springboot/src/main/java/com/pos/system/controllers/UserController.java:[17,1] cannot find symbol
  symbol:   class UserService
  location: class com.pos.system.controllers.UserController
[ERROR] /C:/Users/Balamurugan P/OneDrive/Desktop/Pos_billing/pos-system/backend-springboot/src/main/java/com/pos/system/controllers/AuthController.java:[7,30] package com.pos.system.service does not exist
[ERROR] /C:/Users/Balamurugan P/OneDrive/Desktop/Pos_billing/pos-system/backend-springboot/src/main/java/com/pos/system/controllers/AuthController.java:[18,19] cannot find symbol
  symbol:   class AuthService
  location: class com.pos.system.controllers.AuthController
[ERROR] /C:/Users/Balamurugan P/OneDrive/Desktop/Pos_billing/pos-system/backend-springboot/src/main/java/com/pos/system/controllers/AuthController.java:[15,1] cannot find symbol
  symbol:   class AuthService
  location: class com.pos.system.controllers.AuthController
[ERROR] /C:/Users/Balamurugan P/OneDrive/Desktop/Pos_billing/pos-system/backend-springboot/src/main/java/com/pos/system/controllers/CustomerController.java:[5,30] package com.pos.system.service does not exist
[ERROR] /C:/Users/Balamurugan P/OneDrive/Desktop/Pos_billing/pos-system/backend-springboot/src/main/java/com/pos/system/controllers/CustomerController.java:[20,19] cannot find symbol
  symbol:   class CustomerService
  location: class com.pos.system.controllers.CustomerController
[ERROR] /C:/Users/Balamurugan P/OneDrive/Desktop/Pos_billing/pos-system/backend-springboot/src/main/java/com/pos/system/controllers/CustomerController.java:[17,1] cannot find symbol
  symbol:   class CustomerService
  location: class com.pos.system.controllers.CustomerController
[ERROR] /C:/Users/Balamurugan P/OneDrive/Desktop/Pos_billing/pos-system/backend-springboot/src/main/java/com/pos/system/controllers/ReportController.java:[4,30] package com.pos.system.service does not exist
[ERROR] /C:/Users/Balamurugan P/OneDrive/Desktop/Pos_billing/pos-system/backend-springboot/src/main/java/com/pos/system/controllers/ReportController.java:[21,19] cannot find symbol
  symbol:   class ReportService
  location: class com.pos.system.controllers.ReportController
[ERROR] /C:/Users/Balamurugan P/OneDrive/Desktop/Pos_billing/pos-system/backend-springboot/src/main/java/com/pos/system/controllers/ReportController.java:[17,1] cannot find symbol
  symbol:   class ReportService
  location: class com.pos.system.controllers.ReportController
[INFO] 15 errors 
[INFO] -------------------------------------------------------------
[INFO] ------------------------------------------------------------------------
[INFO] BUILD FAILURE
[INFO] ------------------------------------------------------------------------
[INFO] Total time:  10.495 s
[INFO] Finished at: 2026-03-06T18:54:03+05:30
[INFO] ------------------------------------------------------------------------
[ERROR] Failed to execute goal org.apache.maven.plugins:maven-compiler-plugin:3.11.0:compile (default-compile) on project pos-system: Compilation failure: Compilation failure: 
[ERROR] /C:/Users/Balamurugan P/OneDrive/Desktop/Pos_billing/pos-system/backend-springboot/src/main/java/com/pos/system/controllers/ProductController.java:[5,30] package com.pos.system.service does not exist
[ERROR] /C:/Users/Balamurugan P/OneDrive/Desktop/Pos_billing/pos-system/backend-springboot/src/main/java/com/pos/system/controllers/ProductController.java:[20,19] cannot find symbol
[ERROR]   symbol:   class ProductService
[ERROR]   location: class com.pos.system.controllers.ProductController
[ERROR] /C:/Users/Balamurugan P/OneDrive/Desktop/Pos_billing/pos-system/backend-springboot/src/main/java/com/pos/system/controllers/ProductController.java:[17,1] cannot find symbol
[ERROR]   symbol:   class ProductService
[ERROR]   location: class com.pos.system.controllers.ProductController
[ERROR] /C:/Users/Balamurugan P/OneDrive/Desktop/Pos_billing/pos-system/backend-springboot/src/main/java/com/pos/system/controllers/UserController.java:[5,30] package com.pos.system.service does not exist
[ERROR] /C:/Users/Balamurugan P/OneDrive/Desktop/Pos_billing/pos-system/backend-springboot/src/main/java/com/pos/system/controllers/UserController.java:[21,19] cannot find symbol
[ERROR]   symbol:   class UserService
[ERROR]   location: class com.pos.system.controllers.UserController
[ERROR] /C:/Users/Balamurugan P/OneDrive/Desktop/Pos_billing/pos-system/backend-springboot/src/main/java/com/pos/system/controllers/UserController.java:[17,1] cannot find symbol
[ERROR]   symbol:   class UserService
[ERROR]   location: class com.pos.system.controllers.UserController
[ERROR] /C:/Users/Balamurugan P/OneDrive/Desktop/Pos_billing/pos-system/backend-springboot/src/main/java/com/pos/system/controllers/AuthController.java:[7,30] package com.pos.system.service does not exist
[ERROR] /C:/Users/Balamurugan P/OneDrive/Desktop/Pos_billing/pos-system/backend-springboot/src/main/java/com/pos/system/controllers/AuthController.java:[18,19] cannot find symbol
[ERROR]   symbol:   class AuthService
[ERROR]   location: class com.pos.system.controllers.AuthController
[ERROR] /C:/Users/Balamurugan P/OneDrive/Desktop/Pos_billing/pos-system/backend-springboot/src/main/java/com/pos/system/controllers/AuthController.java:[15,1] cannot find symbol
[ERROR]   symbol:   class AuthService
[ERROR]   location: class com.pos.system.controllers.AuthController
[ERROR] /C:/Users/Balamurugan P/OneDrive/Desktop/Pos_billing/pos-system/backend-springboot/src/main/java/com/pos/system/controllers/CustomerController.java:[5,30] package com.pos.system.service does not exist
[ERROR] /C:/Users/Balamurugan P/OneDrive/Desktop/Pos_billing/pos-system/backend-springboot/src/main/java/com/pos/system/controllers/CustomerController.java:[20,19] cannot find symbol
[ERROR]   symbol:   class CustomerService
[ERROR]   location: class com.pos.system.controllers.CustomerController
[ERROR] /C:/Users/Balamurugan P/OneDrive/Desktop/Pos_billing/pos-system/backend-springboot/src/main/java/com/pos/system/controllers/CustomerController.java:[17,1] cannot find symbol
[ERROR]   symbol:   class CustomerService
[ERROR]   location: class com.pos.system.controllers.CustomerController
[ERROR] /C:/Users/Balamurugan P/OneDrive/Desktop/Pos_billing/pos-system/backend-springboot/src/main/java/com/pos/system/controllers/ReportController.java:[4,30] package com.pos.system.service does not exist
[ERROR] /C:/Users/Balamurugan P/OneDrive/Desktop/Pos_billing/pos-system/backend-springboot/src/main/java/com/pos/system/controllers/ReportController.java:[21,19] cannot find symbol
[ERROR]   symbol:   class ReportService
[ERROR]   location: class com.pos.system.controllers.ReportController
[ERROR] /C:/Users/Balamurugan P/OneDrive/Desktop/Pos_billing/pos-system/backend-springboot/src/main/java/com/pos/system/controllers/ReportController.java:[17,1] cannot find symbol
[ERROR]   symbol:   class ReportService
[ERROR]   location: class com.pos.system.controllers.ReportController
[ERROR] -> [Help 1]
[ERROR] 
[ERROR] To see the full stack trace of the errors, re-run Maven with the -e switch.
[ERROR] Re-run Maven using the -X switch to enable full debug logging.
[ERROR] 
[ERROR] For more information about the errors and possible solutions, please read the following articles:
[ERROR] [Help 1] http://cwiki.apache.org/confluence/display/MAVEN/MojoFailureException
