[INFO] Scanning for projects...
[INFO] 
[INFO] -------------------------< com.pos:pos-system >-------------------------
[INFO] Building pos-system 1.0.0
[INFO]   from pom.xml
[INFO] --------------------------------[ jar ]---------------------------------
[WARNING] The artifact mysql:mysql-connector-java:jar:8.0.33 has been relocated to com.mysql:mysql-connector-j:jar:8.0.33: MySQL Connector/J artifacts moved to reverse-DNS compliant Maven 2+ coordinates.
[INFO] 
[INFO] --- clean:3.2.0:clean (default-clean) @ pos-system ---
[INFO] Deleting C:\Users\Balamurugan P\OneDrive\Desktop\Pos_billing\pos-system\backend-springboot\target
[INFO] 
[INFO] --- resources:3.3.1:resources (default-resources) @ pos-system ---
[INFO] Copying 1 resource from src\main\resources to target\classes
[INFO] Copying 4 resources from src\main\resources to target\classes
[INFO] 
[INFO] --- compiler:3.11.0:compile (default-compile) @ pos-system ---
[INFO] Changes detected - recompiling the module! :source
[INFO] Compiling 48 source files with javac [debug release 17] to target\classes
[INFO] /C:/Users/Balamurugan P/OneDrive/Desktop/Pos_billing/pos-system/backend-springboot/src/main/java/com/pos/system/services/CustomerService.java: C:\Users\Balamurugan P\OneDrive\Desktop\Pos_billing\pos-system\backend-springboot\src\main\java\com\pos\system\services\CustomerService.java uses unchecked or unsafe operations.
[INFO] /C:/Users/Balamurugan P/OneDrive/Desktop/Pos_billing/pos-system/backend-springboot/src/main/java/com/pos/system/services/CustomerService.java: Recompile with -Xlint:unchecked for details.
[INFO] -------------------------------------------------------------
[ERROR] COMPILATION ERROR : 
[INFO] -------------------------------------------------------------
[ERROR] /C:/Users/Balamurugan P/OneDrive/Desktop/Pos_billing/pos-system/backend-springboot/src/main/java/com/pos/system/security/JwtAuthenticationFilter.java:[3,31] cannot access com.pos.system.services.CustomUserDetailsService
  bad source file: C:\Users\Balamurugan P\OneDrive\Desktop\Pos_billing\pos-system\backend-springboot\src\main\java\com\pos\system\services\CustomUserDetailsService.java
    file does not contain class com.pos.system.services.CustomUserDetailsService
    Please remove or make sure it appears in the correct subdirectory of the sourcepath.
[ERROR] /C:/Users/Balamurugan P/OneDrive/Desktop/Pos_billing/pos-system/backend-springboot/src/main/java/com/pos/system/config/SwaggerConfig.java:[3,32] package io.swagger.v3.oas.models does not exist
[ERROR] /C:/Users/Balamurugan P/OneDrive/Desktop/Pos_billing/pos-system/backend-springboot/src/main/java/com/pos/system/config/SwaggerConfig.java:[4,32] package io.swagger.v3.oas.models does not exist
[ERROR] /C:/Users/Balamurugan P/OneDrive/Desktop/Pos_billing/pos-system/backend-springboot/src/main/java/com/pos/system/config/SwaggerConfig.java:[5,37] package io.swagger.v3.oas.models.info does not exist
[ERROR] /C:/Users/Balamurugan P/OneDrive/Desktop/Pos_billing/pos-system/backend-springboot/src/main/java/com/pos/system/config/SwaggerConfig.java:[6,37] package io.swagger.v3.oas.models.info does not exist
[ERROR] /C:/Users/Balamurugan P/OneDrive/Desktop/Pos_billing/pos-system/backend-springboot/src/main/java/com/pos/system/config/SwaggerConfig.java:[7,37] package io.swagger.v3.oas.models.info does not exist
[ERROR] /C:/Users/Balamurugan P/OneDrive/Desktop/Pos_billing/pos-system/backend-springboot/src/main/java/com/pos/system/config/SwaggerConfig.java:[8,41] package io.swagger.v3.oas.models.security does not exist
[ERROR] /C:/Users/Balamurugan P/OneDrive/Desktop/Pos_billing/pos-system/backend-springboot/src/main/java/com/pos/system/config/SwaggerConfig.java:[9,41] package io.swagger.v3.oas.models.security does not exist
[ERROR] /C:/Users/Balamurugan P/OneDrive/Desktop/Pos_billing/pos-system/backend-springboot/src/main/java/com/pos/system/config/SwaggerConfig.java:[17,12] cannot find symbol
  symbol:   class OpenAPI
  location: class com.pos.system.config.SwaggerConfig
[ERROR] /C:/Users/Balamurugan P/OneDrive/Desktop/Pos_billing/pos-system/backend-springboot/src/main/java/com/pos/system/config/SwaggerConfig.java:[34,13] cannot find symbol
  symbol:   class SecurityScheme
  location: class com.pos.system.config.SwaggerConfig
[ERROR] /C:/Users/Balamurugan P/OneDrive/Desktop/Pos_billing/pos-system/backend-springboot/src/main/java/com/pos/system/services/CustomUserDetailsService.java:[14,8] duplicate class: com.pos.system.service.CustomUserDetailsService
[ERROR] /C:/Users/Balamurugan P/OneDrive/Desktop/Pos_billing/pos-system/backend-springboot/src/main/java/com/pos/system/security/JwtAuthenticationFilter.java:[33,19] cannot find symbol
  symbol:   class CustomUserDetailsService
  location: class com.pos.system.security.JwtAuthenticationFilter
[ERROR] /C:/Users/Balamurugan P/OneDrive/Desktop/Pos_billing/pos-system/backend-springboot/src/main/java/com/pos/system/services/EmailService.java:[12,21] package org.thymeleaf does not exist
[ERROR] /C:/Users/Balamurugan P/OneDrive/Desktop/Pos_billing/pos-system/backend-springboot/src/main/java/com/pos/system/services/EmailService.java:[13,29] package org.thymeleaf.context does not exist
[ERROR] /C:/Users/Balamurugan P/OneDrive/Desktop/Pos_billing/pos-system/backend-springboot/src/main/java/com/pos/system/services/EmailService.java:[28,19] cannot find symbol
  symbol:   class TemplateEngine
  location: class com.pos.system.service.EmailService
[ERROR] /C:/Users/Balamurugan P/OneDrive/Desktop/Pos_billing/pos-system/backend-springboot/src/main/java/com/pos/system/repositories/CustomerRepository.java:[23,37] cannot find symbol
  symbol:   class Pageable
  location: interface com.pos.system.repositories.CustomerRepository
[ERROR] /C:/Users/Balamurugan P/OneDrive/Desktop/Pos_billing/pos-system/backend-springboot/src/main/java/com/pos/system/controllers/AuthControllerTest.java:[6,29] package org.junit.jupiter.api does not exist
[ERROR] /C:/Users/Balamurugan P/OneDrive/Desktop/Pos_billing/pos-system/backend-springboot/src/main/java/com/pos/system/controllers/AuthControllerTest.java:[8,63] package org.springframework.boot.test.autoconfigure.web.servlet does not exist
[ERROR] /C:/Users/Balamurugan P/OneDrive/Desktop/Pos_billing/pos-system/backend-springboot/src/main/java/com/pos/system/controllers/AuthControllerTest.java:[9,45] package org.springframework.boot.test.context does not exist
[ERROR] /C:/Users/Balamurugan P/OneDrive/Desktop/Pos_billing/pos-system/backend-springboot/src/main/java/com/pos/system/controllers/AuthControllerTest.java:[11,44] package org.springframework.test.web.servlet does not exist
[ERROR] /C:/Users/Balamurugan P/OneDrive/Desktop/Pos_billing/pos-system/backend-springboot/src/main/java/com/pos/system/controllers/AuthControllerTest.java:[13,59] package org.springframework.test.web.servlet.request does not exist
[ERROR] /C:/Users/Balamurugan P/OneDrive/Desktop/Pos_billing/pos-system/backend-springboot/src/main/java/com/pos/system/controllers/AuthControllerTest.java:[13,1] static import only from classes and interfaces
[ERROR] /C:/Users/Balamurugan P/OneDrive/Desktop/Pos_billing/pos-system/backend-springboot/src/main/java/com/pos/system/controllers/AuthControllerTest.java:[14,58] package org.springframework.test.web.servlet.result does not exist
[ERROR] /C:/Users/Balamurugan P/OneDrive/Desktop/Pos_billing/pos-system/backend-springboot/src/main/java/com/pos/system/controllers/AuthControllerTest.java:[14,1] static import only from classes and interfaces
[ERROR] /C:/Users/Balamurugan P/OneDrive/Desktop/Pos_billing/pos-system/backend-springboot/src/main/java/com/pos/system/controllers/AuthControllerTest.java:[15,58] package org.springframework.test.web.servlet.result does not exist
[ERROR] /C:/Users/Balamurugan P/OneDrive/Desktop/Pos_billing/pos-system/backend-springboot/src/main/java/com/pos/system/controllers/AuthControllerTest.java:[15,1] static import only from classes and interfaces
[ERROR] /C:/Users/Balamurugan P/OneDrive/Desktop/Pos_billing/pos-system/backend-springboot/src/main/java/com/pos/system/controllers/AuthControllerTest.java:[17,2] cannot find symbol
  symbol: class SpringBootTest
[ERROR] /C:/Users/Balamurugan P/OneDrive/Desktop/Pos_billing/pos-system/backend-springboot/src/main/java/com/pos/system/controllers/AuthControllerTest.java:[18,2] cannot find symbol
  symbol: class AutoConfigureMockMvc
[ERROR] /C:/Users/Balamurugan P/OneDrive/Desktop/Pos_billing/pos-system/backend-springboot/src/main/java/com/pos/system/controllers/AuthControllerTest.java:[22,13] cannot find symbol
  symbol:   class MockMvc
  location: class com.pos.system.controller.AuthControllerTest
[ERROR] /C:/Users/Balamurugan P/OneDrive/Desktop/Pos_billing/pos-system/backend-springboot/src/main/java/com/pos/system/controllers/AuthControllerTest.java:[27,6] cannot find symbol
  symbol:   class Test
  location: class com.pos.system.controller.AuthControllerTest
[ERROR] /C:/Users/Balamurugan P/OneDrive/Desktop/Pos_billing/pos-system/backend-springboot/src/main/java/com/pos/system/controllers/AuthControllerTest.java:[41,6] cannot find symbol
  symbol:   class Test
  location: class com.pos.system.controller.AuthControllerTest
[ERROR] /C:/Users/Balamurugan P/OneDrive/Desktop/Pos_billing/pos-system/backend-springboot/src/main/java/com/pos/system/controllers/AuthControllerTest.java:[53,6] cannot find symbol
  symbol:   class Test
  location: class com.pos.system.controller.AuthControllerTest
[ERROR] /C:/Users/Balamurugan P/OneDrive/Desktop/Pos_billing/pos-system/backend-springboot/src/main/java/com/pos/system/models/User.java:[22,8] com.pos.system.models.User is not abstract and does not override abstract method getUsername() in org.springframework.security.core.userdetails.UserDetails
[ERROR] /C:/Users/Balamurugan P/OneDrive/Desktop/Pos_billing/pos-system/backend-springboot/src/main/java/com/pos/system/exception/GlobalExceptionHandler.java:[22,9] cannot find symbol
  symbol:   variable log
  location: class com.pos.system.exception.GlobalExceptionHandler
[ERROR] /C:/Users/Balamurugan P/OneDrive/Desktop/Pos_billing/pos-system/backend-springboot/src/main/java/com/pos/system/exception/GlobalExceptionHandler.java:[29,9] cannot find symbol
  symbol:   variable log
  location: class com.pos.system.exception.GlobalExceptionHandler
[ERROR] /C:/Users/Balamurugan P/OneDrive/Desktop/Pos_billing/pos-system/backend-springboot/src/main/java/com/pos/system/exception/GlobalExceptionHandler.java:[49,9] cannot find symbol
  symbol:   variable log
  location: class com.pos.system.exception.GlobalExceptionHandler
[ERROR] /C:/Users/Balamurugan P/OneDrive/Desktop/Pos_billing/pos-system/backend-springboot/src/main/java/com/pos/system/services/ProductService.java:[59,57] cannot find symbol
  symbol:   method getBarcode()
  location: variable productDTO of type com.pos.system.dto.ProductDTO
[ERROR] /C:/Users/Balamurugan P/OneDrive/Desktop/Pos_billing/pos-system/backend-springboot/src/main/java/com/pos/system/services/ProductService.java:[60,76] cannot find symbol
  symbol:   method getBarcode()
  location: variable productDTO of type com.pos.system.dto.ProductDTO
[ERROR] /C:/Users/Balamurugan P/OneDrive/Desktop/Pos_billing/pos-system/backend-springboot/src/main/java/com/pos/system/services/ProductService.java:[66,9] cannot find symbol
  symbol:   variable log
  location: class com.pos.system.service.ProductService
[ERROR] /C:/Users/Balamurugan P/OneDrive/Desktop/Pos_billing/pos-system/backend-springboot/src/main/java/com/pos/system/services/ProductService.java:[66,48] cannot find symbol
  symbol:   method getName()
  location: variable product of type com.pos.system.models.Product
[ERROR] /C:/Users/Balamurugan P/OneDrive/Desktop/Pos_billing/pos-system/backend-springboot/src/main/java/com/pos/system/services/ProductService.java:[77,21] cannot find symbol
  symbol:   method getBarcode()
  location: variable product of type com.pos.system.models.Product
[ERROR] /C:/Users/Balamurugan P/OneDrive/Desktop/Pos_billing/pos-system/backend-springboot/src/main/java/com/pos/system/services/ProductService.java:[77,52] cannot find symbol
  symbol:   method getBarcode()
  location: variable productDTO of type com.pos.system.dto.ProductDTO
[ERROR] /C:/Users/Balamurugan P/OneDrive/Desktop/Pos_billing/pos-system/backend-springboot/src/main/java/com/pos/system/services/ProductService.java:[78,57] cannot find symbol
  symbol:   method getBarcode()
  location: variable productDTO of type com.pos.system.dto.ProductDTO
[ERROR] /C:/Users/Balamurugan P/OneDrive/Desktop/Pos_billing/pos-system/backend-springboot/src/main/java/com/pos/system/services/ProductService.java:[79,76] cannot find symbol
  symbol:   method getBarcode()
  location: variable productDTO of type com.pos.system.dto.ProductDTO
[ERROR] /C:/Users/Balamurugan P/OneDrive/Desktop/Pos_billing/pos-system/backend-springboot/src/main/java/com/pos/system/services/ProductService.java:[85,9] cannot find symbol
  symbol:   variable log
  location: class com.pos.system.service.ProductService
[ERROR] /C:/Users/Balamurugan P/OneDrive/Desktop/Pos_billing/pos-system/backend-springboot/src/main/java/com/pos/system/services/ProductService.java:[85,48] cannot find symbol
  symbol:   method getName()
  location: variable product of type com.pos.system.models.Product
[ERROR] /C:/Users/Balamurugan P/OneDrive/Desktop/Pos_billing/pos-system/backend-springboot/src/main/java/com/pos/system/services/ProductService.java:[96,16] cannot find symbol
  symbol:   method setActive(boolean)
  location: variable product of type com.pos.system.models.Product
[ERROR] /C:/Users/Balamurugan P/OneDrive/Desktop/Pos_billing/pos-system/backend-springboot/src/main/java/com/pos/system/services/ProductService.java:[99,9] cannot find symbol
  symbol:   variable log
  location: class com.pos.system.service.ProductService
[ERROR] /C:/Users/Balamurugan P/OneDrive/Desktop/Pos_billing/pos-system/backend-springboot/src/main/java/com/pos/system/services/ProductService.java:[99,55] cannot find symbol
  symbol:   method getName()
  location: variable product of type com.pos.system.models.Product
[ERROR] /C:/Users/Balamurugan P/OneDrive/Desktop/Pos_billing/pos-system/backend-springboot/src/main/java/com/pos/system/services/ProductService.java:[125,38] cannot find symbol
  symbol:   method getStockQuantity()
  location: variable product of type com.pos.system.models.Product
[ERROR] /C:/Users/Balamurugan P/OneDrive/Desktop/Pos_billing/pos-system/backend-springboot/src/main/java/com/pos/system/services/ProductService.java:[128,38] cannot find symbol
  symbol:   method getStockQuantity()
  location: variable product of type com.pos.system.models.Product
[ERROR] /C:/Users/Balamurugan P/OneDrive/Desktop/Pos_billing/pos-system/backend-springboot/src/main/java/com/pos/system/services/ProductService.java:[140,16] cannot find symbol
  symbol:   method setStockQuantity(int)
  location: variable product of type com.pos.system.models.Product
[ERROR] /C:/Users/Balamurugan P/OneDrive/Desktop/Pos_billing/pos-system/backend-springboot/src/main/java/com/pos/system/services/ProductService.java:[143,9] cannot find symbol
  symbol:   variable log
  location: class com.pos.system.service.ProductService
[ERROR] /C:/Users/Balamurugan P/OneDrive/Desktop/Pos_billing/pos-system/backend-springboot/src/main/java/com/pos/system/services/ProductService.java:[143,67] cannot find symbol
  symbol:   method getName()
  location: variable product of type com.pos.system.models.Product
[ERROR] /C:/Users/Balamurugan P/OneDrive/Desktop/Pos_billing/pos-system/backend-springboot/src/main/java/com/pos/system/services/ProductService.java:[144,25] cannot find symbol
  symbol:   method getStockQuantity()
  location: variable product of type com.pos.system.models.Product
[ERROR] /C:/Users/Balamurugan P/OneDrive/Desktop/Pos_billing/pos-system/backend-springboot/src/main/java/com/pos/system/services/ProductService.java:[150,26] cannot find symbol
  symbol:   method builder()
  location: class com.pos.system.dto.ProductDTO
[ERROR] /C:/Users/Balamurugan P/OneDrive/Desktop/Pos_billing/pos-system/backend-springboot/src/main/java/com/pos/system/services/ProductService.java:[151,28] cannot find symbol
  symbol:   method getId()
  location: variable product of type com.pos.system.models.Product
[ERROR] /C:/Users/Balamurugan P/OneDrive/Desktop/Pos_billing/pos-system/backend-springboot/src/main/java/com/pos/system/services/ProductService.java:[152,30] cannot find symbol
  symbol:   method getName()
  location: variable product of type com.pos.system.models.Product
[ERROR] /C:/Users/Balamurugan P/OneDrive/Desktop/Pos_billing/pos-system/backend-springboot/src/main/java/com/pos/system/services/ProductService.java:[153,33] cannot find symbol
  symbol:   method getBarcode()
  location: variable product of type com.pos.system.models.Product
[ERROR] /C:/Users/Balamurugan P/OneDrive/Desktop/Pos_billing/pos-system/backend-springboot/src/main/java/com/pos/system/services/ProductService.java:[154,37] cannot find symbol
  symbol:   method getDescription()
  location: variable product of type com.pos.system.models.Product
[ERROR] /C:/Users/Balamurugan P/OneDrive/Desktop/Pos_billing/pos-system/backend-springboot/src/main/java/com/pos/system/services/ProductService.java:[155,31] cannot find symbol
  symbol:   method getPrice()
  location: variable product of type com.pos.system.models.Product
[ERROR] /C:/Users/Balamurugan P/OneDrive/Desktop/Pos_billing/pos-system/backend-springboot/src/main/java/com/pos/system/services/ProductService.java:[156,35] cannot find symbol
  symbol:   method getCostPrice()
  location: variable product of type com.pos.system.models.Product
[ERROR] /C:/Users/Balamurugan P/OneDrive/Desktop/Pos_billing/pos-system/backend-springboot/src/main/java/com/pos/system/services/ProductService.java:[157,33] cannot find symbol
  symbol:   method getTaxRate()
  location: variable product of type com.pos.system.models.Product
[ERROR] /C:/Users/Balamurugan P/OneDrive/Desktop/Pos_billing/pos-system/backend-springboot/src/main/java/com/pos/system/services/ProductService.java:[158,39] cannot find symbol
  symbol:   method getStockQuantity()
  location: variable product of type com.pos.system.models.Product
[ERROR] /C:/Users/Balamurugan P/OneDrive/Desktop/Pos_billing/pos-system/backend-springboot/src/main/java/com/pos/system/services/ProductService.java:[159,39] cannot find symbol
  symbol:   method getMinStockLevel()
  location: variable product of type com.pos.system.models.Product
[ERROR] /C:/Users/Balamurugan P/OneDrive/Desktop/Pos_billing/pos-system/backend-springboot/src/main/java/com/pos/system/services/ProductService.java:[160,39] cannot find symbol
  symbol:   method getMaxStockLevel()
  location: variable product of type com.pos.system.models.Product
[ERROR] /C:/Users/Balamurugan P/OneDrive/Desktop/Pos_billing/pos-system/backend-springboot/src/main/java/com/pos/system/services/ProductService.java:[161,34] cannot find symbol
  symbol:   method getCategory()
  location: variable product of type com.pos.system.models.Product
[ERROR] /C:/Users/Balamurugan P/OneDrive/Desktop/Pos_billing/pos-system/backend-springboot/src/main/java/com/pos/system/services/ProductService.java:[162,31] cannot find symbol
  symbol:   method getBrand()
  location: variable product of type com.pos.system.models.Product
[ERROR] /C:/Users/Balamurugan P/OneDrive/Desktop/Pos_billing/pos-system/backend-springboot/src/main/java/com/pos/system/services/ProductService.java:[163,30] cannot find symbol
  symbol:   method getUnit()
  location: variable product of type com.pos.system.models.Product
[ERROR] /C:/Users/Balamurugan P/OneDrive/Desktop/Pos_billing/pos-system/backend-springboot/src/main/java/com/pos/system/services/ProductService.java:[164,36] cannot find symbol
  symbol:   method isWeighted()
  location: variable product of type com.pos.system.models.Product
[ERROR] /C:/Users/Balamurugan P/OneDrive/Desktop/Pos_billing/pos-system/backend-springboot/src/main/java/com/pos/system/services/ProductService.java:[165,36] cannot find symbol
  symbol:   method getPricePerKg()
  location: variable product of type com.pos.system.models.Product
[ERROR] /C:/Users/Balamurugan P/OneDrive/Desktop/Pos_billing/pos-system/backend-springboot/src/main/java/com/pos/system/services/ProductService.java:[166,34] cannot find symbol
  symbol:   method getImageUrl()
  location: variable product of type com.pos.system.models.Product
[ERROR] /C:/Users/Balamurugan P/OneDrive/Desktop/Pos_billing/pos-system/backend-springboot/src/main/java/com/pos/system/services/ProductService.java:[167,34] cannot find symbol
  symbol:   method isActive()
  location: variable product of type com.pos.system.models.Product
[ERROR] /C:/Users/Balamurugan P/OneDrive/Desktop/Pos_billing/pos-system/backend-springboot/src/main/java/com/pos/system/services/ProductService.java:[172,23] cannot find symbol
  symbol:   method builder()
  location: class com.pos.system.models.Product
[ERROR] /C:/Users/Balamurugan P/OneDrive/Desktop/Pos_billing/pos-system/backend-springboot/src/main/java/com/pos/system/services/ProductService.java:[173,26] cannot find symbol
  symbol:   method getName()
  location: variable dto of type com.pos.system.dto.ProductDTO
[ERROR] /C:/Users/Balamurugan P/OneDrive/Desktop/Pos_billing/pos-system/backend-springboot/src/main/java/com/pos/system/services/ProductService.java:[174,29] cannot find symbol
  symbol:   method getBarcode()
  location: variable dto of type com.pos.system.dto.ProductDTO
[ERROR] /C:/Users/Balamurugan P/OneDrive/Desktop/Pos_billing/pos-system/backend-springboot/src/main/java/com/pos/system/services/ProductService.java:[175,33] cannot find symbol
  symbol:   method getDescription()
  location: variable dto of type com.pos.system.dto.ProductDTO
[ERROR] /C:/Users/Balamurugan P/OneDrive/Desktop/Pos_billing/pos-system/backend-springboot/src/main/java/com/pos/system/services/ProductService.java:[176,27] cannot find symbol
  symbol:   method getPrice()
  location: variable dto of type com.pos.system.dto.ProductDTO
[ERROR] /C:/Users/Balamurugan P/OneDrive/Desktop/Pos_billing/pos-system/backend-springboot/src/main/java/com/pos/system/services/ProductService.java:[177,31] cannot find symbol
  symbol:   method getCostPrice()
  location: variable dto of type com.pos.system.dto.ProductDTO
[ERROR] /C:/Users/Balamurugan P/OneDrive/Desktop/Pos_billing/pos-system/backend-springboot/src/main/java/com/pos/system/services/ProductService.java:[178,29] cannot find symbol
  symbol:   method getTaxRate()
  location: variable dto of type com.pos.system.dto.ProductDTO
[ERROR] /C:/Users/Balamurugan P/OneDrive/Desktop/Pos_billing/pos-system/backend-springboot/src/main/java/com/pos/system/services/ProductService.java:[179,35] cannot find symbol
  symbol:   method getStockQuantity()
  location: variable dto of type com.pos.system.dto.ProductDTO
[ERROR] /C:/Users/Balamurugan P/OneDrive/Desktop/Pos_billing/pos-system/backend-springboot/src/main/java/com/pos/system/services/ProductService.java:[180,35] cannot find symbol
  symbol:   method getMinStockLevel()
  location: variable dto of type com.pos.system.dto.ProductDTO
[ERROR] /C:/Users/Balamurugan P/OneDrive/Desktop/Pos_billing/pos-system/backend-springboot/src/main/java/com/pos/system/services/ProductService.java:[181,35] cannot find symbol
  symbol:   method getMaxStockLevel()
  location: variable dto of type com.pos.system.dto.ProductDTO
[ERROR] /C:/Users/Balamurugan P/OneDrive/Desktop/Pos_billing/pos-system/backend-springboot/src/main/java/com/pos/system/services/ProductService.java:[182,30] cannot find symbol
  symbol:   method getCategory()
  location: variable dto of type com.pos.system.dto.ProductDTO
[ERROR] /C:/Users/Balamurugan P/OneDrive/Desktop/Pos_billing/pos-system/backend-springboot/src/main/java/com/pos/system/services/ProductService.java:[183,27] cannot find symbol
  symbol:   method getBrand()
  location: variable dto of type com.pos.system.dto.ProductDTO
[ERROR] /C:/Users/Balamurugan P/OneDrive/Desktop/Pos_billing/pos-system/backend-springboot/src/main/java/com/pos/system/services/ProductService.java:[184,26] cannot find symbol
  symbol:   method getUnit()
  location: variable dto of type com.pos.system.dto.ProductDTO
[ERROR] /C:/Users/Balamurugan P/OneDrive/Desktop/Pos_billing/pos-system/backend-springboot/src/main/java/com/pos/system/services/ProductService.java:[185,32] cannot find symbol
  symbol:   method isWeighted()
  location: variable dto of type com.pos.system.dto.ProductDTO
[ERROR] /C:/Users/Balamurugan P/OneDrive/Desktop/Pos_billing/pos-system/backend-springboot/src/main/java/com/pos/system/services/ProductService.java:[186,32] cannot find symbol
  symbol:   method getPricePerKg()
  location: variable dto of type com.pos.system.dto.ProductDTO
[ERROR] /C:/Users/Balamurugan P/OneDrive/Desktop/Pos_billing/pos-system/backend-springboot/src/main/java/com/pos/system/services/ProductService.java:[187,30] cannot find symbol
  symbol:   method getImageUrl()
  location: variable dto of type com.pos.system.dto.ProductDTO
[ERROR] /C:/Users/Balamurugan P/OneDrive/Desktop/Pos_billing/pos-system/backend-springboot/src/main/java/com/pos/system/services/ProductService.java:[188,30] cannot find symbol
  symbol:   method isActive()
  location: variable dto of type com.pos.system.dto.ProductDTO
[ERROR] /C:/Users/Balamurugan P/OneDrive/Desktop/Pos_billing/pos-system/backend-springboot/src/main/java/com/pos/system/services/ProductService.java:[193,28] cannot find symbol
  symbol:   method getName()
  location: variable dto of type com.pos.system.dto.ProductDTO
[ERROR] /C:/Users/Balamurugan P/OneDrive/Desktop/Pos_billing/pos-system/backend-springboot/src/main/java/com/pos/system/services/ProductService.java:[194,31] cannot find symbol
  symbol:   method getBarcode()
  location: variable dto of type com.pos.system.dto.ProductDTO
[ERROR] /C:/Users/Balamurugan P/OneDrive/Desktop/Pos_billing/pos-system/backend-springboot/src/main/java/com/pos/system/services/ProductService.java:[195,35] cannot find symbol
  symbol:   method getDescription()
  location: variable dto of type com.pos.system.dto.ProductDTO
[ERROR] /C:/Users/Balamurugan P/OneDrive/Desktop/Pos_billing/pos-system/backend-springboot/src/main/java/com/pos/system/services/ProductService.java:[196,29] cannot find symbol
  symbol:   method getPrice()
  location: variable dto of type com.pos.system.dto.ProductDTO
[ERROR] /C:/Users/Balamurugan P/OneDrive/Desktop/Pos_billing/pos-system/backend-springboot/src/main/java/com/pos/system/services/ProductService.java:[197,33] cannot find symbol
  symbol:   method getCostPrice()
  location: variable dto of type com.pos.system.dto.ProductDTO
[ERROR] /C:/Users/Balamurugan P/OneDrive/Desktop/Pos_billing/pos-system/backend-springboot/src/main/java/com/pos/system/services/ProductService.java:[198,31] cannot find symbol
  symbol:   method getTaxRate()
  location: variable dto of type com.pos.system.dto.ProductDTO
[ERROR] /C:/Users/Balamurugan P/OneDrive/Desktop/Pos_billing/pos-system/backend-springboot/src/main/java/com/pos/system/services/ProductService.java:[199,37] cannot find symbol
  symbol:   method getMinStockLevel()
  location: variable dto of type com.pos.system.dto.ProductDTO
[ERROR] /C:/Users/Balamurugan P/OneDrive/Desktop/Pos_billing/pos-system/backend-springboot/src/main/java/com/pos/system/services/ProductService.java:[200,37] cannot find symbol
  symbol:   method getMaxStockLevel()
  location: variable dto of type com.pos.system.dto.ProductDTO
[ERROR] /C:/Users/Balamurugan P/OneDrive/Desktop/Pos_billing/pos-system/backend-springboot/src/main/java/com/pos/system/services/ProductService.java:[201,32] cannot find symbol
  symbol:   method getCategory()
  location: variable dto of type com.pos.system.dto.ProductDTO
[ERROR] /C:/Users/Balamurugan P/OneDrive/Desktop/Pos_billing/pos-system/backend-springboot/src/main/java/com/pos/system/services/ProductService.java:[202,29] cannot find symbol
  symbol:   method getBrand()
  location: variable dto of type com.pos.system.dto.ProductDTO
[INFO] 100 errors 
[INFO] -------------------------------------------------------------
[INFO] ------------------------------------------------------------------------
[INFO] BUILD FAILURE
[INFO] ------------------------------------------------------------------------
[INFO] Total time:  16.829 s
[INFO] Finished at: 2026-03-06T18:39:47+05:30
[INFO] ------------------------------------------------------------------------
[ERROR] Failed to execute goal org.apache.maven.plugins:maven-compiler-plugin:3.11.0:compile (default-compile) on project pos-system: Compilation failure: Compilation failure: 
[ERROR] /C:/Users/Balamurugan P/OneDrive/Desktop/Pos_billing/pos-system/backend-springboot/src/main/java/com/pos/system/security/JwtAuthenticationFilter.java:[3,31] cannot access com.pos.system.services.CustomUserDetailsService
[ERROR]   bad source file: C:\Users\Balamurugan P\OneDrive\Desktop\Pos_billing\pos-system\backend-springboot\src\main\java\com\pos\system\services\CustomUserDetailsService.java
[ERROR]     file does not contain class com.pos.system.services.CustomUserDetailsService
[ERROR]     Please remove or make sure it appears in the correct subdirectory of the sourcepath.
[ERROR] /C:/Users/Balamurugan P/OneDrive/Desktop/Pos_billing/pos-system/backend-springboot/src/main/java/com/pos/system/config/SwaggerConfig.java:[3,32] package io.swagger.v3.oas.models does not exist
[ERROR] /C:/Users/Balamurugan P/OneDrive/Desktop/Pos_billing/pos-system/backend-springboot/src/main/java/com/pos/system/config/SwaggerConfig.java:[4,32] package io.swagger.v3.oas.models does not exist
[ERROR] /C:/Users/Balamurugan P/OneDrive/Desktop/Pos_billing/pos-system/backend-springboot/src/main/java/com/pos/system/config/SwaggerConfig.java:[5,37] package io.swagger.v3.oas.models.info does not exist
[ERROR] /C:/Users/Balamurugan P/OneDrive/Desktop/Pos_billing/pos-system/backend-springboot/src/main/java/com/pos/system/config/SwaggerConfig.java:[6,37] package io.swagger.v3.oas.models.info does not exist
[ERROR] /C:/Users/Balamurugan P/OneDrive/Desktop/Pos_billing/pos-system/backend-springboot/src/main/java/com/pos/system/config/SwaggerConfig.java:[7,37] package io.swagger.v3.oas.models.info does not exist
[ERROR] /C:/Users/Balamurugan P/OneDrive/Desktop/Pos_billing/pos-system/backend-springboot/src/main/java/com/pos/system/config/SwaggerConfig.java:[8,41] package io.swagger.v3.oas.models.security does not exist
[ERROR] /C:/Users/Balamurugan P/OneDrive/Desktop/Pos_billing/pos-system/backend-springboot/src/main/java/com/pos/system/config/SwaggerConfig.java:[9,41] package io.swagger.v3.oas.models.security does not exist
[ERROR] /C:/Users/Balamurugan P/OneDrive/Desktop/Pos_billing/pos-system/backend-springboot/src/main/java/com/pos/system/config/SwaggerConfig.java:[17,12] cannot find symbol
[ERROR]   symbol:   class OpenAPI
[ERROR]   location: class com.pos.system.config.SwaggerConfig
[ERROR] /C:/Users/Balamurugan P/OneDrive/Desktop/Pos_billing/pos-system/backend-springboot/src/main/java/com/pos/system/config/SwaggerConfig.java:[34,13] cannot find symbol
[ERROR]   symbol:   class SecurityScheme
[ERROR]   location: class com.pos.system.config.SwaggerConfig
[ERROR] /C:/Users/Balamurugan P/OneDrive/Desktop/Pos_billing/pos-system/backend-springboot/src/main/java/com/pos/system/services/CustomUserDetailsService.java:[14,8] duplicate class: com.pos.system.service.CustomUserDetailsService
[ERROR] /C:/Users/Balamurugan P/OneDrive/Desktop/Pos_billing/pos-system/backend-springboot/src/main/java/com/pos/system/security/JwtAuthenticationFilter.java:[33,19] cannot find symbol
[ERROR]   symbol:   class CustomUserDetailsService
[ERROR]   location: class com.pos.system.security.JwtAuthenticationFilter
[ERROR] /C:/Users/Balamurugan P/OneDrive/Desktop/Pos_billing/pos-system/backend-springboot/src/main/java/com/pos/system/services/EmailService.java:[12,21] package org.thymeleaf does not exist
[ERROR] /C:/Users/Balamurugan P/OneDrive/Desktop/Pos_billing/pos-system/backend-springboot/src/main/java/com/pos/system/services/EmailService.java:[13,29] package org.thymeleaf.context does not exist
[ERROR] /C:/Users/Balamurugan P/OneDrive/Desktop/Pos_billing/pos-system/backend-springboot/src/main/java/com/pos/system/services/EmailService.java:[28,19] cannot find symbol
[ERROR]   symbol:   class TemplateEngine
[ERROR]   location: class com.pos.system.service.EmailService
[ERROR] /C:/Users/Balamurugan P/OneDrive/Desktop/Pos_billing/pos-system/backend-springboot/src/main/java/com/pos/system/repositories/CustomerRepository.java:[23,37] cannot find symbol
[ERROR]   symbol:   class Pageable
[ERROR]   location: interface com.pos.system.repositories.CustomerRepository
[ERROR] /C:/Users/Balamurugan P/OneDrive/Desktop/Pos_billing/pos-system/backend-springboot/src/main/java/com/pos/system/controllers/AuthControllerTest.java:[6,29] package org.junit.jupiter.api does not exist
[ERROR] /C:/Users/Balamurugan P/OneDrive/Desktop/Pos_billing/pos-system/backend-springboot/src/main/java/com/pos/system/controllers/AuthControllerTest.java:[8,63] package org.springframework.boot.test.autoconfigure.web.servlet does not exist
[ERROR] /C:/Users/Balamurugan P/OneDrive/Desktop/Pos_billing/pos-system/backend-springboot/src/main/java/com/pos/system/controllers/AuthControllerTest.java:[9,45] package org.springframework.boot.test.context does not exist
[ERROR] /C:/Users/Balamurugan P/OneDrive/Desktop/Pos_billing/pos-system/backend-springboot/src/main/java/com/pos/system/controllers/AuthControllerTest.java:[11,44] package org.springframework.test.web.servlet does not exist
[ERROR] /C:/Users/Balamurugan P/OneDrive/Desktop/Pos_billing/pos-system/backend-springboot/src/main/java/com/pos/system/controllers/AuthControllerTest.java:[13,59] package org.springframework.test.web.servlet.request does not exist
[ERROR] /C:/Users/Balamurugan P/OneDrive/Desktop/Pos_billing/pos-system/backend-springboot/src/main/java/com/pos/system/controllers/AuthControllerTest.java:[13,1] static import only from classes and interfaces
[ERROR] /C:/Users/Balamurugan P/OneDrive/Desktop/Pos_billing/pos-system/backend-springboot/src/main/java/com/pos/system/controllers/AuthControllerTest.java:[14,58] package org.springframework.test.web.servlet.result does not exist
[ERROR] /C:/Users/Balamurugan P/OneDrive/Desktop/Pos_billing/pos-system/backend-springboot/src/main/java/com/pos/system/controllers/AuthControllerTest.java:[14,1] static import only from classes and interfaces
[ERROR] /C:/Users/Balamurugan P/OneDrive/Desktop/Pos_billing/pos-system/backend-springboot/src/main/java/com/pos/system/controllers/AuthControllerTest.java:[15,58] package org.springframework.test.web.servlet.result does not exist
[ERROR] /C:/Users/Balamurugan P/OneDrive/Desktop/Pos_billing/pos-system/backend-springboot/src/main/java/com/pos/system/controllers/AuthControllerTest.java:[15,1] static import only from classes and interfaces
[ERROR] /C:/Users/Balamurugan P/OneDrive/Desktop/Pos_billing/pos-system/backend-springboot/src/main/java/com/pos/system/controllers/AuthControllerTest.java:[17,2] cannot find symbol
[ERROR]   symbol: class SpringBootTest
[ERROR] /C:/Users/Balamurugan P/OneDrive/Desktop/Pos_billing/pos-system/backend-springboot/src/main/java/com/pos/system/controllers/AuthControllerTest.java:[18,2] cannot find symbol
[ERROR]   symbol: class AutoConfigureMockMvc
[ERROR] /C:/Users/Balamurugan P/OneDrive/Desktop/Pos_billing/pos-system/backend-springboot/src/main/java/com/pos/system/controllers/AuthControllerTest.java:[22,13] cannot find symbol
[ERROR]   symbol:   class MockMvc
[ERROR]   location: class com.pos.system.controller.AuthControllerTest
[ERROR] /C:/Users/Balamurugan P/OneDrive/Desktop/Pos_billing/pos-system/backend-springboot/src/main/java/com/pos/system/controllers/AuthControllerTest.java:[27,6] cannot find symbol
[ERROR]   symbol:   class Test
[ERROR]   location: class com.pos.system.controller.AuthControllerTest
[ERROR] /C:/Users/Balamurugan P/OneDrive/Desktop/Pos_billing/pos-system/backend-springboot/src/main/java/com/pos/system/controllers/AuthControllerTest.java:[41,6] cannot find symbol
[ERROR]   symbol:   class Test
[ERROR]   location: class com.pos.system.controller.AuthControllerTest
[ERROR] /C:/Users/Balamurugan P/OneDrive/Desktop/Pos_billing/pos-system/backend-springboot/src/main/java/com/pos/system/controllers/AuthControllerTest.java:[53,6] cannot find symbol
[ERROR]   symbol:   class Test
[ERROR]   location: class com.pos.system.controller.AuthControllerTest
[ERROR] /C:/Users/Balamurugan P/OneDrive/Desktop/Pos_billing/pos-system/backend-springboot/src/main/java/com/pos/system/models/User.java:[22,8] com.pos.system.models.User is not abstract and does not override abstract method getUsername() in org.springframework.security.core.userdetails.UserDetails
[ERROR] /C:/Users/Balamurugan P/OneDrive/Desktop/Pos_billing/pos-system/backend-springboot/src/main/java/com/pos/system/exception/GlobalExceptionHandler.java:[22,9] cannot find symbol
[ERROR]   symbol:   variable log
[ERROR]   location: class com.pos.system.exception.GlobalExceptionHandler
[ERROR] /C:/Users/Balamurugan P/OneDrive/Desktop/Pos_billing/pos-system/backend-springboot/src/main/java/com/pos/system/exception/GlobalExceptionHandler.java:[29,9] cannot find symbol
[ERROR]   symbol:   variable log
[ERROR]   location: class com.pos.system.exception.GlobalExceptionHandler
[ERROR] /C:/Users/Balamurugan P/OneDrive/Desktop/Pos_billing/pos-system/backend-springboot/src/main/java/com/pos/system/exception/GlobalExceptionHandler.java:[49,9] cannot find symbol
[ERROR]   symbol:   variable log
[ERROR]   location: class com.pos.system.exception.GlobalExceptionHandler
[ERROR] /C:/Users/Balamurugan P/OneDrive/Desktop/Pos_billing/pos-system/backend-springboot/src/main/java/com/pos/system/services/ProductService.java:[59,57] cannot find symbol
[ERROR]   symbol:   method getBarcode()
[ERROR]   location: variable productDTO of type com.pos.system.dto.ProductDTO
[ERROR] /C:/Users/Balamurugan P/OneDrive/Desktop/Pos_billing/pos-system/backend-springboot/src/main/java/com/pos/system/services/ProductService.java:[60,76] cannot find symbol
[ERROR]   symbol:   method getBarcode()
[ERROR]   location: variable productDTO of type com.pos.system.dto.ProductDTO
[ERROR] /C:/Users/Balamurugan P/OneDrive/Desktop/Pos_billing/pos-system/backend-springboot/src/main/java/com/pos/system/services/ProductService.java:[66,9] cannot find symbol
[ERROR]   symbol:   variable log
[ERROR]   location: class com.pos.system.service.ProductService
[ERROR] /C:/Users/Balamurugan P/OneDrive/Desktop/Pos_billing/pos-system/backend-springboot/src/main/java/com/pos/system/services/ProductService.java:[66,48] cannot find symbol
[ERROR]   symbol:   method getName()
[ERROR]   location: variable product of type com.pos.system.models.Product
[ERROR] /C:/Users/Balamurugan P/OneDrive/Desktop/Pos_billing/pos-system/backend-springboot/src/main/java/com/pos/system/services/ProductService.java:[77,21] cannot find symbol
[ERROR]   symbol:   method getBarcode()
[ERROR]   location: variable product of type com.pos.system.models.Product
[ERROR] /C:/Users/Balamurugan P/OneDrive/Desktop/Pos_billing/pos-system/backend-springboot/src/main/java/com/pos/system/services/ProductService.java:[77,52] cannot find symbol
[ERROR]   symbol:   method getBarcode()
[ERROR]   location: variable productDTO of type com.pos.system.dto.ProductDTO
[ERROR] /C:/Users/Balamurugan P/OneDrive/Desktop/Pos_billing/pos-system/backend-springboot/src/main/java/com/pos/system/services/ProductService.java:[78,57] cannot find symbol
[ERROR]   symbol:   method getBarcode()
[ERROR]   location: variable productDTO of type com.pos.system.dto.ProductDTO
[ERROR] /C:/Users/Balamurugan P/OneDrive/Desktop/Pos_billing/pos-system/backend-springboot/src/main/java/com/pos/system/services/ProductService.java:[79,76] cannot find symbol
[ERROR]   symbol:   method getBarcode()
[ERROR]   location: variable productDTO of type com.pos.system.dto.ProductDTO
[ERROR] /C:/Users/Balamurugan P/OneDrive/Desktop/Pos_billing/pos-system/backend-springboot/src/main/java/com/pos/system/services/ProductService.java:[85,9] cannot find symbol
[ERROR]   symbol:   variable log
[ERROR]   location: class com.pos.system.service.ProductService
[ERROR] /C:/Users/Balamurugan P/OneDrive/Desktop/Pos_billing/pos-system/backend-springboot/src/main/java/com/pos/system/services/ProductService.java:[85,48] cannot find symbol
[ERROR]   symbol:   method getName()
[ERROR]   location: variable product of type com.pos.system.models.Product
[ERROR] /C:/Users/Balamurugan P/OneDrive/Desktop/Pos_billing/pos-system/backend-springboot/src/main/java/com/pos/system/services/ProductService.java:[96,16] cannot find symbol
[ERROR]   symbol:   method setActive(boolean)
[ERROR]   location: variable product of type com.pos.system.models.Product
[ERROR] /C:/Users/Balamurugan P/OneDrive/Desktop/Pos_billing/pos-system/backend-springboot/src/main/java/com/pos/system/services/ProductService.java:[99,9] cannot find symbol
[ERROR]   symbol:   variable log
[ERROR]   location: class com.pos.system.service.ProductService
[ERROR] /C:/Users/Balamurugan P/OneDrive/Desktop/Pos_billing/pos-system/backend-springboot/src/main/java/com/pos/system/services/ProductService.java:[99,55] cannot find symbol
[ERROR]   symbol:   method getName()
[ERROR]   location: variable product of type com.pos.system.models.Product
[ERROR] /C:/Users/Balamurugan P/OneDrive/Desktop/Pos_billing/pos-system/backend-springboot/src/main/java/com/pos/system/services/ProductService.java:[125,38] cannot find symbol
[ERROR]   symbol:   method getStockQuantity()
[ERROR]   location: variable product of type com.pos.system.models.Product
[ERROR] /C:/Users/Balamurugan P/OneDrive/Desktop/Pos_billing/pos-system/backend-springboot/src/main/java/com/pos/system/services/ProductService.java:[128,38] cannot find symbol
[ERROR]   symbol:   method getStockQuantity()
[ERROR]   location: variable product of type com.pos.system.models.Product
[ERROR] /C:/Users/Balamurugan P/OneDrive/Desktop/Pos_billing/pos-system/backend-springboot/src/main/java/com/pos/system/services/ProductService.java:[140,16] cannot find symbol
[ERROR]   symbol:   method setStockQuantity(int)
[ERROR]   location: variable product of type com.pos.system.models.Product
[ERROR] /C:/Users/Balamurugan P/OneDrive/Desktop/Pos_billing/pos-system/backend-springboot/src/main/java/com/pos/system/services/ProductService.java:[143,9] cannot find symbol
[ERROR]   symbol:   variable log
[ERROR]   location: class com.pos.system.service.ProductService
[ERROR] /C:/Users/Balamurugan P/OneDrive/Desktop/Pos_billing/pos-system/backend-springboot/src/main/java/com/pos/system/services/ProductService.java:[143,67] cannot find symbol
[ERROR]   symbol:   method getName()
[ERROR]   location: variable product of type com.pos.system.models.Product
[ERROR] /C:/Users/Balamurugan P/OneDrive/Desktop/Pos_billing/pos-system/backend-springboot/src/main/java/com/pos/system/services/ProductService.java:[144,25] cannot find symbol
[ERROR]   symbol:   method getStockQuantity()
[ERROR]   location: variable product of type com.pos.system.models.Product
[ERROR] /C:/Users/Balamurugan P/OneDrive/Desktop/Pos_billing/pos-system/backend-springboot/src/main/java/com/pos/system/services/ProductService.java:[150,26] cannot find symbol
[ERROR]   symbol:   method builder()
[ERROR]   location: class com.pos.system.dto.ProductDTO
[ERROR] /C:/Users/Balamurugan P/OneDrive/Desktop/Pos_billing/pos-system/backend-springboot/src/main/java/com/pos/system/services/ProductService.java:[151,28] cannot find symbol
[ERROR]   symbol:   method getId()
[ERROR]   location: variable product of type com.pos.system.models.Product
[ERROR] /C:/Users/Balamurugan P/OneDrive/Desktop/Pos_billing/pos-system/backend-springboot/src/main/java/com/pos/system/services/ProductService.java:[152,30] cannot find symbol
[ERROR]   symbol:   method getName()
[ERROR]   location: variable product of type com.pos.system.models.Product
[ERROR] /C:/Users/Balamurugan P/OneDrive/Desktop/Pos_billing/pos-system/backend-springboot/src/main/java/com/pos/system/services/ProductService.java:[153,33] cannot find symbol
[ERROR]   symbol:   method getBarcode()
[ERROR]   location: variable product of type com.pos.system.models.Product
[ERROR] /C:/Users/Balamurugan P/OneDrive/Desktop/Pos_billing/pos-system/backend-springboot/src/main/java/com/pos/system/services/ProductService.java:[154,37] cannot find symbol
[ERROR]   symbol:   method getDescription()
[ERROR]   location: variable product of type com.pos.system.models.Product
[ERROR] /C:/Users/Balamurugan P/OneDrive/Desktop/Pos_billing/pos-system/backend-springboot/src/main/java/com/pos/system/services/ProductService.java:[155,31] cannot find symbol
[ERROR]   symbol:   method getPrice()
[ERROR]   location: variable product of type com.pos.system.models.Product
[ERROR] /C:/Users/Balamurugan P/OneDrive/Desktop/Pos_billing/pos-system/backend-springboot/src/main/java/com/pos/system/services/ProductService.java:[156,35] cannot find symbol
[ERROR]   symbol:   method getCostPrice()
[ERROR]   location: variable product of type com.pos.system.models.Product
[ERROR] /C:/Users/Balamurugan P/OneDrive/Desktop/Pos_billing/pos-system/backend-springboot/src/main/java/com/pos/system/services/ProductService.java:[157,33] cannot find symbol
[ERROR]   symbol:   method getTaxRate()
[ERROR]   location: variable product of type com.pos.system.models.Product
[ERROR] /C:/Users/Balamurugan P/OneDrive/Desktop/Pos_billing/pos-system/backend-springboot/src/main/java/com/pos/system/services/ProductService.java:[158,39] cannot find symbol
[ERROR]   symbol:   method getStockQuantity()
[ERROR]   location: variable product of type com.pos.system.models.Product
[ERROR] /C:/Users/Balamurugan P/OneDrive/Desktop/Pos_billing/pos-system/backend-springboot/src/main/java/com/pos/system/services/ProductService.java:[159,39] cannot find symbol
[ERROR]   symbol:   method getMinStockLevel()
[ERROR]   location: variable product of type com.pos.system.models.Product
[ERROR] /C:/Users/Balamurugan P/OneDrive/Desktop/Pos_billing/pos-system/backend-springboot/src/main/java/com/pos/system/services/ProductService.java:[160,39] cannot find symbol
[ERROR]   symbol:   method getMaxStockLevel()
[ERROR]   location: variable product of type com.pos.system.models.Product
[ERROR] /C:/Users/Balamurugan P/OneDrive/Desktop/Pos_billing/pos-system/backend-springboot/src/main/java/com/pos/system/services/ProductService.java:[161,34] cannot find symbol
[ERROR]   symbol:   method getCategory()
[ERROR]   location: variable product of type com.pos.system.models.Product
[ERROR] /C:/Users/Balamurugan P/OneDrive/Desktop/Pos_billing/pos-system/backend-springboot/src/main/java/com/pos/system/services/ProductService.java:[162,31] cannot find symbol
[ERROR]   symbol:   method getBrand()
[ERROR]   location: variable product of type com.pos.system.models.Product
[ERROR] /C:/Users/Balamurugan P/OneDrive/Desktop/Pos_billing/pos-system/backend-springboot/src/main/java/com/pos/system/services/ProductService.java:[163,30] cannot find symbol
[ERROR]   symbol:   method getUnit()
[ERROR]   location: variable product of type com.pos.system.models.Product
[ERROR] /C:/Users/Balamurugan P/OneDrive/Desktop/Pos_billing/pos-system/backend-springboot/src/main/java/com/pos/system/services/ProductService.java:[164,36] cannot find symbol
[ERROR]   symbol:   method isWeighted()
[ERROR]   location: variable product of type com.pos.system.models.Product
[ERROR] /C:/Users/Balamurugan P/OneDrive/Desktop/Pos_billing/pos-system/backend-springboot/src/main/java/com/pos/system/services/ProductService.java:[165,36] cannot find symbol
[ERROR]   symbol:   method getPricePerKg()
[ERROR]   location: variable product of type com.pos.system.models.Product
[ERROR] /C:/Users/Balamurugan P/OneDrive/Desktop/Pos_billing/pos-system/backend-springboot/src/main/java/com/pos/system/services/ProductService.java:[166,34] cannot find symbol
[ERROR]   symbol:   method getImageUrl()
[ERROR]   location: variable product of type com.pos.system.models.Product
[ERROR] /C:/Users/Balamurugan P/OneDrive/Desktop/Pos_billing/pos-system/backend-springboot/src/main/java/com/pos/system/services/ProductService.java:[167,34] cannot find symbol
[ERROR]   symbol:   method isActive()
[ERROR]   location: variable product of type com.pos.system.models.Product
[ERROR] /C:/Users/Balamurugan P/OneDrive/Desktop/Pos_billing/pos-system/backend-springboot/src/main/java/com/pos/system/services/ProductService.java:[172,23] cannot find symbol
[ERROR]   symbol:   method builder()
[ERROR]   location: class com.pos.system.models.Product
[ERROR] /C:/Users/Balamurugan P/OneDrive/Desktop/Pos_billing/pos-system/backend-springboot/src/main/java/com/pos/system/services/ProductService.java:[173,26] cannot find symbol
[ERROR]   symbol:   method getName()
[ERROR]   location: variable dto of type com.pos.system.dto.ProductDTO
[ERROR] /C:/Users/Balamurugan P/OneDrive/Desktop/Pos_billing/pos-system/backend-springboot/src/main/java/com/pos/system/services/ProductService.java:[174,29] cannot find symbol
[ERROR]   symbol:   method getBarcode()
[ERROR]   location: variable dto of type com.pos.system.dto.ProductDTO
[ERROR] /C:/Users/Balamurugan P/OneDrive/Desktop/Pos_billing/pos-system/backend-springboot/src/main/java/com/pos/system/services/ProductService.java:[175,33] cannot find symbol
[ERROR]   symbol:   method getDescription()
[ERROR]   location: variable dto of type com.pos.system.dto.ProductDTO
[ERROR] /C:/Users/Balamurugan P/OneDrive/Desktop/Pos_billing/pos-system/backend-springboot/src/main/java/com/pos/system/services/ProductService.java:[176,27] cannot find symbol
[ERROR]   symbol:   method getPrice()
[ERROR]   location: variable dto of type com.pos.system.dto.ProductDTO
[ERROR] /C:/Users/Balamurugan P/OneDrive/Desktop/Pos_billing/pos-system/backend-springboot/src/main/java/com/pos/system/services/ProductService.java:[177,31] cannot find symbol
[ERROR]   symbol:   method getCostPrice()
[ERROR]   location: variable dto of type com.pos.system.dto.ProductDTO
[ERROR] /C:/Users/Balamurugan P/OneDrive/Desktop/Pos_billing/pos-system/backend-springboot/src/main/java/com/pos/system/services/ProductService.java:[178,29] cannot find symbol
[ERROR]   symbol:   method getTaxRate()
[ERROR]   location: variable dto of type com.pos.system.dto.ProductDTO
[ERROR] /C:/Users/Balamurugan P/OneDrive/Desktop/Pos_billing/pos-system/backend-springboot/src/main/java/com/pos/system/services/ProductService.java:[179,35] cannot find symbol
[ERROR]   symbol:   method getStockQuantity()
[ERROR]   location: variable dto of type com.pos.system.dto.ProductDTO
[ERROR] /C:/Users/Balamurugan P/OneDrive/Desktop/Pos_billing/pos-system/backend-springboot/src/main/java/com/pos/system/services/ProductService.java:[180,35] cannot find symbol
[ERROR]   symbol:   method getMinStockLevel()
[ERROR]   location: variable dto of type com.pos.system.dto.ProductDTO
[ERROR] /C:/Users/Balamurugan P/OneDrive/Desktop/Pos_billing/pos-system/backend-springboot/src/main/java/com/pos/system/services/ProductService.java:[181,35] cannot find symbol
[ERROR]   symbol:   method getMaxStockLevel()
[ERROR]   location: variable dto of type com.pos.system.dto.ProductDTO
[ERROR] /C:/Users/Balamurugan P/OneDrive/Desktop/Pos_billing/pos-system/backend-springboot/src/main/java/com/pos/system/services/ProductService.java:[182,30] cannot find symbol
[ERROR]   symbol:   method getCategory()
[ERROR]   location: variable dto of type com.pos.system.dto.ProductDTO
[ERROR] /C:/Users/Balamurugan P/OneDrive/Desktop/Pos_billing/pos-system/backend-springboot/src/main/java/com/pos/system/services/ProductService.java:[183,27] cannot find symbol
[ERROR]   symbol:   method getBrand()
[ERROR]   location: variable dto of type com.pos.system.dto.ProductDTO
[ERROR] /C:/Users/Balamurugan P/OneDrive/Desktop/Pos_billing/pos-system/backend-springboot/src/main/java/com/pos/system/services/ProductService.java:[184,26] cannot find symbol
[ERROR]   symbol:   method getUnit()
[ERROR]   location: variable dto of type com.pos.system.dto.ProductDTO
[ERROR] /C:/Users/Balamurugan P/OneDrive/Desktop/Pos_billing/pos-system/backend-springboot/src/main/java/com/pos/system/services/ProductService.java:[185,32] cannot find symbol
[ERROR]   symbol:   method isWeighted()
[ERROR]   location: variable dto of type com.pos.system.dto.ProductDTO
[ERROR] /C:/Users/Balamurugan P/OneDrive/Desktop/Pos_billing/pos-system/backend-springboot/src/main/java/com/pos/system/services/ProductService.java:[186,32] cannot find symbol
[ERROR]   symbol:   method getPricePerKg()
[ERROR]   location: variable dto of type com.pos.system.dto.ProductDTO
[ERROR] /C:/Users/Balamurugan P/OneDrive/Desktop/Pos_billing/pos-system/backend-springboot/src/main/java/com/pos/system/services/ProductService.java:[187,30] cannot find symbol
[ERROR]   symbol:   method getImageUrl()
[ERROR]   location: variable dto of type com.pos.system.dto.ProductDTO
[ERROR] /C:/Users/Balamurugan P/OneDrive/Desktop/Pos_billing/pos-system/backend-springboot/src/main/java/com/pos/system/services/ProductService.java:[188,30] cannot find symbol
[ERROR]   symbol:   method isActive()
[ERROR]   location: variable dto of type com.pos.system.dto.ProductDTO
[ERROR] /C:/Users/Balamurugan P/OneDrive/Desktop/Pos_billing/pos-system/backend-springboot/src/main/java/com/pos/system/services/ProductService.java:[193,28] cannot find symbol
[ERROR]   symbol:   method getName()
[ERROR]   location: variable dto of type com.pos.system.dto.ProductDTO
[ERROR] /C:/Users/Balamurugan P/OneDrive/Desktop/Pos_billing/pos-system/backend-springboot/src/main/java/com/pos/system/services/ProductService.java:[194,31] cannot find symbol
[ERROR]   symbol:   method getBarcode()
[ERROR]   location: variable dto of type com.pos.system.dto.ProductDTO
[ERROR] /C:/Users/Balamurugan P/OneDrive/Desktop/Pos_billing/pos-system/backend-springboot/src/main/java/com/pos/system/services/ProductService.java:[195,35] cannot find symbol
[ERROR]   symbol:   method getDescription()
[ERROR]   location: variable dto of type com.pos.system.dto.ProductDTO
[ERROR] /C:/Users/Balamurugan P/OneDrive/Desktop/Pos_billing/pos-system/backend-springboot/src/main/java/com/pos/system/services/ProductService.java:[196,29] cannot find symbol
[ERROR]   symbol:   method getPrice()
[ERROR]   location: variable dto of type com.pos.system.dto.ProductDTO
[ERROR] /C:/Users/Balamurugan P/OneDrive/Desktop/Pos_billing/pos-system/backend-springboot/src/main/java/com/pos/system/services/ProductService.java:[197,33] cannot find symbol
[ERROR]   symbol:   method getCostPrice()
[ERROR]   location: variable dto of type com.pos.system.dto.ProductDTO
[ERROR] /C:/Users/Balamurugan P/OneDrive/Desktop/Pos_billing/pos-system/backend-springboot/src/main/java/com/pos/system/services/ProductService.java:[198,31] cannot find symbol
[ERROR]   symbol:   method getTaxRate()
[ERROR]   location: variable dto of type com.pos.system.dto.ProductDTO
[ERROR] /C:/Users/Balamurugan P/OneDrive/Desktop/Pos_billing/pos-system/backend-springboot/src/main/java/com/pos/system/services/ProductService.java:[199,37] cannot find symbol
[ERROR]   symbol:   method getMinStockLevel()
[ERROR]   location: variable dto of type com.pos.system.dto.ProductDTO
[ERROR] /C:/Users/Balamurugan P/OneDrive/Desktop/Pos_billing/pos-system/backend-springboot/src/main/java/com/pos/system/services/ProductService.java:[200,37] cannot find symbol
[ERROR]   symbol:   method getMaxStockLevel()
[ERROR]   location: variable dto of type com.pos.system.dto.ProductDTO
[ERROR] /C:/Users/Balamurugan P/OneDrive/Desktop/Pos_billing/pos-system/backend-springboot/src/main/java/com/pos/system/services/ProductService.java:[201,32] cannot find symbol
[ERROR]   symbol:   method getCategory()
[ERROR]   location: variable dto of type com.pos.system.dto.ProductDTO
[ERROR] /C:/Users/Balamurugan P/OneDrive/Desktop/Pos_billing/pos-system/backend-springboot/src/main/java/com/pos/system/services/ProductService.java:[202,29] cannot find symbol
[ERROR]   symbol:   method getBrand()
[ERROR]   location: variable dto of type com.pos.system.dto.ProductDTO
[ERROR] -> [Help 1]
[ERROR] 
[ERROR] To see the full stack trace of the errors, re-run Maven with the -e switch.
[ERROR] Re-run Maven using the -X switch to enable full debug logging.
[ERROR] 
[ERROR] For more information about the errors and possible solutions, please read the following articles:
[ERROR] [Help 1] http://cwiki.apache.org/confluence/display/MAVEN/MojoFailureException
