[INFO] Scanning for projects...
[INFO] 
[INFO] -------------------------< com.pos:pos-system >-------------------------
[INFO] Building pos-system 1.0.0
[INFO]   from pom.xml
[INFO] --------------------------------[ jar ]---------------------------------
[INFO] 
[INFO] >>> spring-boot:3.1.5:run (default-cli) > test-compile @ pos-system >>>
[INFO] 
[INFO] --- resources:3.3.1:resources (default-resources) @ pos-system ---
[INFO] Copying 1 resource from src\main\resources to target\classes
[INFO] Copying 4 resources from src\main\resources to target\classes
[INFO] 
[INFO] --- compiler:3.11.0:compile (default-compile) @ pos-system ---
[INFO] Changes detected - recompiling the module! :source
[INFO] Compiling 47 source files with javac [debug release 17] to target\classes
[INFO] /C:/Users/Balamurugan P/OneDrive/Desktop/Pos_billing/pos-system/backend-springboot/src/main/java/com/pos/system/services/CustomerService.java: C:\Users\Balamurugan P\OneDrive\Desktop\Pos_billing\pos-system\backend-springboot\src\main\java\com\pos\system\services\CustomerService.java uses unchecked or unsafe operations.
[INFO] /C:/Users/Balamurugan P/OneDrive/Desktop/Pos_billing/pos-system/backend-springboot/src/main/java/com/pos/system/services/CustomerService.java: Recompile with -Xlint:unchecked for details.
[INFO] -------------------------------------------------------------
[WARNING] COMPILATION WARNING : 
[INFO] -------------------------------------------------------------
[WARNING] /C:/Users/Balamurugan P/OneDrive/Desktop/Pos_billing/pos-system/backend-springboot/src/main/java/com/pos/system/models/Product.java:[57,21] @Builder will ignore the initializing expression entirely. If you want the initializing expression to serve as default, add @Builder.Default. If it is not supposed to be settable during building, make the field final.
[WARNING] /C:/Users/Balamurugan P/OneDrive/Desktop/Pos_billing/pos-system/backend-springboot/src/main/java/com/pos/system/models/Product.java:[66,21] @Builder will ignore the initializing expression entirely. If you want the initializing expression to serve as default, add @Builder.Default. If it is not supposed to be settable during building, make the field final.
[WARNING] /C:/Users/Balamurugan P/OneDrive/Desktop/Pos_billing/pos-system/backend-springboot/src/main/java/com/pos/system/models/Transaction.java:[38,35] @Builder will ignore the initializing expression entirely. If you want the initializing expression to serve as default, add @Builder.Default. If it is not supposed to be settable during building, make the field final.
[WARNING] /C:/Users/Balamurugan P/OneDrive/Desktop/Pos_billing/pos-system/backend-springboot/src/main/java/com/pos/system/models/User.java:[52,21] @Builder will ignore the initializing expression entirely. If you want the initializing expression to serve as default, add @Builder.Default. If it is not supposed to be settable during building, make the field final.
[WARNING] /C:/Users/Balamurugan P/OneDrive/Desktop/Pos_billing/pos-system/backend-springboot/src/main/java/com/pos/system/models/Customer.java:[31,24] @Builder will ignore the initializing expression entirely. If you want the initializing expression to serve as default, add @Builder.Default. If it is not supposed to be settable during building, make the field final.
[INFO] 5 warnings 
[INFO] -------------------------------------------------------------
[INFO] -------------------------------------------------------------
[ERROR] COMPILATION ERROR : 
[INFO] -------------------------------------------------------------
[ERROR] /C:/Users/Balamurugan P/OneDrive/Desktop/Pos_billing/pos-system/backend-springboot/src/main/java/com/pos/system/services/ProductService.java:[96,16] cannot find symbol
  symbol:   method setActive(boolean)
  location: variable product of type com.pos.system.models.Product
[ERROR] /C:/Users/Balamurugan P/OneDrive/Desktop/Pos_billing/pos-system/backend-springboot/src/main/java/com/pos/system/services/ProductService.java:[164,36] cannot find symbol
  symbol:   method isWeighted()
  location: variable product of type com.pos.system.models.Product
[ERROR] /C:/Users/Balamurugan P/OneDrive/Desktop/Pos_billing/pos-system/backend-springboot/src/main/java/com/pos/system/services/ProductService.java:[167,34] cannot find symbol
  symbol:   method isActive()
  location: variable product of type com.pos.system.models.Product
[ERROR] /C:/Users/Balamurugan P/OneDrive/Desktop/Pos_billing/pos-system/backend-springboot/src/main/java/com/pos/system/services/ProductService.java:[204,16] cannot find symbol
  symbol:   method setWeighted(boolean)
  location: variable product of type com.pos.system.models.Product
[INFO] 4 errors 
[INFO] -------------------------------------------------------------
[INFO] ------------------------------------------------------------------------
[INFO] BUILD FAILURE
[INFO] ------------------------------------------------------------------------
[INFO] Total time:  13.216 s
[INFO] Finished at: 2026-03-06T20:10:27+05:30
[INFO] ------------------------------------------------------------------------
[ERROR] Failed to execute goal org.apache.maven.plugins:maven-compiler-plugin:3.11.0:compile (default-compile) on project pos-system: Compilation failure: Compilation failure: 
[ERROR] /C:/Users/Balamurugan P/OneDrive/Desktop/Pos_billing/pos-system/backend-springboot/src/main/java/com/pos/system/services/ProductService.java:[96,16] cannot find symbol
[ERROR]   symbol:   method setActive(boolean)
[ERROR]   location: variable product of type com.pos.system.models.Product
[ERROR] /C:/Users/Balamurugan P/OneDrive/Desktop/Pos_billing/pos-system/backend-springboot/src/main/java/com/pos/system/services/ProductService.java:[164,36] cannot find symbol
[ERROR]   symbol:   method isWeighted()
[ERROR]   location: variable product of type com.pos.system.models.Product
[ERROR] /C:/Users/Balamurugan P/OneDrive/Desktop/Pos_billing/pos-system/backend-springboot/src/main/java/com/pos/system/services/ProductService.java:[167,34] cannot find symbol
[ERROR]   symbol:   method isActive()
[ERROR]   location: variable product of type com.pos.system.models.Product
[ERROR] /C:/Users/Balamurugan P/OneDrive/Desktop/Pos_billing/pos-system/backend-springboot/src/main/java/com/pos/system/services/ProductService.java:[204,16] cannot find symbol
[ERROR]   symbol:   method setWeighted(boolean)
[ERROR]   location: variable product of type com.pos.system.models.Product
[ERROR] -> [Help 1]
[ERROR] 
[ERROR] To see the full stack trace of the errors, re-run Maven with the -e switch.
[ERROR] Re-run Maven using the -X switch to enable full debug logging.
[ERROR] 
[ERROR] For more information about the errors and possible solutions, please read the following articles:
[ERROR] [Help 1] http://cwiki.apache.org/confluence/display/MAVEN/MojoFailureException
