[INFO] Scanning for projects...
[INFO] 
[INFO] -------------------------< com.pos:pos-system >-------------------------
[INFO] Building pos-system 1.0.0
[INFO]   from pom.xml
[INFO] --------------------------------[ jar ]---------------------------------
[INFO] 
[INFO] >>> spring-boot:3.1.5:run (default-cli) > test-compile @ pos-system >>>
[INFO] 
[INFO] --- resources:3.3.1:resources (default-resources) @ pos-system ---
[INFO] Copying 1 resource from src\main\resources to target\classes
[INFO] Copying 4 resources from src\main\resources to target\classes
[INFO] 
[INFO] --- compiler:3.11.0:compile (default-compile) @ pos-system ---
[INFO] Nothing to compile - all classes are up to date
[INFO] 
[INFO] --- resources:3.3.1:testResources (default-testResources) @ pos-system ---
[INFO] skip non existing resourceDirectory C:\Users\Balamurugan P\OneDrive\Desktop\Pos_billing\pos-system\backend-springboot\src\test\resources
[INFO] 
[INFO] --- compiler:3.11.0:testCompile (default-testCompile) @ pos-system ---
[INFO] Changes detected - recompiling the module! :source
[INFO] Compiling 2 source files with javac [debug release 17] to target\test-classes
[INFO] 
[INFO] <<< spring-boot:3.1.5:run (default-cli) < test-compile @ pos-system <<<
[INFO] 
[INFO] 
[INFO] --- spring-boot:3.1.5:run (default-cli) @ pos-system ---
[INFO] Attaching agents: []

  .   ____          _            __ _ _
 /\\ / ___'_ __ _ _(_)_ __  __ _ \ \ \ \
( ( )\___ | '_ | '_| | '_ \/ _` | \ \ \ \
 \\/  ___)| |_)| | | | | || (_| |  ) ) ) )
  '  |____| .__|_| |_|_| |_\__, | / / / /
 =========|_|==============|___/=/_/_/_/
 :: Spring Boot ::                (v3.1.5)

2026-03-06T19:10:26.220+05:30  INFO 21184 --- [           main] com.pos.system.PosSystemApplication      : Starting PosSystemApplication using Java 17.0.12 with PID 21184 (C:\Users\Balamurugan P\OneDrive\Desktop\Pos_billing\pos-system\backend-springboot\target\classes started by Balamurugan P in C:\Users\Balamurugan P\OneDrive\Desktop\Pos_billing\pos-system\backend-springboot)
2026-03-06T19:10:26.221+05:30 DEBUG 21184 --- [           main] com.pos.system.PosSystemApplication      : Running with Spring Boot v3.1.5, Spring v6.0.13
2026-03-06T19:10:26.223+05:30  INFO 21184 --- [           main] com.pos.system.PosSystemApplication      : No active profile set, falling back to 1 default profile: "default"
2026-03-06T19:10:26.824+05:30  INFO 21184 --- [           main] .s.d.r.c.RepositoryConfigurationDelegate : Bootstrapping Spring Data JPA repositories in DEFAULT mode.
2026-03-06T19:10:26.884+05:30  INFO 21184 --- [           main] .s.d.r.c.RepositoryConfigurationDelegate : Finished Spring Data repository scanning in 54 ms. Found 6 JPA repository interfaces.
2026-03-06T19:10:27.410+05:30  INFO 21184 --- [           main] o.s.b.w.embedded.tomcat.TomcatWebServer  : Tomcat initialized with port(s): 8081 (http)
2026-03-06T19:10:27.418+05:30  INFO 21184 --- [           main] o.apache.catalina.core.StandardService   : Starting service [Tomcat]
2026-03-06T19:10:27.419+05:30  INFO 21184 --- [           main] o.apache.catalina.core.StandardEngine    : Starting Servlet engine: [Apache Tomcat/10.1.15]
2026-03-06T19:10:27.494+05:30  INFO 21184 --- [           main] o.a.c.c.C.[Tomcat].[localhost].[/api]    : Initializing Spring embedded WebApplicationContext
2026-03-06T19:10:27.495+05:30  INFO 21184 --- [           main] w.s.c.ServletWebServerApplicationContext : Root WebApplicationContext: initialization completed in 1234 ms
2026-03-06T19:10:27.610+05:30  INFO 21184 --- [           main] o.hibernate.jpa.internal.util.LogHelper  : HHH000204: Processing PersistenceUnitInfo [name: default]
2026-03-06T19:10:27.648+05:30  INFO 21184 --- [           main] org.hibernate.Version                    : HHH000412: Hibernate ORM core version 6.2.13.Final
2026-03-06T19:10:27.652+05:30  INFO 21184 --- [           main] org.hibernate.cfg.Environment            : HHH000406: Using bytecode reflection optimizer
2026-03-06T19:10:27.849+05:30  INFO 21184 --- [           main] o.s.o.j.p.SpringPersistenceUnitInfo      : No LoadTimeWeaver setup: ignoring JPA class transformer
2026-03-06T19:10:27.881+05:30  INFO 21184 --- [           main] com.zaxxer.hikari.HikariDataSource       : HikariPool-1 - Starting...
2026-03-06T19:10:27.986+05:30  INFO 21184 --- [           main] com.zaxxer.hikari.pool.HikariPool        : HikariPool-1 - Added connection com.mysql.cj.jdbc.ConnectionImpl@79308a2
2026-03-06T19:10:27.989+05:30  INFO 21184 --- [           main] com.zaxxer.hikari.HikariDataSource       : HikariPool-1 - Start completed.
2026-03-06T19:10:28.019+05:30  WARN 21184 --- [           main] org.hibernate.orm.deprecation            : HHH90000025: MySQL8Dialect does not need to be specified explicitly using 'hibernate.dialect' (remove the property setting and it will be selected by default)
2026-03-06T19:10:28.019+05:30  WARN 21184 --- [           main] org.hibernate.orm.deprecation            : HHH90000026: MySQL8Dialect has been deprecated; use org.hibernate.dialect.MySQLDialect instead
2026-03-06T19:10:28.820+05:30  INFO 21184 --- [           main] o.h.e.t.j.p.i.JtaPlatformInitiator       : HHH000489: No JTA platform available (set 'hibernate.transaction.jta.platform' to enable JTA platform integration)
2026-03-06T19:10:28.934+05:30  INFO 21184 --- [           main] j.LocalContainerEntityManagerFactoryBean : Initialized JPA EntityManagerFactory for persistence unit 'default'
2026-03-06T19:10:29.131+05:30  INFO 21184 --- [           main] o.s.d.j.r.query.QueryEnhancerFactory     : Hibernate is in classpath; If applicable, HQL parser will be used.
2026-03-06T19:10:29.412+05:30 DEBUG 21184 --- [           main] c.p.s.security.JwtAuthenticationFilter   : Filter 'jwtAuthenticationFilter' configured for use
2026-03-06T19:10:29.868+05:30  WARN 21184 --- [           main] JpaBaseConfiguration$JpaWebConfiguration : spring.jpa.open-in-view is enabled by default. Therefore, database queries may be performed during view rendering. Explicitly configure spring.jpa.open-in-view to disable this warning
2026-03-06T19:10:30.168+05:30  INFO 21184 --- [           main] o.s.s.web.DefaultSecurityFilterChain     : Will secure any request with [org.springframework.security.web.session.DisableEncodeUrlFilter@3e095ba6, org.springframework.security.web.context.request.async.WebAsyncManagerIntegrationFilter@87dc829, org.springframework.security.web.context.SecurityContextHolderFilter@5242e9f7, org.springframework.security.web.header.HeaderWriterFilter@3ca1a69b, org.springframework.web.filter.CorsFilter@5995ba6c, org.springframework.security.web.authentication.logout.LogoutFilter@507a53b6, com.pos.system.security.JwtAuthenticationFilter@3d70dab8, org.springframework.security.web.savedrequest.RequestCacheAwareFilter@7c9e149, org.springframework.security.web.servletapi.SecurityContextHolderAwareRequestFilter@4473bbc1, org.springframework.security.web.authentication.AnonymousAuthenticationFilter@6a6580d6, org.springframework.security.web.session.SessionManagementFilter@31857c80, org.springframework.security.web.access.ExceptionTranslationFilter@4fb56bdf, org.springframework.security.web.access.intercept.AuthorizationFilter@6f61698]
2026-03-06T19:10:30.393+05:30  INFO 21184 --- [           main] o.s.b.w.embedded.tomcat.TomcatWebServer  : Tomcat started on port(s): 8081 (http) with context path '/api'
2026-03-06T19:10:30.401+05:30  INFO 21184 --- [           main] com.pos.system.PosSystemApplication      : Started PosSystemApplication in 4.48 seconds (process running for 4.803)
[INFO] ------------------------------------------------------------------------
[INFO] BUILD FAILURE
[INFO] ------------------------------------------------------------------------
[INFO] Total time:  03:17 min
[INFO] Finished at: 2026-03-06T19:13:37+05:30
[INFO] ------------------------------------------------------------------------
[ERROR] Failed to execute goal org.springframework.boot:spring-boot-maven-plugin:3.1.5:run (default-cli) on project pos-system: Process terminated with exit code: -1 -> [Help 1]
[ERROR] 
[ERROR] To see the full stack trace of the errors, re-run Maven with the -e switch.
[ERROR] Re-run Maven using the -X switch to enable full debug logging.
[ERROR] 
[ERROR] For more information about the errors and possible solutions, please read the following articles:
[ERROR] [Help 1] http://cwiki.apache.org/confluence/display/MAVEN/MojoExecutionException
