[INFO] Scanning for projects...
[INFO] 
[INFO] -------------------------< com.pos:pos-system >-------------------------
[INFO] Building pos-system 1.0.0
[INFO]   from pom.xml
[INFO] --------------------------------[ jar ]---------------------------------
[INFO] 
[INFO] >>> spring-boot:3.1.5:run (default-cli) > test-compile @ pos-system >>>
[INFO] 
[INFO] --- resources:3.3.1:resources (default-resources) @ pos-system ---
[INFO] Copying 1 resource from src\main\resources to target\classes
[INFO] Copying 4 resources from src\main\resources to target\classes
[INFO] 
[INFO] --- compiler:3.11.0:compile (default-compile) @ pos-system ---
[INFO] Changes detected - recompiling the module! :source
[INFO] Compiling 47 source files with javac [debug release 17] to target\classes
[WARNING] /C:/Users/Balamurugan P/OneDrive/Desktop/Pos_billing/pos-system/backend-springboot/src/main/java/com/pos/system/models/Transaction.java:[38,35] @Builder will ignore the initializing expression entirely. If you want the initializing expression to serve as default, add @Builder.Default. If it is not supposed to be settable during building, make the field final.
[WARNING] /C:/Users/Balamurugan P/OneDrive/Desktop/Pos_billing/pos-system/backend-springboot/src/main/java/com/pos/system/models/Product.java:[57,21] @Builder will ignore the initializing expression entirely. If you want the initializing expression to serve as default, add @Builder.Default. If it is not supposed to be settable during building, make the field final.
[WARNING] /C:/Users/Balamurugan P/OneDrive/Desktop/Pos_billing/pos-system/backend-springboot/src/main/java/com/pos/system/models/Product.java:[66,21] @Builder will ignore the initializing expression entirely. If you want the initializing expression to serve as default, add @Builder.Default. If it is not supposed to be settable during building, make the field final.
[WARNING] /C:/Users/Balamurugan P/OneDrive/Desktop/Pos_billing/pos-system/backend-springboot/src/main/java/com/pos/system/models/User.java:[52,21] @Builder will ignore the initializing expression entirely. If you want the initializing expression to serve as default, add @Builder.Default. If it is not supposed to be settable during building, make the field final.
[WARNING] /C:/Users/Balamurugan P/OneDrive/Desktop/Pos_billing/pos-system/backend-springboot/src/main/java/com/pos/system/dto/LoginResponse.java:[24,20] @Builder will ignore the initializing expression entirely. If you want the initializing expression to serve as default, add @Builder.Default. If it is not supposed to be settable during building, make the field final.
[WARNING] /C:/Users/Balamurugan P/OneDrive/Desktop/Pos_billing/pos-system/backend-springboot/src/main/java/com/pos/system/models/Customer.java:[31,24] @Builder will ignore the initializing expression entirely. If you want the initializing expression to serve as default, add @Builder.Default. If it is not supposed to be settable during building, make the field final.
[INFO] /C:/Users/Balamurugan P/OneDrive/Desktop/Pos_billing/pos-system/backend-springboot/src/main/java/com/pos/system/services/CustomerService.java: C:\Users\Balamurugan P\OneDrive\Desktop\Pos_billing\pos-system\backend-springboot\src\main\java\com\pos\system\services\CustomerService.java uses unchecked or unsafe operations.
[INFO] /C:/Users/Balamurugan P/OneDrive/Desktop/Pos_billing/pos-system/backend-springboot/src/main/java/com/pos/system/services/CustomerService.java: Recompile with -Xlint:unchecked for details.
[INFO] 
[INFO] --- resources:3.3.1:testResources (default-testResources) @ pos-system ---
[INFO] skip non existing resourceDirectory C:\Users\Balamurugan P\OneDrive\Desktop\Pos_billing\pos-system\backend-springboot\src\test\resources
[INFO] 
[INFO] --- compiler:3.11.0:testCompile (default-testCompile) @ pos-system ---
[INFO] Changes detected - recompiling the module! :dependency
[INFO] Compiling 2 source files with javac [debug release 17] to target\test-classes
[INFO] 
[INFO] <<< spring-boot:3.1.5:run (default-cli) < test-compile @ pos-system <<<
[INFO] 
[INFO] 
[INFO] --- spring-boot:3.1.5:run (default-cli) @ pos-system ---
[INFO] Attaching agents: []

  .   ____          _            __ _ _
 /\\ / ___'_ __ _ _(_)_ __  __ _ \ \ \ \
( ( )\___ | '_ | '_| | '_ \/ _` | \ \ \ \
 \\/  ___)| |_)| | | | | || (_| |  ) ) ) )
  '  |____| .__|_| |_|_| |_\__, | / / / /
 =========|_|==============|___/=/_/_/_/
 :: Spring Boot ::                (v3.1.5)

2026-03-06T19:08:17.276+05:30  INFO 20520 --- [           main] com.pos.system.PosSystemApplication      : Starting PosSystemApplication using Java 17.0.12 with PID 20520 (C:\Users\Balamurugan P\OneDrive\Desktop\Pos_billing\pos-system\backend-springboot\target\classes started by Balamurugan P in C:\Users\Balamurugan P\OneDrive\Desktop\Pos_billing\pos-system\backend-springboot)
2026-03-06T19:08:17.278+05:30 DEBUG 20520 --- [           main] com.pos.system.PosSystemApplication      : Running with Spring Boot v3.1.5, Spring v6.0.13
2026-03-06T19:08:17.279+05:30  INFO 20520 --- [           main] com.pos.system.PosSystemApplication      : No active profile set, falling back to 1 default profile: "default"
2026-03-06T19:08:18.066+05:30  INFO 20520 --- [           main] .s.d.r.c.RepositoryConfigurationDelegate : Bootstrapping Spring Data JPA repositories in DEFAULT mode.
2026-03-06T19:08:18.135+05:30  INFO 20520 --- [           main] .s.d.r.c.RepositoryConfigurationDelegate : Finished Spring Data repository scanning in 61 ms. Found 6 JPA repository interfaces.
2026-03-06T19:08:18.603+05:30  INFO 20520 --- [           main] o.s.b.w.embedded.tomcat.TomcatWebServer  : Tomcat initialized with port(s): 8081 (http)
2026-03-06T19:08:18.609+05:30  INFO 20520 --- [           main] o.apache.catalina.core.StandardService   : Starting service [Tomcat]
2026-03-06T19:08:18.609+05:30  INFO 20520 --- [           main] o.apache.catalina.core.StandardEngine    : Starting Servlet engine: [Apache Tomcat/10.1.15]
2026-03-06T19:08:18.684+05:30  INFO 20520 --- [           main] o.a.c.c.C.[Tomcat].[localhost].[/api]    : Initializing Spring embedded WebApplicationContext
2026-03-06T19:08:18.685+05:30  INFO 20520 --- [           main] w.s.c.ServletWebServerApplicationContext : Root WebApplicationContext: initialization completed in 1363 ms
2026-03-06T19:08:18.780+05:30  INFO 20520 --- [           main] o.hibernate.jpa.internal.util.LogHelper  : HHH000204: Processing PersistenceUnitInfo [name: default]
2026-03-06T19:08:18.821+05:30  INFO 20520 --- [           main] org.hibernate.Version                    : HHH000412: Hibernate ORM core version 6.2.13.Final
2026-03-06T19:08:18.823+05:30  INFO 20520 --- [           main] org.hibernate.cfg.Environment            : HHH000406: Using bytecode reflection optimizer
2026-03-06T19:08:18.998+05:30  INFO 20520 --- [           main] o.s.o.j.p.SpringPersistenceUnitInfo      : No LoadTimeWeaver setup: ignoring JPA class transformer
2026-03-06T19:08:19.021+05:30  INFO 20520 --- [           main] com.zaxxer.hikari.HikariDataSource       : HikariPool-1 - Starting...
2026-03-06T19:08:19.131+05:30  INFO 20520 --- [           main] com.zaxxer.hikari.pool.HikariPool        : HikariPool-1 - Added connection com.mysql.cj.jdbc.ConnectionImpl@27502e5c
2026-03-06T19:08:19.134+05:30  INFO 20520 --- [           main] com.zaxxer.hikari.HikariDataSource       : HikariPool-1 - Start completed.
2026-03-06T19:08:19.168+05:30  WARN 20520 --- [           main] org.hibernate.orm.deprecation            : HHH90000025: MySQL8Dialect does not need to be specified explicitly using 'hibernate.dialect' (remove the property setting and it will be selected by default)
2026-03-06T19:08:19.169+05:30  WARN 20520 --- [           main] org.hibernate.orm.deprecation            : HHH90000026: MySQL8Dialect has been deprecated; use org.hibernate.dialect.MySQLDialect instead
2026-03-06T19:08:19.952+05:30  INFO 20520 --- [           main] o.h.e.t.j.p.i.JtaPlatformInitiator       : HHH000489: No JTA platform available (set 'hibernate.transaction.jta.platform' to enable JTA platform integration)
Hibernate: 
    create table transactions (
        id bigint not null auto_increment,
        amount_change decimal(38,2),
        created_at datetime(6),
        discount decimal(38,2),
        notes varchar(255),
        paid_amount decimal(38,2),
        payment_method varchar(255),
        status varchar(255),
        subtotal decimal(38,2),
        tax decimal(38,2),
        total decimal(38,2),
        transaction_number varchar(255),
        cashier_id bigint,
        customer_id bigint,
        primary key (id)
    ) engine=InnoDB
Hibernate: 
    alter table transactions 
       drop index UK_3w93192dhkdixcb3xncuf84pj
Hibernate: 
    alter table transactions 
       add constraint UK_3w93192dhkdixcb3xncuf84pj unique (transaction_number)
Hibernate: 
    alter table transaction_items 
       add constraint FKfaqqkmi2ahnahay1ciwffqwyp 
       foreign key (transaction_id) 
       references transactions (id)
Hibernate: 
    alter table transactions 
       add constraint FKld32c0oc871tmae0dse406qv 
       foreign key (cashier_id) 
       references users (id)
Hibernate: 
    alter table transactions 
       add constraint FKpnnreq9lpejqyjfct60v7n7x1 
       foreign key (customer_id) 
       references customers (id)
2026-03-06T19:08:20.365+05:30  INFO 20520 --- [           main] j.LocalContainerEntityManagerFactoryBean : Initialized JPA EntityManagerFactory for persistence unit 'default'
2026-03-06T19:08:20.569+05:30  INFO 20520 --- [           main] o.s.d.j.r.query.QueryEnhancerFactory     : Hibernate is in classpath; If applicable, HQL parser will be used.
2026-03-06T19:08:20.877+05:30 DEBUG 20520 --- [           main] c.p.s.security.JwtAuthenticationFilter   : Filter 'jwtAuthenticationFilter' configured for use
2026-03-06T19:08:21.341+05:30  WARN 20520 --- [           main] JpaBaseConfiguration$JpaWebConfiguration : spring.jpa.open-in-view is enabled by default. Therefore, database queries may be performed during view rendering. Explicitly configure spring.jpa.open-in-view to disable this warning
2026-03-06T19:08:21.553+05:30  INFO 20520 --- [           main] o.s.s.web.DefaultSecurityFilterChain     : Will secure any request with [org.springframework.security.web.session.DisableEncodeUrlFilter@221ebed1, org.springframework.security.web.context.request.async.WebAsyncManagerIntegrationFilter@65ea3961, org.springframework.security.web.context.SecurityContextHolderFilter@29f68e88, org.springframework.security.web.header.HeaderWriterFilter@23b456ac, org.springframework.web.filter.CorsFilter@1781e2e1, org.springframework.security.web.authentication.logout.LogoutFilter@2390a185, com.pos.system.security.JwtAuthenticationFilter@5926f291, org.springframework.security.web.savedrequest.RequestCacheAwareFilter@325fa8c, org.springframework.security.web.servletapi.SecurityContextHolderAwareRequestFilter@1b694a00, org.springframework.security.web.authentication.AnonymousAuthenticationFilter@4721485, org.springframework.security.web.session.SessionManagementFilter@3ea95c22, org.springframework.security.web.access.ExceptionTranslationFilter@289f9094, org.springframework.security.web.access.intercept.AuthorizationFilter@6a75b8d3]
2026-03-06T19:08:21.763+05:30  WARN 20520 --- [           main] ConfigServletWebServerApplicationContext : Exception encountered during context initialization - cancelling refresh attempt: org.springframework.context.ApplicationContextException: Failed to start bean 'webServerStartStop'
2026-03-06T19:08:21.765+05:30  INFO 20520 --- [           main] j.LocalContainerEntityManagerFactoryBean : Closing JPA EntityManagerFactory for persistence unit 'default'
2026-03-06T19:08:21.768+05:30  INFO 20520 --- [           main] com.zaxxer.hikari.HikariDataSource       : HikariPool-1 - Shutdown initiated...
2026-03-06T19:08:21.773+05:30  INFO 20520 --- [           main] com.zaxxer.hikari.HikariDataSource       : HikariPool-1 - Shutdown completed.
2026-03-06T19:08:21.775+05:30  INFO 20520 --- [           main] o.apache.catalina.core.StandardService   : Stopping service [Tomcat]
2026-03-06T19:08:21.783+05:30  INFO 20520 --- [           main] .s.b.a.l.ConditionEvaluationReportLogger : 

Error starting ApplicationContext. To display the condition evaluation report re-run your application with 'debug' enabled.
2026-03-06T19:08:21.793+05:30 ERROR 20520 --- [           main] o.s.b.d.LoggingFailureAnalysisReporter   : 

***************************
APPLICATION FAILED TO START
***************************

Description:

Web server failed to start. Port 8081 was already in use.

Action:

Identify and stop the process that's listening on port 8081 or configure this application to listen on another port.

[INFO] ------------------------------------------------------------------------
[INFO] BUILD FAILURE
[INFO] ------------------------------------------------------------------------
[INFO] Total time:  11.480 s
[INFO] Finished at: 2026-03-06T19:08:21+05:30
[INFO] ------------------------------------------------------------------------
[ERROR] Failed to execute goal org.springframework.boot:spring-boot-maven-plugin:3.1.5:run (default-cli) on project pos-system: Process terminated with exit code: 1 -> [Help 1]
[ERROR] 
[ERROR] To see the full stack trace of the errors, re-run Maven with the -e switch.
[ERROR] Re-run Maven using the -X switch to enable full debug logging.
[ERROR] 
[ERROR] For more information about the errors and possible solutions, please read the following articles:
[ERROR] [Help 1] http://cwiki.apache.org/confluence/display/MAVEN/MojoExecutionException
