[INFO] Scanning for projects...
[INFO] 
[INFO] -------------------------< com.pos:pos-system >-------------------------
[INFO] Building pos-system 1.0.0
[INFO]   from pom.xml
[INFO] --------------------------------[ jar ]---------------------------------
[INFO] 
[INFO] >>> spring-boot:3.1.5:run (default-cli) > test-compile @ pos-system >>>
[INFO] 
[INFO] --- resources:3.3.1:resources (default-resources) @ pos-system ---
[INFO] Copying 1 resource from src\main\resources to target\classes
[INFO] Copying 4 resources from src\main\resources to target\classes
[INFO] 
[INFO] --- compiler:3.11.0:compile (default-compile) @ pos-system ---
[INFO] Changes detected - recompiling the module! :source
[INFO] Compiling 48 source files with javac [debug release 17] to target\classes
[WARNING] /C:/Users/Balamurugan P/OneDrive/Desktop/Pos_billing/pos-system/backend-springboot/src/main/java/com/pos/system/models/Transaction.java:[38,35] @Builder will ignore the initializing expression entirely. If you want the initializing expression to serve as default, add @Builder.Default. If it is not supposed to be settable during building, make the field final.
[WARNING] /C:/Users/Balamurugan P/OneDrive/Desktop/Pos_billing/pos-system/backend-springboot/src/main/java/com/pos/system/models/Customer.java:[31,24] @Builder will ignore the initializing expression entirely. If you want the initializing expression to serve as default, add @Builder.Default. If it is not supposed to be settable during building, make the field final.
[WARNING] /C:/Users/Balamurugan P/OneDrive/Desktop/Pos_billing/pos-system/backend-springboot/src/main/java/com/pos/system/models/User.java:[52,21] @Builder will ignore the initializing expression entirely. If you want the initializing expression to serve as default, add @Builder.Default. If it is not supposed to be settable during building, make the field final.
[WARNING] /C:/Users/Balamurugan P/OneDrive/Desktop/Pos_billing/pos-system/backend-springboot/src/main/java/com/pos/system/models/Product.java:[57,21] @Builder will ignore the initializing expression entirely. If you want the initializing expression to serve as default, add @Builder.Default. If it is not supposed to be settable during building, make the field final.
[WARNING] /C:/Users/Balamurugan P/OneDrive/Desktop/Pos_billing/pos-system/backend-springboot/src/main/java/com/pos/system/models/Product.java:[66,21] @Builder will ignore the initializing expression entirely. If you want the initializing expression to serve as default, add @Builder.Default. If it is not supposed to be settable during building, make the field final.
[INFO] /C:/Users/Balamurugan P/OneDrive/Desktop/Pos_billing/pos-system/backend-springboot/src/main/java/com/pos/system/services/CustomerService.java: C:\Users\Balamurugan P\OneDrive\Desktop\Pos_billing\pos-system\backend-springboot\src\main\java\com\pos\system\services\CustomerService.java uses unchecked or unsafe operations.
[INFO] /C:/Users/Balamurugan P/OneDrive/Desktop/Pos_billing/pos-system/backend-springboot/src/main/java/com/pos/system/services/CustomerService.java: Recompile with -Xlint:unchecked for details.
[INFO] 
[INFO] --- resources:3.3.1:testResources (default-testResources) @ pos-system ---
[INFO] skip non existing resourceDirectory C:\Users\Balamurugan P\OneDrive\Desktop\Pos_billing\pos-system\backend-springboot\src\test\resources
[INFO] 
[INFO] --- compiler:3.11.0:testCompile (default-testCompile) @ pos-system ---
[INFO] Changes detected - recompiling the module! :dependency
[INFO] Compiling 2 source files with javac [debug release 17] to target\test-classes
[INFO] 
[INFO] <<< spring-boot:3.1.5:run (default-cli) < test-compile @ pos-system <<<
[INFO] 
[INFO] 
[INFO] --- spring-boot:3.1.5:run (default-cli) @ pos-system ---
[INFO] Attaching agents: []

  .   ____          _            __ _ _
 /\\ / ___'_ __ _ _(_)_ __  __ _ \ \ \ \
( ( )\___ | '_ | '_| | '_ \/ _` | \ \ \ \
 \\/  ___)| |_)| | | | | || (_| |  ) ) ) )
  '  |____| .__|_| |_|_| |_\__, | / / / /
 =========|_|==============|___/=/_/_/_/
 :: Spring Boot ::                (v3.1.5)

2026-03-06T19:54:10.422+05:30  INFO 13564 --- [           main] com.pos.system.PosSystemApplication      : Starting PosSystemApplication using Java 17.0.12 with PID 13564 (C:\Users\Balamurugan P\OneDrive\Desktop\Pos_billing\pos-system\backend-springboot\target\classes started by Balamurugan P in C:\Users\Balamurugan P\OneDrive\Desktop\Pos_billing\pos-system\backend-springboot)
2026-03-06T19:54:10.423+05:30 DEBUG 13564 --- [           main] com.pos.system.PosSystemApplication      : Running with Spring Boot v3.1.5, Spring v6.0.13
2026-03-06T19:54:10.423+05:30  INFO 13564 --- [           main] com.pos.system.PosSystemApplication      : No active profile set, falling back to 1 default profile: "default"
2026-03-06T19:54:11.183+05:30  INFO 13564 --- [           main] .s.d.r.c.RepositoryConfigurationDelegate : Bootstrapping Spring Data JPA repositories in DEFAULT mode.
2026-03-06T19:54:11.259+05:30  INFO 13564 --- [           main] .s.d.r.c.RepositoryConfigurationDelegate : Finished Spring Data repository scanning in 71 ms. Found 6 JPA repository interfaces.
2026-03-06T19:54:11.818+05:30  INFO 13564 --- [           main] o.s.b.w.embedded.tomcat.TomcatWebServer  : Tomcat initialized with port(s): 8081 (http)
2026-03-06T19:54:11.828+05:30  INFO 13564 --- [           main] o.apache.catalina.core.StandardService   : Starting service [Tomcat]
2026-03-06T19:54:11.828+05:30  INFO 13564 --- [           main] o.apache.catalina.core.StandardEngine    : Starting Servlet engine: [Apache Tomcat/10.1.15]
2026-03-06T19:54:12.274+05:30  INFO 13564 --- [           main] o.a.c.c.C.[Tomcat].[localhost].[/api]    : Initializing Spring embedded WebApplicationContext
2026-03-06T19:54:12.274+05:30  INFO 13564 --- [           main] w.s.c.ServletWebServerApplicationContext : Root WebApplicationContext: initialization completed in 1799 ms
2026-03-06T19:54:12.429+05:30  INFO 13564 --- [           main] o.hibernate.jpa.internal.util.LogHelper  : HHH000204: Processing PersistenceUnitInfo [name: default]
2026-03-06T19:54:12.562+05:30  INFO 13564 --- [           main] org.hibernate.Version                    : HHH000412: Hibernate ORM core version 6.2.13.Final
2026-03-06T19:54:12.568+05:30  INFO 13564 --- [           main] org.hibernate.cfg.Environment            : HHH000406: Using bytecode reflection optimizer
2026-03-06T19:54:12.880+05:30  INFO 13564 --- [           main] o.s.o.j.p.SpringPersistenceUnitInfo      : No LoadTimeWeaver setup: ignoring JPA class transformer
2026-03-06T19:54:12.911+05:30  INFO 13564 --- [           main] com.zaxxer.hikari.HikariDataSource       : HikariPool-1 - Starting...
2026-03-06T19:54:13.080+05:30  INFO 13564 --- [           main] com.zaxxer.hikari.pool.HikariPool        : HikariPool-1 - Added connection com.mysql.cj.jdbc.ConnectionImpl@7de6549d
2026-03-06T19:54:13.082+05:30  INFO 13564 --- [           main] com.zaxxer.hikari.HikariDataSource       : HikariPool-1 - Start completed.
2026-03-06T19:54:13.134+05:30  WARN 13564 --- [           main] org.hibernate.orm.deprecation            : HHH90000025: MySQL8Dialect does not need to be specified explicitly using 'hibernate.dialect' (remove the property setting and it will be selected by default)
2026-03-06T19:54:13.135+05:30  WARN 13564 --- [           main] org.hibernate.orm.deprecation            : HHH90000026: MySQL8Dialect has been deprecated; use org.hibernate.dialect.MySQLDialect instead
2026-03-06T19:54:14.165+05:30  INFO 13564 --- [           main] o.h.e.t.j.p.i.JtaPlatformInitiator       : HHH000489: No JTA platform available (set 'hibernate.transaction.jta.platform' to enable JTA platform integration)
2026-03-06T19:54:14.241+05:30  INFO 13564 --- [           main] j.LocalContainerEntityManagerFactoryBean : Initialized JPA EntityManagerFactory for persistence unit 'default'
2026-03-06T19:54:14.462+05:30  INFO 13564 --- [           main] o.s.d.j.r.query.QueryEnhancerFactory     : Hibernate is in classpath; If applicable, HQL parser will be used.
2026-03-06T19:54:14.874+05:30 DEBUG 13564 --- [           main] c.p.s.security.JwtAuthenticationFilter   : Filter 'jwtAuthenticationFilter' configured for use
2026-03-06T19:54:15.374+05:30  WARN 13564 --- [           main] JpaBaseConfiguration$JpaWebConfiguration : spring.jpa.open-in-view is enabled by default. Therefore, database queries may be performed during view rendering. Explicitly configure spring.jpa.open-in-view to disable this warning
2026-03-06T19:54:15.630+05:30  INFO 13564 --- [           main] o.s.s.web.DefaultSecurityFilterChain     : Will secure any request with [org.springframework.security.web.session.DisableEncodeUrlFilter@5dca9fd8, org.springframework.security.web.context.request.async.WebAsyncManagerIntegrationFilter@325fa8c, org.springframework.security.web.context.SecurityContextHolderFilter@70b38e0, org.springframework.security.web.header.HeaderWriterFilter@19fce226, org.springframework.web.filter.CorsFilter@6f61698, org.springframework.security.web.authentication.logout.LogoutFilter@159c9c91, com.pos.system.security.JwtAuthenticationFilter@2c332922, org.springframework.security.web.savedrequest.RequestCacheAwareFilter@31857c80, org.springframework.security.web.servletapi.SecurityContextHolderAwareRequestFilter@2164f202, org.springframework.security.web.authentication.AnonymousAuthenticationFilter@1b694a00, org.springframework.security.web.session.SessionManagementFilter@6f422ecc, org.springframework.security.web.access.ExceptionTranslationFilter@24e0989e, org.springframework.security.web.access.intercept.AuthorizationFilter@3ccc5fa2]
2026-03-06T19:54:15.936+05:30  INFO 13564 --- [           main] o.s.b.w.embedded.tomcat.TomcatWebServer  : Tomcat started on port(s): 8081 (http) with context path '/api'
2026-03-06T19:54:15.945+05:30  INFO 13564 --- [           main] com.pos.system.PosSystemApplication      : Started PosSystemApplication in 5.868 seconds (process running for 6.287)
[INFO] ------------------------------------------------------------------------
[INFO] BUILD FAILURE
[INFO] ------------------------------------------------------------------------
[INFO] Total time:  05:24 min
[INFO] Finished at: 2026-03-06T19:59:11+05:30
[INFO] ------------------------------------------------------------------------
[ERROR] Failed to execute goal org.springframework.boot:spring-boot-maven-plugin:3.1.5:run (default-cli) on project pos-system: Process terminated with exit code: -1 -> [Help 1]
[ERROR] 
[ERROR] To see the full stack trace of the errors, re-run Maven with the -e switch.
[ERROR] Re-run Maven using the -X switch to enable full debug logging.
[ERROR] 
[ERROR] For more information about the errors and possible solutions, please read the following articles:
[ERROR] [Help 1] http://cwiki.apache.org/confluence/display/MAVEN/MojoExecutionException
