C:\Users\Balamurugan P\OneDrive\Desktop\Pos_billing\pos-system\backend-django\venv\Lib\site-packages\requests\__init__.py:113: RequestsDependencyWarning: urllib3 (2.6.3) or chardet (7.0.1)/charset_normalizer (3.4.4) doesn't match a supported version!
  warnings.warn(
C:\Users\Balamurugan P\OneDrive\Desktop\Pos_billing\pos-system\backend-django\venv\Lib\site-packages\requests\__init__.py:113: RequestsDependencyWarning: urllib3 (2.6.3) or chardet (7.0.1)/charset_normalizer (3.4.4) doesn't match a supported version!
  warnings.warn(
INFO 2026-03-06 19:01:08,616 Watching for file changes with StatReloader
Performing system checks...

System check identified some issues:

WARNINGS:
?: (staticfiles.W004) The directory 'C:\Users\Balamurugan P\OneDrive\Desktop\Pos_billing\pos-system\backend-django\static' in the STATICFILES_DIRS setting does not exist.

System check identified 1 issue (0 silenced).
Exception in thread django-main-thread:
Traceback (most recent call last):
  File "C:\Users\Balamurugan P\OneDrive\Desktop\Pos_billing\pos-system\backend-django\venv\Lib\site-packages\django\db\backends\base\base.py", line 289, in ensure_connection
    self.connect()
  File "C:\Users\Balamurugan P\OneDrive\Desktop\Pos_billing\pos-system\backend-django\venv\Lib\site-packages\django\utils\asyncio.py", line 26, in inner
    return func(*args, **kwargs)
           ^^^^^^^^^^^^^^^^^^^^^
  File "C:\Users\Balamurugan P\OneDrive\Desktop\Pos_billing\pos-system\backend-django\venv\Lib\site-packages\django\db\backends\base\base.py", line 270, in connect
    self.connection = self.get_new_connection(conn_params)
                      ^^^^^^^^^^^^^^^^^^^^^^^^^^^^^^^^^^^^
  File "C:\Users\Balamurugan P\OneDrive\Desktop\Pos_billing\pos-system\backend-django\venv\Lib\site-packages\django\utils\asyncio.py", line 26, in inner
    return func(*args, **kwargs)
           ^^^^^^^^^^^^^^^^^^^^^
  File "C:\Users\Balamurugan P\OneDrive\Desktop\Pos_billing\pos-system\backend-django\venv\Lib\site-packages\django\db\backends\mysql\base.py", line 247, in get_new_connection
    connection = Database.connect(**conn_params)
                 ^^^^^^^^^^^^^^^^^^^^^^^^^^^^^^^
  File "C:\Users\Balamurugan P\OneDrive\Desktop\Pos_billing\pos-system\backend-django\venv\Lib\site-packages\pymysql\connections.py", line 358, in __init__
    self.connect()
  File "C:\Users\Balamurugan P\OneDrive\Desktop\Pos_billing\pos-system\backend-django\venv\Lib\site-packages\pymysql\connections.py", line 664, in connect
    self._request_authentication()
  File "C:\Users\Balamurugan P\OneDrive\Desktop\Pos_billing\pos-system\backend-django\venv\Lib\site-packages\pymysql\connections.py", line 976, in _request_authentication
    auth_packet = _auth.caching_sha2_password_auth(self, auth_packet)
                  ^^^^^^^^^^^^^^^^^^^^^^^^^^^^^^^^^^^^^^^^^^^^^^^^^^^
  File "C:\Users\Balamurugan P\OneDrive\Desktop\Pos_billing\pos-system\backend-django\venv\Lib\site-packages\pymysql\_auth.py", line 267, in caching_sha2_password_auth
    pkt = _roundtrip(conn, data)
          ^^^^^^^^^^^^^^^^^^^^^^
  File "C:\Users\Balamurugan P\OneDrive\Desktop\Pos_billing\pos-system\backend-django\venv\Lib\site-packages\pymysql\_auth.py", line 120, in _roundtrip
    pkt = conn._read_packet()
          ^^^^^^^^^^^^^^^^^^^
  File "C:\Users\Balamurugan P\OneDrive\Desktop\Pos_billing\pos-system\backend-django\venv\Lib\site-packages\pymysql\connections.py", line 772, in _read_packet
    packet.raise_for_error()
  File "C:\Users\Balamurugan P\OneDrive\Desktop\Pos_billing\pos-system\backend-django\venv\Lib\site-packages\pymysql\protocol.py", line 221, in raise_for_error
    err.raise_mysql_exception(self._data)
  File "C:\Users\Balamurugan P\OneDrive\Desktop\Pos_billing\pos-system\backend-django\venv\Lib\site-packages\pymysql\err.py", line 143, in raise_mysql_exception
    raise errorclass(errno, errval)
pymysql.err.OperationalError: (1045, "Access denied for user 'root'@'localhost' (using password: YES)")

The above exception was the direct cause of the following exception:

Traceback (most recent call last):
  File "C:\Program Files\Python312\Lib\threading.py", line 1075, in _bootstrap_inner
    self.run()
  File "C:\Program Files\Python312\Lib\threading.py", line 1012, in run
    self._target(*self._args, **self._kwargs)
  File "C:\Users\Balamurugan P\OneDrive\Desktop\Pos_billing\pos-system\backend-django\venv\Lib\site-packages\django\utils\autoreload.py", line 64, in wrapper
    fn(*args, **kwargs)
  File "C:\Users\Balamurugan P\OneDrive\Desktop\Pos_billing\pos-system\backend-django\venv\Lib\site-packages\django\core\management\commands\runserver.py", line 136, in inner_run
    self.check_migrations()
  File "C:\Users\Balamurugan P\OneDrive\Desktop\Pos_billing\pos-system\backend-django\venv\Lib\site-packages\django\core\management\base.py", line 574, in check_migrations
    executor = MigrationExecutor(connections[DEFAULT_DB_ALIAS])
               ^^^^^^^^^^^^^^^^^^^^^^^^^^^^^^^^^^^^^^^^^^^^^^^^
  File "C:\Users\Balamurugan P\OneDrive\Desktop\Pos_billing\pos-system\backend-django\venv\Lib\site-packages\django\db\migrations\executor.py", line 18, in __init__
    self.loader = MigrationLoader(self.connection)
                  ^^^^^^^^^^^^^^^^^^^^^^^^^^^^^^^^
  File "C:\Users\Balamurugan P\OneDrive\Desktop\Pos_billing\pos-system\backend-django\venv\Lib\site-packages\django\db\migrations\loader.py", line 58, in __init__
    self.build_graph()
  File "C:\Users\Balamurugan P\OneDrive\Desktop\Pos_billing\pos-system\backend-django\venv\Lib\site-packages\django\db\migrations\loader.py", line 235, in build_graph
    self.applied_migrations = recorder.applied_migrations()
                              ^^^^^^^^^^^^^^^^^^^^^^^^^^^^^
  File "C:\Users\Balamurugan P\OneDrive\Desktop\Pos_billing\pos-system\backend-django\venv\Lib\site-packages\django\db\migrations\recorder.py", line 81, in applied_migrations
    if self.has_table():
       ^^^^^^^^^^^^^^^^
  File "C:\Users\Balamurugan P\OneDrive\Desktop\Pos_billing\pos-system\backend-django\venv\Lib\site-packages\django\db\migrations\recorder.py", line 57, in has_table
    with self.connection.cursor() as cursor:
         ^^^^^^^^^^^^^^^^^^^^^^^^
  File "C:\Users\Balamurugan P\OneDrive\Desktop\Pos_billing\pos-system\backend-django\venv\Lib\site-packages\django\utils\asyncio.py", line 26, in inner
    return func(*args, **kwargs)
           ^^^^^^^^^^^^^^^^^^^^^
  File "C:\Users\Balamurugan P\OneDrive\Desktop\Pos_billing\pos-system\backend-django\venv\Lib\site-packages\django\db\backends\base\base.py", line 330, in cursor
    return self._cursor()
           ^^^^^^^^^^^^^^
  File "C:\Users\Balamurugan P\OneDrive\Desktop\Pos_billing\pos-system\backend-django\venv\Lib\site-packages\django\db\backends\base\base.py", line 306, in _cursor
    self.ensure_connection()
  File "C:\Users\Balamurugan P\OneDrive\Desktop\Pos_billing\pos-system\backend-django\venv\Lib\site-packages\django\utils\asyncio.py", line 26, in inner
    return func(*args, **kwargs)
           ^^^^^^^^^^^^^^^^^^^^^
  File "C:\Users\Balamurugan P\OneDrive\Desktop\Pos_billing\pos-system\backend-django\venv\Lib\site-packages\django\db\backends\base\base.py", line 288, in ensure_connection
    with self.wrap_database_errors:
         ^^^^^^^^^^^^^^^^^^^^^^^^^
  File "C:\Users\Balamurugan P\OneDrive\Desktop\Pos_billing\pos-system\backend-django\venv\Lib\site-packages\django\db\utils.py", line 91, in __exit__
    raise dj_exc_value.with_traceback(traceback) from exc_value
  File "C:\Users\Balamurugan P\OneDrive\Desktop\Pos_billing\pos-system\backend-django\venv\Lib\site-packages\django\db\backends\base\base.py", line 289, in ensure_connection
    self.connect()
  File "C:\Users\Balamurugan P\OneDrive\Desktop\Pos_billing\pos-system\backend-django\venv\Lib\site-packages\django\utils\asyncio.py", line 26, in inner
    return func(*args, **kwargs)
           ^^^^^^^^^^^^^^^^^^^^^
  File "C:\Users\Balamurugan P\OneDrive\Desktop\Pos_billing\pos-system\backend-django\venv\Lib\site-packages\django\db\backends\base\base.py", line 270, in connect
    self.connection = self.get_new_connection(conn_params)
                      ^^^^^^^^^^^^^^^^^^^^^^^^^^^^^^^^^^^^
  File "C:\Users\Balamurugan P\OneDrive\Desktop\Pos_billing\pos-system\backend-django\venv\Lib\site-packages\django\utils\asyncio.py", line 26, in inner
    return func(*args, **kwargs)
           ^^^^^^^^^^^^^^^^^^^^^
  File "C:\Users\Balamurugan P\OneDrive\Desktop\Pos_billing\pos-system\backend-django\venv\Lib\site-packages\django\db\backends\mysql\base.py", line 247, in get_new_connection
    connection = Database.connect(**conn_params)
                 ^^^^^^^^^^^^^^^^^^^^^^^^^^^^^^^
  File "C:\Users\Balamurugan P\OneDrive\Desktop\Pos_billing\pos-system\backend-django\venv\Lib\site-packages\pymysql\connections.py", line 358, in __init__
    self.connect()
  File "C:\Users\Balamurugan P\OneDrive\Desktop\Pos_billing\pos-system\backend-django\venv\Lib\site-packages\pymysql\connections.py", line 664, in connect
    self._request_authentication()
  File "C:\Users\Balamurugan P\OneDrive\Desktop\Pos_billing\pos-system\backend-django\venv\Lib\site-packages\pymysql\connections.py", line 976, in _request_authentication
    auth_packet = _auth.caching_sha2_password_auth(self, auth_packet)
                  ^^^^^^^^^^^^^^^^^^^^^^^^^^^^^^^^^^^^^^^^^^^^^^^^^^^
  File "C:\Users\Balamurugan P\OneDrive\Desktop\Pos_billing\pos-system\backend-django\venv\Lib\site-packages\pymysql\_auth.py", line 267, in caching_sha2_password_auth
    pkt = _roundtrip(conn, data)
          ^^^^^^^^^^^^^^^^^^^^^^
  File "C:\Users\Balamurugan P\OneDrive\Desktop\Pos_billing\pos-system\backend-django\venv\Lib\site-packages\pymysql\_auth.py", line 120, in _roundtrip
    pkt = conn._read_packet()
          ^^^^^^^^^^^^^^^^^^^
  File "C:\Users\Balamurugan P\OneDrive\Desktop\Pos_billing\pos-system\backend-django\venv\Lib\site-packages\pymysql\connections.py", line 772, in _read_packet
    packet.raise_for_error()
  File "C:\Users\Balamurugan P\OneDrive\Desktop\Pos_billing\pos-system\backend-django\venv\Lib\site-packages\pymysql\protocol.py", line 221, in raise_for_error
    err.raise_mysql_exception(self._data)
  File "C:\Users\Balamurugan P\OneDrive\Desktop\Pos_billing\pos-system\backend-django\venv\Lib\site-packages\pymysql\err.py", line 143, in raise_mysql_exception
    raise errorclass(errno, errval)
django.db.utils.OperationalError: (1045, "Access denied for user 'root'@'localhost' (using password: YES)")
INFO 2026-03-06 19:24:13,909 C:\Users\Balamurugan P\OneDrive\Desktop\Pos_billing\pos-system\backend-django\api\views.py changed, reloading.
C:\Users\Balamurugan P\OneDrive\Desktop\Pos_billing\pos-system\backend-django\venv\Lib\site-packages\requests\__init__.py:113: RequestsDependencyWarning: urllib3 (2.6.3) or chardet (7.0.1)/charset_normalizer (3.4.4) doesn't match a supported version!
  warnings.warn(
INFO 2026-03-06 19:24:17,218 Watching for file changes with StatReloader
Performing system checks...

System check identified no issues (0 silenced).
March 06, 2026 - 19:24:20
Django version 4.2.7, using settings 'pos_system.settings'
Starting development server at http://0.0.0.0:8000/
Quit the server with CTRL-BREAK.

INFO 2026-03-06 19:24:27,469 C:\Users\Balamurugan P\OneDrive\Desktop\Pos_billing\pos-system\backend-django\api\models.py changed, reloading.
C:\Users\Balamurugan P\OneDrive\Desktop\Pos_billing\pos-system\backend-django\venv\Lib\site-packages\requests\__init__.py:113: RequestsDependencyWarning: urllib3 (2.6.3) or chardet (7.0.1)/charset_normalizer (3.4.4) doesn't match a supported version!
  warnings.warn(
INFO 2026-03-06 19:24:32,106 Watching for file changes with StatReloader
Performing system checks...

System check identified no issues (0 silenced).
March 06, 2026 - 19:24:36
Django version 4.2.7, using settings 'pos_system.settings'
Starting development server at http://0.0.0.0:8000/
Quit the server with CTRL-BREAK.

INFO 2026-03-06 20:09:32,244 C:\Users\Balamurugan P\OneDrive\Desktop\Pos_billing\pos-system\backend-django\pos_system\settings.py changed, reloading.
C:\Users\Balamurugan P\OneDrive\Desktop\Pos_billing\pos-system\backend-django\venv\Lib\site-packages\requests\__init__.py:113: RequestsDependencyWarning: urllib3 (2.6.3) or chardet (7.0.1)/charset_normalizer (3.4.4) doesn't match a supported version!
  warnings.warn(
INFO 2026-03-06 20:09:43,936 Watching for file changes with StatReloader
Performing system checks...

System check identified no issues (0 silenced).
March 06, 2026 - 20:10:01
Django version 4.2.7, using settings 'pos_system.settings'
Starting development server at http://0.0.0.0:8000/
Quit the server with CTRL-BREAK.

INFO 2026-03-06 20:13:29,221 C:\Users\Balamurugan P\OneDrive\Desktop\Pos_billing\pos-system\backend-django\reporting\views.py changed, reloading.
C:\Users\Balamurugan P\OneDrive\Desktop\Pos_billing\pos-system\backend-django\venv\Lib\site-packages\requests\__init__.py:113: RequestsDependencyWarning: urllib3 (2.6.3) or chardet (7.0.1)/charset_normalizer (3.4.4) doesn't match a supported version!
  warnings.warn(
INFO 2026-03-06 20:13:33,722 Watching for file changes with StatReloader
Performing system checks...

System check identified no issues (0 silenced).
March 06, 2026 - 20:13:38
Django version 4.2.7, using settings 'pos_system.settings'
Starting development server at http://0.0.0.0:8000/
Quit the server with CTRL-BREAK.

INFO 2026-03-06 20:15:15,314 C:\Users\Balamurugan P\OneDrive\Desktop\Pos_billing\pos-system\backend-django\pos_system\settings.py changed, reloading.
C:\Users\Balamurugan P\OneDrive\Desktop\Pos_billing\pos-system\backend-django\venv\Lib\site-packages\requests\__init__.py:113: RequestsDependencyWarning: urllib3 (2.6.3) or chardet (7.0.1)/charset_normalizer (3.4.4) doesn't match a supported version!
  warnings.warn(
INFO 2026-03-06 20:15:18,579 Watching for file changes with StatReloader
Performing system checks...

System check identified no issues (0 silenced).
March 06, 2026 - 20:15:22
Django version 4.2.7, using settings 'pos_system.settings'
Starting development server at http://0.0.0.0:8000/
Quit the server with CTRL-BREAK.

INFO 2026-03-06 20:17:36,172 C:\Users\Balamurugan P\OneDrive\Desktop\Pos_billing\pos-system\backend-django\analytics\views.py changed, reloading.
C:\Users\Balamurugan P\OneDrive\Desktop\Pos_billing\pos-system\backend-django\venv\Lib\site-packages\requests\__init__.py:113: RequestsDependencyWarning: urllib3 (2.6.3) or chardet (7.0.1)/charset_normalizer (3.4.4) doesn't match a supported version!
  warnings.warn(
INFO 2026-03-06 20:17:40,626 Watching for file changes with StatReloader
Performing system checks...

System check identified no issues (0 silenced).
March 06, 2026 - 20:17:44
Django version 4.2.7, using settings 'pos_system.settings'
Starting development server at http://0.0.0.0:8000/
Quit the server with CTRL-BREAK.

INFO 2026-03-06 20:17:58,698 C:\Users\Balamurugan P\OneDrive\Desktop\Pos_billing\pos-system\backend-django\pos_system\urls.py changed, reloading.
C:\Users\Balamurugan P\OneDrive\Desktop\Pos_billing\pos-system\backend-django\venv\Lib\site-packages\requests\__init__.py:113: RequestsDependencyWarning: urllib3 (2.6.3) or chardet (7.0.1)/charset_normalizer (3.4.4) doesn't match a supported version!
  warnings.warn(
INFO 2026-03-06 20:18:02,676 Watching for file changes with StatReloader
Performing system checks...

System check identified no issues (0 silenced).
March 06, 2026 - 20:18:07
Django version 4.2.7, using settings 'pos_system.settings'
Starting development server at http://0.0.0.0:8000/
Quit the server with CTRL-BREAK.

