2026-03-09 16:31:46 [main] INFO  com.pos.system.PosSystemApplication - Starting PosSystemApplication using Java 17.0.12 with PID 13184 (C:\Users\Balamurugan P\OneDrive\Desktop\Pos_billing\pos-system\backend-springboot\target\classes started by Balamurugan P in C:\Users\Balamurugan P\OneDrive\Desktop\Pos_billing\pos-system\backend-springboot)
2026-03-09 16:31:46 [main] DEBUG com.pos.system.PosSystemApplication - Running with Spring Boot v3.1.5, Spring v6.0.13
2026-03-09 16:31:46 [main] INFO  com.pos.system.PosSystemApplication - No active profile set, falling back to 1 default profile: "default"
2026-03-09 16:31:47 [main] INFO  o.s.d.r.c.RepositoryConfigurationDelegate - Bootstrapping Spring Data JPA repositories in DEFAULT mode.
2026-03-09 16:31:47 [main] INFO  o.s.d.r.c.RepositoryConfigurationDelegate - Finished Spring Data repository scanning in 108 ms. Found 7 JPA repository interfaces.
2026-03-09 16:31:48 [main] INFO  o.s.b.w.e.tomcat.TomcatWebServer - Tomcat initialized with port(s): 8081 (http)
2026-03-09 16:31:48 [main] INFO  o.a.catalina.core.StandardService - Starting service [Tomcat]
2026-03-09 16:31:48 [main] INFO  o.a.catalina.core.StandardEngine - Starting Servlet engine: [Apache Tomcat/10.1.15]
2026-03-09 16:31:48 [main] INFO  o.a.c.c.C.[.[localhost].[/api] - Initializing Spring embedded WebApplicationContext
2026-03-09 16:31:48 [main] INFO  o.s.b.w.s.c.ServletWebServerApplicationContext - Root WebApplicationContext: initialization completed in 2249 ms
2026-03-09 16:31:48 [main] INFO  o.h.jpa.internal.util.LogHelper - HHH000204: Processing PersistenceUnitInfo [name: default]
2026-03-09 16:31:48 [main] INFO  org.hibernate.Version - HHH000412: Hibernate ORM core version 6.2.13.Final
2026-03-09 16:31:48 [main] INFO  org.hibernate.cfg.Environment - HHH000406: Using bytecode reflection optimizer
2026-03-09 16:31:49 [main] INFO  o.s.o.j.p.SpringPersistenceUnitInfo - No LoadTimeWeaver setup: ignoring JPA class transformer
2026-03-09 16:31:49 [main] INFO  com.zaxxer.hikari.HikariDataSource - HikariPool-1 - Starting...
2026-03-09 16:31:49 [main] INFO  com.zaxxer.hikari.pool.HikariPool - HikariPool-1 - Added connection com.mysql.cj.jdbc.ConnectionImpl@5fdb7394
2026-03-09 16:31:49 [main] INFO  com.zaxxer.hikari.HikariDataSource - HikariPool-1 - Start completed.
2026-03-09 16:31:49 [main] WARN  org.hibernate.orm.deprecation - HHH90000025: MySQL8Dialect does not need to be specified explicitly using 'hibernate.dialect' (remove the property setting and it will be selected by default)
2026-03-09 16:31:49 [main] WARN  org.hibernate.orm.deprecation - HHH90000026: MySQL8Dialect has been deprecated; use org.hibernate.dialect.MySQLDialect instead
2026-03-09 16:31:51 [main] INFO  o.h.e.t.j.p.i.JtaPlatformInitiator - HHH000489: No JTA platform available (set 'hibernate.transaction.jta.platform' to enable JTA platform integration)
2026-03-09 16:31:51 [main] INFO  o.s.o.j.LocalContainerEntityManagerFactoryBean - Initialized JPA EntityManagerFactory for persistence unit 'default'
2026-03-09 16:31:51 [main] INFO  o.s.d.j.r.query.QueryEnhancerFactory - Hibernate is in classpath; If applicable, HQL parser will be used.
2026-03-09 16:31:52 [main] DEBUG c.p.s.s.JwtAuthenticationFilter - Filter 'jwtAuthenticationFilter' configured for use
2026-03-09 16:31:53 [main] WARN  o.s.b.a.o.j.JpaBaseConfiguration$JpaWebConfiguration - spring.jpa.open-in-view is enabled by default. Therefore, database queries may be performed during view rendering. Explicitly configure spring.jpa.open-in-view to disable this warning
2026-03-09 16:31:53 [main] INFO  o.s.s.web.DefaultSecurityFilterChain - Will secure any request with [org.springframework.security.web.session.DisableEncodeUrlFilter@6d67e03, org.springframework.security.web.context.request.async.WebAsyncManagerIntegrationFilter@962e8c5, org.springframework.security.web.context.SecurityContextHolderFilter@2fb0f432, org.springframework.security.web.header.HeaderWriterFilter@5e47e1f, org.springframework.web.filter.CorsFilter@433e9108, org.springframework.security.web.authentication.logout.LogoutFilter@4a5e1a3a, com.pos.system.security.JwtAuthenticationFilter@2d7fe300, org.springframework.security.web.savedrequest.RequestCacheAwareFilter@56fb87cd, org.springframework.security.web.servletapi.SecurityContextHolderAwareRequestFilter@4639d92c, org.springframework.security.web.authentication.AnonymousAuthenticationFilter@70ac3a87, org.springframework.security.web.session.SessionManagementFilter@d418cb3, org.springframework.security.web.access.ExceptionTranslationFilter@5b6fd32d, org.springframework.security.web.access.intercept.AuthorizationFilter@3a96b5a1]
2026-03-09 16:31:53 [main] INFO  o.s.b.w.e.tomcat.TomcatWebServer - Tomcat started on port(s): 8081 (http) with context path '/api'
2026-03-09 16:31:53 [main] INFO  com.pos.system.PosSystemApplication - Started PosSystemApplication in 8.8 seconds (process running for 9.553)
2026-03-09 16:35:28 [http-nio-8081-exec-1] INFO  o.a.c.c.C.[.[localhost].[/api] - Initializing Spring DispatcherServlet 'dispatcherServlet'
2026-03-09 16:35:28 [http-nio-8081-exec-1] INFO  o.s.web.servlet.DispatcherServlet - Initializing Servlet 'dispatcherServlet'
2026-03-09 16:35:28 [http-nio-8081-exec-1] INFO  o.s.web.servlet.DispatcherServlet - Completed initialization in 4 ms
2026-03-09 16:35:29 [http-nio-8081-exec-1] INFO  com.pos.system.services.AuthService - Login attempt for username: cashier
2026-03-09 16:35:29 [http-nio-8081-exec-1] INFO  com.pos.system.services.AuthService - Login successful for user: cashier, role: ROLE_CASHIER
2026-03-09 16:36:06 [http-nio-8081-exec-2] DEBUG c.p.s.s.JwtAuthenticationFilter - JWT Token found in request: /api/auth/me
2026-03-09 16:36:06 [http-nio-8081-exec-3] DEBUG c.p.s.s.JwtAuthenticationFilter - JWT Token found in request: /api/auth/me
2026-03-09 16:36:06 [http-nio-8081-exec-3] ERROR com.pos.system.utils.JwtUtil - JWT token is expired: JWT expired at 2026-03-08T15:47:22Z. Current time: 2026-03-09T11:06:06Z, a difference of 69524925 milliseconds.  Allowed clock skew: 0 milliseconds.
2026-03-09 16:36:06 [http-nio-8081-exec-2] ERROR com.pos.system.utils.JwtUtil - JWT token is expired: JWT expired at 2026-03-08T15:47:22Z. Current time: 2026-03-09T11:06:06Z, a difference of 69524925 milliseconds.  Allowed clock skew: 0 milliseconds.
2026-03-09 16:36:07 [http-nio-8081-exec-2] ERROR c.p.s.s.JwtAuthenticationFilter - Error communicating with Django verification service: 401 Unauthorized: [no body]
2026-03-09 16:36:07 [http-nio-8081-exec-3] ERROR c.p.s.s.JwtAuthenticationFilter - Error communicating with Django verification service: 401 Unauthorized: [no body]
2026-03-09 16:36:07 [http-nio-8081-exec-2] ERROR com.pos.system.utils.JwtUtil - JWT token is expired: JWT expired at 2026-03-08T15:47:22Z. Current time: 2026-03-09T11:06:07Z, a difference of 69525131 milliseconds.  Allowed clock skew: 0 milliseconds.
2026-03-09 16:36:07 [http-nio-8081-exec-3] ERROR com.pos.system.utils.JwtUtil - JWT token is expired: JWT expired at 2026-03-08T15:47:22Z. Current time: 2026-03-09T11:06:07Z, a difference of 69525133 milliseconds.  Allowed clock skew: 0 milliseconds.
2026-03-09 16:36:07 [http-nio-8081-exec-2] ERROR c.p.s.s.JwtAuthenticationFilter - Token verification with Django failed
2026-03-09 16:36:07 [http-nio-8081-exec-3] ERROR c.p.s.s.JwtAuthenticationFilter - Token verification with Django failed
2026-03-09 16:36:07 [http-nio-8081-exec-3] ERROR c.p.s.e.GlobalExceptionHandler - Runtime exception: 
java.lang.ClassCastException: class java.lang.String cannot be cast to class com.pos.system.models.User (java.lang.String is in module java.base of loader 'bootstrap'; com.pos.system.models.User is in unnamed module of loader 'app')
	at com.pos.system.services.AuthService.getCurrentUser(AuthService.java:146)
	at java.base/jdk.internal.reflect.NativeMethodAccessorImpl.invoke0(Native Method)
	at java.base/jdk.internal.reflect.NativeMethodAccessorImpl.invoke(NativeMethodAccessorImpl.java:77)
	at java.base/jdk.internal.reflect.DelegatingMethodAccessorImpl.invoke(DelegatingMethodAccessorImpl.java:43)
	at java.base/java.lang.reflect.Method.invoke(Method.java:568)
	at org.springframework.aop.support.AopUtils.invokeJoinpointUsingReflection(AopUtils.java:343)
	at org.springframework.aop.framework.CglibAopProxy$DynamicAdvisedInterceptor.intercept(CglibAopProxy.java:699)
	at com.pos.system.services.AuthService$$SpringCGLIB$$0.getCurrentUser(<generated>)
	at com.pos.system.controllers.AuthController.getCurrentUser(AuthController.java:41)
	at java.base/jdk.internal.reflect.NativeMethodAccessorImpl.invoke0(Native Method)
	at java.base/jdk.internal.reflect.NativeMethodAccessorImpl.invoke(NativeMethodAccessorImpl.java:77)
	at java.base/jdk.internal.reflect.DelegatingMethodAccessorImpl.invoke(DelegatingMethodAccessorImpl.java:43)
	at java.base/java.lang.reflect.Method.invoke(Method.java:568)
	at org.springframework.web.method.support.InvocableHandlerMethod.doInvoke(InvocableHandlerMethod.java:205)
	at org.springframework.web.method.support.InvocableHandlerMethod.invokeForRequest(InvocableHandlerMethod.java:150)
	at org.springframework.web.servlet.mvc.method.annotation.ServletInvocableHandlerMethod.invokeAndHandle(ServletInvocableHandlerMethod.java:118)
	at org.springframework.web.servlet.mvc.method.annotation.RequestMappingHandlerAdapter.invokeHandlerMethod(RequestMappingHandlerAdapter.java:884)
	at org.springframework.web.servlet.mvc.method.annotation.RequestMappingHandlerAdapter.handleInternal(RequestMappingHandlerAdapter.java:797)
	at org.springframework.web.servlet.mvc.method.AbstractHandlerMethodAdapter.handle(AbstractHandlerMethodAdapter.java:87)
	at org.springframework.web.servlet.DispatcherServlet.doDispatch(DispatcherServlet.java:1081)
	at org.springframework.web.servlet.DispatcherServlet.doService(DispatcherServlet.java:974)
	at org.springframework.web.servlet.FrameworkServlet.processRequest(FrameworkServlet.java:1011)
	at org.springframework.web.servlet.FrameworkServlet.doGet(FrameworkServlet.java:903)
	at jakarta.servlet.http.HttpServlet.service(HttpServlet.java:564)
	at org.springframework.web.servlet.FrameworkServlet.service(FrameworkServlet.java:885)
	at jakarta.servlet.http.HttpServlet.service(HttpServlet.java:658)
	at org.apache.catalina.core.ApplicationFilterChain.internalDoFilter(ApplicationFilterChain.java:205)
	at org.apache.catalina.core.ApplicationFilterChain.doFilter(ApplicationFilterChain.java:149)
	at org.apache.tomcat.websocket.server.WsFilter.doFilter(WsFilter.java:51)
	at org.apache.catalina.core.ApplicationFilterChain.internalDoFilter(ApplicationFilterChain.java:174)
	at org.apache.catalina.core.ApplicationFilterChain.doFilter(ApplicationFilterChain.java:149)
	at org.springframework.web.filter.OncePerRequestFilter.doFilter(OncePerRequestFilter.java:110)
	at org.apache.catalina.core.ApplicationFilterChain.internalDoFilter(ApplicationFilterChain.java:174)
	at org.apache.catalina.core.ApplicationFilterChain.doFilter(ApplicationFilterChain.java:149)
	at org.springframework.security.web.FilterChainProxy.lambda$doFilterInternal$3(FilterChainProxy.java:231)
	at org.springframework.security.web.FilterChainProxy$VirtualFilterChain.doFilter(FilterChainProxy.java:365)
	at org.springframework.security.web.access.intercept.AuthorizationFilter.doFilter(AuthorizationFilter.java:100)
	at org.springframework.security.web.FilterChainProxy$VirtualFilterChain.doFilter(FilterChainProxy.java:374)
	at org.springframework.security.web.access.ExceptionTranslationFilter.doFilter(ExceptionTranslationFilter.java:126)
	at org.springframework.security.web.access.ExceptionTranslationFilter.doFilter(ExceptionTranslationFilter.java:120)
	at org.springframework.security.web.FilterChainProxy$VirtualFilterChain.doFilter(FilterChainProxy.java:374)
	at org.springframework.security.web.session.SessionManagementFilter.doFilter(SessionManagementFilter.java:131)
	at org.springframework.security.web.session.SessionManagementFilter.doFilter(SessionManagementFilter.java:85)
	at org.springframework.security.web.FilterChainProxy$VirtualFilterChain.doFilter(FilterChainProxy.java:374)
	at org.springframework.security.web.authentication.AnonymousAuthenticationFilter.doFilter(AnonymousAuthenticationFilter.java:100)
	at org.springframework.security.web.FilterChainProxy$VirtualFilterChain.doFilter(FilterChainProxy.java:374)
	at org.springframework.security.web.servletapi.SecurityContextHolderAwareRequestFilter.doFilter(SecurityContextHolderAwareRequestFilter.java:179)
	at org.springframework.security.web.FilterChainProxy$VirtualFilterChain.doFilter(FilterChainProxy.java:374)
	at org.springframework.security.web.savedrequest.RequestCacheAwareFilter.doFilter(RequestCacheAwareFilter.java:63)
	at org.springframework.security.web.FilterChainProxy$VirtualFilterChain.doFilter(FilterChainProxy.java:374)
	at com.pos.system.security.JwtAuthenticationFilter.doFilterInternal(JwtAuthenticationFilter.java:97)
	at org.springframework.web.filter.OncePerRequestFilter.doFilter(OncePerRequestFilter.java:116)
	at org.springframework.security.web.FilterChainProxy$VirtualFilterChain.doFilter(FilterChainProxy.java:374)
	at org.springframework.security.web.authentication.logout.LogoutFilter.doFilter(LogoutFilter.java:107)
	at org.springframework.security.web.authentication.logout.LogoutFilter.doFilter(LogoutFilter.java:93)
	at org.springframework.security.web.FilterChainProxy$VirtualFilterChain.doFilter(FilterChainProxy.java:374)
	at org.springframework.web.filter.CorsFilter.doFilterInternal(CorsFilter.java:91)
	at org.springframework.web.filter.OncePerRequestFilter.doFilter(OncePerRequestFilter.java:116)
	at org.springframework.security.web.FilterChainProxy$VirtualFilterChain.doFilter(FilterChainProxy.java:374)
	at org.springframework.security.web.header.HeaderWriterFilter.doHeadersAfter(HeaderWriterFilter.java:90)
	at org.springframework.security.web.header.HeaderWriterFilter.doFilterInternal(HeaderWriterFilter.java:75)
	at org.springframework.web.filter.OncePerRequestFilter.doFilter(OncePerRequestFilter.java:116)
	at org.springframework.security.web.FilterChainProxy$VirtualFilterChain.doFilter(FilterChainProxy.java:374)
	at org.springframework.security.web.context.SecurityContextHolderFilter.doFilter(SecurityContextHolderFilter.java:82)
	at org.springframework.security.web.context.SecurityContextHolderFilter.doFilter(SecurityContextHolderFilter.java:69)
	at org.springframework.security.web.FilterChainProxy$VirtualFilterChain.doFilter(FilterChainProxy.java:374)
	at org.springframework.security.web.context.request.async.WebAsyncManagerIntegrationFilter.doFilterInternal(WebAsyncManagerIntegrationFilter.java:62)
	at org.springframework.web.filter.OncePerRequestFilter.doFilter(OncePerRequestFilter.java:116)
	at org.springframework.security.web.FilterChainProxy$VirtualFilterChain.doFilter(FilterChainProxy.java:374)
	at org.springframework.security.web.session.DisableEncodeUrlFilter.doFilterInternal(DisableEncodeUrlFilter.java:42)
	at org.springframework.web.filter.OncePerRequestFilter.doFilter(OncePerRequestFilter.java:116)
	at org.springframework.security.web.FilterChainProxy$VirtualFilterChain.doFilter(FilterChainProxy.java:374)
	at org.springframework.security.web.FilterChainProxy.doFilterInternal(FilterChainProxy.java:233)
	at org.springframework.security.web.FilterChainProxy.doFilter(FilterChainProxy.java:191)
	at org.springframework.web.filter.DelegatingFilterProxy.invokeDelegate(DelegatingFilterProxy.java:352)
	at org.springframework.web.filter.DelegatingFilterProxy.doFilter(DelegatingFilterProxy.java:268)
	at org.apache.catalina.core.ApplicationFilterChain.internalDoFilter(ApplicationFilterChain.java:174)
	at org.apache.catalina.core.ApplicationFilterChain.doFilter(ApplicationFilterChain.java:149)
	at org.springframework.web.filter.RequestContextFilter.doFilterInternal(RequestContextFilter.java:100)
	at org.springframework.web.filter.OncePerRequestFilter.doFilter(OncePerRequestFilter.java:116)
	at org.apache.catalina.core.ApplicationFilterChain.internalDoFilter(ApplicationFilterChain.java:174)
	at org.apache.catalina.core.ApplicationFilterChain.doFilter(ApplicationFilterChain.java:149)
	at org.springframework.web.filter.FormContentFilter.doFilterInternal(FormContentFilter.java:93)
	at org.springframework.web.filter.OncePerRequestFilter.doFilter(OncePerRequestFilter.java:116)
	at org.apache.catalina.core.ApplicationFilterChain.internalDoFilter(ApplicationFilterChain.java:174)
	at org.apache.catalina.core.ApplicationFilterChain.doFilter(ApplicationFilterChain.java:149)
	at org.springframework.web.filter.CharacterEncodingFilter.doFilterInternal(CharacterEncodingFilter.java:201)
	at org.springframework.web.filter.OncePerRequestFilter.doFilter(OncePerRequestFilter.java:116)
	at org.apache.catalina.core.ApplicationFilterChain.internalDoFilter(ApplicationFilterChain.java:174)
	at org.apache.catalina.core.ApplicationFilterChain.doFilter(ApplicationFilterChain.java:149)
	at org.apache.catalina.core.StandardWrapperValve.invoke(StandardWrapperValve.java:167)
	at org.apache.catalina.core.StandardContextValve.invoke(StandardContextValve.java:90)
	at org.apache.catalina.authenticator.AuthenticatorBase.invoke(AuthenticatorBase.java:482)
	at org.apache.catalina.core.StandardHostValve.invoke(StandardHostValve.java:115)
	at org.apache.catalina.valves.ErrorReportValve.invoke(ErrorReportValve.java:93)
	at org.apache.catalina.core.StandardEngineValve.invoke(StandardEngineValve.java:74)
	at org.apache.catalina.connector.CoyoteAdapter.service(CoyoteAdapter.java:340)
	at org.apache.coyote.http11.Http11Processor.service(Http11Processor.java:391)
	at org.apache.coyote.AbstractProcessorLight.process(AbstractProcessorLight.java:63)
	at org.apache.coyote.AbstractProtocol$ConnectionHandler.process(AbstractProtocol.java:896)
	at org.apache.tomcat.util.net.NioEndpoint$SocketProcessor.doRun(NioEndpoint.java:1744)
	at org.apache.tomcat.util.net.SocketProcessorBase.run(SocketProcessorBase.java:52)
	at org.apache.tomcat.util.threads.ThreadPoolExecutor.runWorker(ThreadPoolExecutor.java:1191)
	at org.apache.tomcat.util.threads.ThreadPoolExecutor$Worker.run(ThreadPoolExecutor.java:659)
	at org.apache.tomcat.util.threads.TaskThread$WrappingRunnable.run(TaskThread.java:61)
	at java.base/java.lang.Thread.run(Thread.java:842)
2026-03-09 16:36:07 [http-nio-8081-exec-2] ERROR c.p.s.e.GlobalExceptionHandler - Runtime exception: 
java.lang.ClassCastException: class java.lang.String cannot be cast to class com.pos.system.models.User (java.lang.String is in module java.base of loader 'bootstrap'; com.pos.system.models.User is in unnamed module of loader 'app')
	at com.pos.system.services.AuthService.getCurrentUser(AuthService.java:146)
	at java.base/jdk.internal.reflect.NativeMethodAccessorImpl.invoke0(Native Method)
	at java.base/jdk.internal.reflect.NativeMethodAccessorImpl.invoke(NativeMethodAccessorImpl.java:77)
	at java.base/jdk.internal.reflect.DelegatingMethodAccessorImpl.invoke(DelegatingMethodAccessorImpl.java:43)
	at java.base/java.lang.reflect.Method.invoke(Method.java:568)
	at org.springframework.aop.support.AopUtils.invokeJoinpointUsingReflection(AopUtils.java:343)
	at org.springframework.aop.framework.CglibAopProxy$DynamicAdvisedInterceptor.intercept(CglibAopProxy.java:699)
	at com.pos.system.services.AuthService$$SpringCGLIB$$0.getCurrentUser(<generated>)
	at com.pos.system.controllers.AuthController.getCurrentUser(AuthController.java:41)
	at java.base/jdk.internal.reflect.NativeMethodAccessorImpl.invoke0(Native Method)
	at java.base/jdk.internal.reflect.NativeMethodAccessorImpl.invoke(NativeMethodAccessorImpl.java:77)
	at java.base/jdk.internal.reflect.DelegatingMethodAccessorImpl.invoke(DelegatingMethodAccessorImpl.java:43)
	at java.base/java.lang.reflect.Method.invoke(Method.java:568)
	at org.springframework.web.method.support.InvocableHandlerMethod.doInvoke(InvocableHandlerMethod.java:205)
	at org.springframework.web.method.support.InvocableHandlerMethod.invokeForRequest(InvocableHandlerMethod.java:150)
	at org.springframework.web.servlet.mvc.method.annotation.ServletInvocableHandlerMethod.invokeAndHandle(ServletInvocableHandlerMethod.java:118)
	at org.springframework.web.servlet.mvc.method.annotation.RequestMappingHandlerAdapter.invokeHandlerMethod(RequestMappingHandlerAdapter.java:884)
	at org.springframework.web.servlet.mvc.method.annotation.RequestMappingHandlerAdapter.handleInternal(RequestMappingHandlerAdapter.java:797)
	at org.springframework.web.servlet.mvc.method.AbstractHandlerMethodAdapter.handle(AbstractHandlerMethodAdapter.java:87)
	at org.springframework.web.servlet.DispatcherServlet.doDispatch(DispatcherServlet.java:1081)
	at org.springframework.web.servlet.DispatcherServlet.doService(DispatcherServlet.java:974)
	at org.springframework.web.servlet.FrameworkServlet.processRequest(FrameworkServlet.java:1011)
	at org.springframework.web.servlet.FrameworkServlet.doGet(FrameworkServlet.java:903)
	at jakarta.servlet.http.HttpServlet.service(HttpServlet.java:564)
	at org.springframework.web.servlet.FrameworkServlet.service(FrameworkServlet.java:885)
	at jakarta.servlet.http.HttpServlet.service(HttpServlet.java:658)
	at org.apache.catalina.core.ApplicationFilterChain.internalDoFilter(ApplicationFilterChain.java:205)
	at org.apache.catalina.core.ApplicationFilterChain.doFilter(ApplicationFilterChain.java:149)
	at org.apache.tomcat.websocket.server.WsFilter.doFilter(WsFilter.java:51)
	at org.apache.catalina.core.ApplicationFilterChain.internalDoFilter(ApplicationFilterChain.java:174)
	at org.apache.catalina.core.ApplicationFilterChain.doFilter(ApplicationFilterChain.java:149)
	at org.springframework.web.filter.OncePerRequestFilter.doFilter(OncePerRequestFilter.java:110)
	at org.apache.catalina.core.ApplicationFilterChain.internalDoFilter(ApplicationFilterChain.java:174)
	at org.apache.catalina.core.ApplicationFilterChain.doFilter(ApplicationFilterChain.java:149)
	at org.springframework.security.web.FilterChainProxy.lambda$doFilterInternal$3(FilterChainProxy.java:231)
	at org.springframework.security.web.FilterChainProxy$VirtualFilterChain.doFilter(FilterChainProxy.java:365)
	at org.springframework.security.web.access.intercept.AuthorizationFilter.doFilter(AuthorizationFilter.java:100)
	at org.springframework.security.web.FilterChainProxy$VirtualFilterChain.doFilter(FilterChainProxy.java:374)
	at org.springframework.security.web.access.ExceptionTranslationFilter.doFilter(ExceptionTranslationFilter.java:126)
	at org.springframework.security.web.access.ExceptionTranslationFilter.doFilter(ExceptionTranslationFilter.java:120)
	at org.springframework.security.web.FilterChainProxy$VirtualFilterChain.doFilter(FilterChainProxy.java:374)
	at org.springframework.security.web.session.SessionManagementFilter.doFilter(SessionManagementFilter.java:131)
	at org.springframework.security.web.session.SessionManagementFilter.doFilter(SessionManagementFilter.java:85)
	at org.springframework.security.web.FilterChainProxy$VirtualFilterChain.doFilter(FilterChainProxy.java:374)
	at org.springframework.security.web.authentication.AnonymousAuthenticationFilter.doFilter(AnonymousAuthenticationFilter.java:100)
	at org.springframework.security.web.FilterChainProxy$VirtualFilterChain.doFilter(FilterChainProxy.java:374)
	at org.springframework.security.web.servletapi.SecurityContextHolderAwareRequestFilter.doFilter(SecurityContextHolderAwareRequestFilter.java:179)
	at org.springframework.security.web.FilterChainProxy$VirtualFilterChain.doFilter(FilterChainProxy.java:374)
	at org.springframework.security.web.savedrequest.RequestCacheAwareFilter.doFilter(RequestCacheAwareFilter.java:63)
	at org.springframework.security.web.FilterChainProxy$VirtualFilterChain.doFilter(FilterChainProxy.java:374)
	at com.pos.system.security.JwtAuthenticationFilter.doFilterInternal(JwtAuthenticationFilter.java:97)
	at org.springframework.web.filter.OncePerRequestFilter.doFilter(OncePerRequestFilter.java:116)
	at org.springframework.security.web.FilterChainProxy$VirtualFilterChain.doFilter(FilterChainProxy.java:374)
	at org.springframework.security.web.authentication.logout.LogoutFilter.doFilter(LogoutFilter.java:107)
	at org.springframework.security.web.authentication.logout.LogoutFilter.doFilter(LogoutFilter.java:93)
	at org.springframework.security.web.FilterChainProxy$VirtualFilterChain.doFilter(FilterChainProxy.java:374)
	at org.springframework.web.filter.CorsFilter.doFilterInternal(CorsFilter.java:91)
	at org.springframework.web.filter.OncePerRequestFilter.doFilter(OncePerRequestFilter.java:116)
	at org.springframework.security.web.FilterChainProxy$VirtualFilterChain.doFilter(FilterChainProxy.java:374)
	at org.springframework.security.web.header.HeaderWriterFilter.doHeadersAfter(HeaderWriterFilter.java:90)
	at org.springframework.security.web.header.HeaderWriterFilter.doFilterInternal(HeaderWriterFilter.java:75)
	at org.springframework.web.filter.OncePerRequestFilter.doFilter(OncePerRequestFilter.java:116)
	at org.springframework.security.web.FilterChainProxy$VirtualFilterChain.doFilter(FilterChainProxy.java:374)
	at org.springframework.security.web.context.SecurityContextHolderFilter.doFilter(SecurityContextHolderFilter.java:82)
	at org.springframework.security.web.context.SecurityContextHolderFilter.doFilter(SecurityContextHolderFilter.java:69)
	at org.springframework.security.web.FilterChainProxy$VirtualFilterChain.doFilter(FilterChainProxy.java:374)
	at org.springframework.security.web.context.request.async.WebAsyncManagerIntegrationFilter.doFilterInternal(WebAsyncManagerIntegrationFilter.java:62)
	at org.springframework.web.filter.OncePerRequestFilter.doFilter(OncePerRequestFilter.java:116)
	at org.springframework.security.web.FilterChainProxy$VirtualFilterChain.doFilter(FilterChainProxy.java:374)
	at org.springframework.security.web.session.DisableEncodeUrlFilter.doFilterInternal(DisableEncodeUrlFilter.java:42)
	at org.springframework.web.filter.OncePerRequestFilter.doFilter(OncePerRequestFilter.java:116)
	at org.springframework.security.web.FilterChainProxy$VirtualFilterChain.doFilter(FilterChainProxy.java:374)
	at org.springframework.security.web.FilterChainProxy.doFilterInternal(FilterChainProxy.java:233)
	at org.springframework.security.web.FilterChainProxy.doFilter(FilterChainProxy.java:191)
	at org.springframework.web.filter.DelegatingFilterProxy.invokeDelegate(DelegatingFilterProxy.java:352)
	at org.springframework.web.filter.DelegatingFilterProxy.doFilter(DelegatingFilterProxy.java:268)
	at org.apache.catalina.core.ApplicationFilterChain.internalDoFilter(ApplicationFilterChain.java:174)
	at org.apache.catalina.core.ApplicationFilterChain.doFilter(ApplicationFilterChain.java:149)
	at org.springframework.web.filter.RequestContextFilter.doFilterInternal(RequestContextFilter.java:100)
	at org.springframework.web.filter.OncePerRequestFilter.doFilter(OncePerRequestFilter.java:116)
	at org.apache.catalina.core.ApplicationFilterChain.internalDoFilter(ApplicationFilterChain.java:174)
	at org.apache.catalina.core.ApplicationFilterChain.doFilter(ApplicationFilterChain.java:149)
	at org.springframework.web.filter.FormContentFilter.doFilterInternal(FormContentFilter.java:93)
	at org.springframework.web.filter.OncePerRequestFilter.doFilter(OncePerRequestFilter.java:116)
	at org.apache.catalina.core.ApplicationFilterChain.internalDoFilter(ApplicationFilterChain.java:174)
	at org.apache.catalina.core.ApplicationFilterChain.doFilter(ApplicationFilterChain.java:149)
	at org.springframework.web.filter.CharacterEncodingFilter.doFilterInternal(CharacterEncodingFilter.java:201)
	at org.springframework.web.filter.OncePerRequestFilter.doFilter(OncePerRequestFilter.java:116)
	at org.apache.catalina.core.ApplicationFilterChain.internalDoFilter(ApplicationFilterChain.java:174)
	at org.apache.catalina.core.ApplicationFilterChain.doFilter(ApplicationFilterChain.java:149)
	at org.apache.catalina.core.StandardWrapperValve.invoke(StandardWrapperValve.java:167)
	at org.apache.catalina.core.StandardContextValve.invoke(StandardContextValve.java:90)
	at org.apache.catalina.authenticator.AuthenticatorBase.invoke(AuthenticatorBase.java:482)
	at org.apache.catalina.core.StandardHostValve.invoke(StandardHostValve.java:115)
	at org.apache.catalina.valves.ErrorReportValve.invoke(ErrorReportValve.java:93)
	at org.apache.catalina.core.StandardEngineValve.invoke(StandardEngineValve.java:74)
	at org.apache.catalina.connector.CoyoteAdapter.service(CoyoteAdapter.java:340)
	at org.apache.coyote.http11.Http11Processor.service(Http11Processor.java:391)
	at org.apache.coyote.AbstractProcessorLight.process(AbstractProcessorLight.java:63)
	at org.apache.coyote.AbstractProtocol$ConnectionHandler.process(AbstractProtocol.java:896)
	at org.apache.tomcat.util.net.NioEndpoint$SocketProcessor.doRun(NioEndpoint.java:1744)
	at org.apache.tomcat.util.net.SocketProcessorBase.run(SocketProcessorBase.java:52)
	at org.apache.tomcat.util.threads.ThreadPoolExecutor.runWorker(ThreadPoolExecutor.java:1191)
	at org.apache.tomcat.util.threads.ThreadPoolExecutor$Worker.run(ThreadPoolExecutor.java:659)
	at org.apache.tomcat.util.threads.TaskThread$WrappingRunnable.run(TaskThread.java:61)
	at java.base/java.lang.Thread.run(Thread.java:842)
2026-03-09 16:36:07 [http-nio-8081-exec-4] DEBUG c.p.s.s.JwtAuthenticationFilter - JWT Token found in request: /api/auth/me
2026-03-09 16:36:07 [http-nio-8081-exec-4] ERROR com.pos.system.utils.JwtUtil - JWT token is expired: JWT expired at 2026-03-08T15:18:44Z. Current time: 2026-03-09T11:06:07Z, a difference of 71243721 milliseconds.  Allowed clock skew: 0 milliseconds.
2026-03-09 16:36:07 [http-nio-8081-exec-4] ERROR c.p.s.s.JwtAuthenticationFilter - Error communicating with Django verification service: 401 Unauthorized: [no body]
2026-03-09 16:36:07 [http-nio-8081-exec-4] ERROR com.pos.system.utils.JwtUtil - JWT token is expired: JWT expired at 2026-03-08T15:18:44Z. Current time: 2026-03-09T11:06:07Z, a difference of 71243738 milliseconds.  Allowed clock skew: 0 milliseconds.
2026-03-09 16:36:07 [http-nio-8081-exec-4] ERROR c.p.s.s.JwtAuthenticationFilter - Token verification with Django failed
2026-03-09 16:36:07 [http-nio-8081-exec-4] ERROR c.p.s.e.GlobalExceptionHandler - Runtime exception: 
java.lang.ClassCastException: class java.lang.String cannot be cast to class com.pos.system.models.User (java.lang.String is in module java.base of loader 'bootstrap'; com.pos.system.models.User is in unnamed module of loader 'app')
	at com.pos.system.services.AuthService.getCurrentUser(AuthService.java:146)
	at java.base/jdk.internal.reflect.NativeMethodAccessorImpl.invoke0(Native Method)
	at java.base/jdk.internal.reflect.NativeMethodAccessorImpl.invoke(NativeMethodAccessorImpl.java:77)
	at java.base/jdk.internal.reflect.DelegatingMethodAccessorImpl.invoke(DelegatingMethodAccessorImpl.java:43)
	at java.base/java.lang.reflect.Method.invoke(Method.java:568)
	at org.springframework.aop.support.AopUtils.invokeJoinpointUsingReflection(AopUtils.java:343)
	at org.springframework.aop.framework.CglibAopProxy$DynamicAdvisedInterceptor.intercept(CglibAopProxy.java:699)
	at com.pos.system.services.AuthService$$SpringCGLIB$$0.getCurrentUser(<generated>)
	at com.pos.system.controllers.AuthController.getCurrentUser(AuthController.java:41)
	at java.base/jdk.internal.reflect.NativeMethodAccessorImpl.invoke0(Native Method)
	at java.base/jdk.internal.reflect.NativeMethodAccessorImpl.invoke(NativeMethodAccessorImpl.java:77)
	at java.base/jdk.internal.reflect.DelegatingMethodAccessorImpl.invoke(DelegatingMethodAccessorImpl.java:43)
	at java.base/java.lang.reflect.Method.invoke(Method.java:568)
	at org.springframework.web.method.support.InvocableHandlerMethod.doInvoke(InvocableHandlerMethod.java:205)
	at org.springframework.web.method.support.InvocableHandlerMethod.invokeForRequest(InvocableHandlerMethod.java:150)
	at org.springframework.web.servlet.mvc.method.annotation.ServletInvocableHandlerMethod.invokeAndHandle(ServletInvocableHandlerMethod.java:118)
	at org.springframework.web.servlet.mvc.method.annotation.RequestMappingHandlerAdapter.invokeHandlerMethod(RequestMappingHandlerAdapter.java:884)
	at org.springframework.web.servlet.mvc.method.annotation.RequestMappingHandlerAdapter.handleInternal(RequestMappingHandlerAdapter.java:797)
	at org.springframework.web.servlet.mvc.method.AbstractHandlerMethodAdapter.handle(AbstractHandlerMethodAdapter.java:87)
	at org.springframework.web.servlet.DispatcherServlet.doDispatch(DispatcherServlet.java:1081)
	at org.springframework.web.servlet.DispatcherServlet.doService(DispatcherServlet.java:974)
	at org.springframework.web.servlet.FrameworkServlet.processRequest(FrameworkServlet.java:1011)
	at org.springframework.web.servlet.FrameworkServlet.doGet(FrameworkServlet.java:903)
	at jakarta.servlet.http.HttpServlet.service(HttpServlet.java:564)
	at org.springframework.web.servlet.FrameworkServlet.service(FrameworkServlet.java:885)
	at jakarta.servlet.http.HttpServlet.service(HttpServlet.java:658)
	at org.apache.catalina.core.ApplicationFilterChain.internalDoFilter(ApplicationFilterChain.java:205)
	at org.apache.catalina.core.ApplicationFilterChain.doFilter(ApplicationFilterChain.java:149)
	at org.apache.tomcat.websocket.server.WsFilter.doFilter(WsFilter.java:51)
	at org.apache.catalina.core.ApplicationFilterChain.internalDoFilter(ApplicationFilterChain.java:174)
	at org.apache.catalina.core.ApplicationFilterChain.doFilter(ApplicationFilterChain.java:149)
	at org.springframework.web.filter.OncePerRequestFilter.doFilter(OncePerRequestFilter.java:110)
	at org.apache.catalina.core.ApplicationFilterChain.internalDoFilter(ApplicationFilterChain.java:174)
	at org.apache.catalina.core.ApplicationFilterChain.doFilter(ApplicationFilterChain.java:149)
	at org.springframework.security.web.FilterChainProxy.lambda$doFilterInternal$3(FilterChainProxy.java:231)
	at org.springframework.security.web.FilterChainProxy$VirtualFilterChain.doFilter(FilterChainProxy.java:365)
	at org.springframework.security.web.access.intercept.AuthorizationFilter.doFilter(AuthorizationFilter.java:100)
	at org.springframework.security.web.FilterChainProxy$VirtualFilterChain.doFilter(FilterChainProxy.java:374)
	at org.springframework.security.web.access.ExceptionTranslationFilter.doFilter(ExceptionTranslationFilter.java:126)
	at org.springframework.security.web.access.ExceptionTranslationFilter.doFilter(ExceptionTranslationFilter.java:120)
	at org.springframework.security.web.FilterChainProxy$VirtualFilterChain.doFilter(FilterChainProxy.java:374)
	at org.springframework.security.web.session.SessionManagementFilter.doFilter(SessionManagementFilter.java:131)
	at org.springframework.security.web.session.SessionManagementFilter.doFilter(SessionManagementFilter.java:85)
	at org.springframework.security.web.FilterChainProxy$VirtualFilterChain.doFilter(FilterChainProxy.java:374)
	at org.springframework.security.web.authentication.AnonymousAuthenticationFilter.doFilter(AnonymousAuthenticationFilter.java:100)
	at org.springframework.security.web.FilterChainProxy$VirtualFilterChain.doFilter(FilterChainProxy.java:374)
	at org.springframework.security.web.servletapi.SecurityContextHolderAwareRequestFilter.doFilter(SecurityContextHolderAwareRequestFilter.java:179)
	at org.springframework.security.web.FilterChainProxy$VirtualFilterChain.doFilter(FilterChainProxy.java:374)
	at org.springframework.security.web.savedrequest.RequestCacheAwareFilter.doFilter(RequestCacheAwareFilter.java:63)
	at org.springframework.security.web.FilterChainProxy$VirtualFilterChain.doFilter(FilterChainProxy.java:374)
	at com.pos.system.security.JwtAuthenticationFilter.doFilterInternal(JwtAuthenticationFilter.java:97)
	at org.springframework.web.filter.OncePerRequestFilter.doFilter(OncePerRequestFilter.java:116)
	at org.springframework.security.web.FilterChainProxy$VirtualFilterChain.doFilter(FilterChainProxy.java:374)
	at org.springframework.security.web.authentication.logout.LogoutFilter.doFilter(LogoutFilter.java:107)
	at org.springframework.security.web.authentication.logout.LogoutFilter.doFilter(LogoutFilter.java:93)
	at org.springframework.security.web.FilterChainProxy$VirtualFilterChain.doFilter(FilterChainProxy.java:374)
	at org.springframework.web.filter.CorsFilter.doFilterInternal(CorsFilter.java:91)
	at org.springframework.web.filter.OncePerRequestFilter.doFilter(OncePerRequestFilter.java:116)
	at org.springframework.security.web.FilterChainProxy$VirtualFilterChain.doFilter(FilterChainProxy.java:374)
	at org.springframework.security.web.header.HeaderWriterFilter.doHeadersAfter(HeaderWriterFilter.java:90)
	at org.springframework.security.web.header.HeaderWriterFilter.doFilterInternal(HeaderWriterFilter.java:75)
	at org.springframework.web.filter.OncePerRequestFilter.doFilter(OncePerRequestFilter.java:116)
	at org.springframework.security.web.FilterChainProxy$VirtualFilterChain.doFilter(FilterChainProxy.java:374)
	at org.springframework.security.web.context.SecurityContextHolderFilter.doFilter(SecurityContextHolderFilter.java:82)
	at org.springframework.security.web.context.SecurityContextHolderFilter.doFilter(SecurityContextHolderFilter.java:69)
	at org.springframework.security.web.FilterChainProxy$VirtualFilterChain.doFilter(FilterChainProxy.java:374)
	at org.springframework.security.web.context.request.async.WebAsyncManagerIntegrationFilter.doFilterInternal(WebAsyncManagerIntegrationFilter.java:62)
	at org.springframework.web.filter.OncePerRequestFilter.doFilter(OncePerRequestFilter.java:116)
	at org.springframework.security.web.FilterChainProxy$VirtualFilterChain.doFilter(FilterChainProxy.java:374)
	at org.springframework.security.web.session.DisableEncodeUrlFilter.doFilterInternal(DisableEncodeUrlFilter.java:42)
	at org.springframework.web.filter.OncePerRequestFilter.doFilter(OncePerRequestFilter.java:116)
	at org.springframework.security.web.FilterChainProxy$VirtualFilterChain.doFilter(FilterChainProxy.java:374)
	at org.springframework.security.web.FilterChainProxy.doFilterInternal(FilterChainProxy.java:233)
	at org.springframework.security.web.FilterChainProxy.doFilter(FilterChainProxy.java:191)
	at org.springframework.web.filter.DelegatingFilterProxy.invokeDelegate(DelegatingFilterProxy.java:352)
	at org.springframework.web.filter.DelegatingFilterProxy.doFilter(DelegatingFilterProxy.java:268)
	at org.apache.catalina.core.ApplicationFilterChain.internalDoFilter(ApplicationFilterChain.java:174)
	at org.apache.catalina.core.ApplicationFilterChain.doFilter(ApplicationFilterChain.java:149)
	at org.springframework.web.filter.RequestContextFilter.doFilterInternal(RequestContextFilter.java:100)
	at org.springframework.web.filter.OncePerRequestFilter.doFilter(OncePerRequestFilter.java:116)
	at org.apache.catalina.core.ApplicationFilterChain.internalDoFilter(ApplicationFilterChain.java:174)
	at org.apache.catalina.core.ApplicationFilterChain.doFilter(ApplicationFilterChain.java:149)
	at org.springframework.web.filter.FormContentFilter.doFilterInternal(FormContentFilter.java:93)
	at org.springframework.web.filter.OncePerRequestFilter.doFilter(OncePerRequestFilter.java:116)
	at org.apache.catalina.core.ApplicationFilterChain.internalDoFilter(ApplicationFilterChain.java:174)
	at org.apache.catalina.core.ApplicationFilterChain.doFilter(ApplicationFilterChain.java:149)
	at org.springframework.web.filter.CharacterEncodingFilter.doFilterInternal(CharacterEncodingFilter.java:201)
	at org.springframework.web.filter.OncePerRequestFilter.doFilter(OncePerRequestFilter.java:116)
	at org.apache.catalina.core.ApplicationFilterChain.internalDoFilter(ApplicationFilterChain.java:174)
	at org.apache.catalina.core.ApplicationFilterChain.doFilter(ApplicationFilterChain.java:149)
	at org.apache.catalina.core.StandardWrapperValve.invoke(StandardWrapperValve.java:167)
	at org.apache.catalina.core.StandardContextValve.invoke(StandardContextValve.java:90)
	at org.apache.catalina.authenticator.AuthenticatorBase.invoke(AuthenticatorBase.java:482)
	at org.apache.catalina.core.StandardHostValve.invoke(StandardHostValve.java:115)
	at org.apache.catalina.valves.ErrorReportValve.invoke(ErrorReportValve.java:93)
	at org.apache.catalina.core.StandardEngineValve.invoke(StandardEngineValve.java:74)
	at org.apache.catalina.connector.CoyoteAdapter.service(CoyoteAdapter.java:340)
	at org.apache.coyote.http11.Http11Processor.service(Http11Processor.java:391)
	at org.apache.coyote.AbstractProcessorLight.process(AbstractProcessorLight.java:63)
	at org.apache.coyote.AbstractProtocol$ConnectionHandler.process(AbstractProtocol.java:896)
	at org.apache.tomcat.util.net.NioEndpoint$SocketProcessor.doRun(NioEndpoint.java:1744)
	at org.apache.tomcat.util.net.SocketProcessorBase.run(SocketProcessorBase.java:52)
	at org.apache.tomcat.util.threads.ThreadPoolExecutor.runWorker(ThreadPoolExecutor.java:1191)
	at org.apache.tomcat.util.threads.ThreadPoolExecutor$Worker.run(ThreadPoolExecutor.java:659)
	at org.apache.tomcat.util.threads.TaskThread$WrappingRunnable.run(TaskThread.java:61)
	at java.base/java.lang.Thread.run(Thread.java:842)
2026-03-09 16:36:07 [http-nio-8081-exec-5] DEBUG c.p.s.s.JwtAuthenticationFilter - JWT Token found in request: /api/auth/me
2026-03-09 16:36:07 [http-nio-8081-exec-5] ERROR com.pos.system.utils.JwtUtil - JWT token is expired: JWT expired at 2026-03-08T15:18:44Z. Current time: 2026-03-09T11:06:07Z, a difference of 71243766 milliseconds.  Allowed clock skew: 0 milliseconds.
2026-03-09 16:36:07 [http-nio-8081-exec-5] ERROR c.p.s.s.JwtAuthenticationFilter - Error communicating with Django verification service: 401 Unauthorized: [no body]
2026-03-09 16:36:07 [http-nio-8081-exec-5] ERROR com.pos.system.utils.JwtUtil - JWT token is expired: JWT expired at 2026-03-08T15:18:44Z. Current time: 2026-03-09T11:06:07Z, a difference of 71243781 milliseconds.  Allowed clock skew: 0 milliseconds.
2026-03-09 16:36:07 [http-nio-8081-exec-5] ERROR c.p.s.s.JwtAuthenticationFilter - Token verification with Django failed
2026-03-09 16:36:07 [http-nio-8081-exec-5] ERROR c.p.s.e.GlobalExceptionHandler - Runtime exception: 
java.lang.ClassCastException: class java.lang.String cannot be cast to class com.pos.system.models.User (java.lang.String is in module java.base of loader 'bootstrap'; com.pos.system.models.User is in unnamed module of loader 'app')
	at com.pos.system.services.AuthService.getCurrentUser(AuthService.java:146)
	at java.base/jdk.internal.reflect.NativeMethodAccessorImpl.invoke0(Native Method)
	at java.base/jdk.internal.reflect.NativeMethodAccessorImpl.invoke(NativeMethodAccessorImpl.java:77)
	at java.base/jdk.internal.reflect.DelegatingMethodAccessorImpl.invoke(DelegatingMethodAccessorImpl.java:43)
	at java.base/java.lang.reflect.Method.invoke(Method.java:568)
	at org.springframework.aop.support.AopUtils.invokeJoinpointUsingReflection(AopUtils.java:343)
	at org.springframework.aop.framework.CglibAopProxy$DynamicAdvisedInterceptor.intercept(CglibAopProxy.java:699)
	at com.pos.system.services.AuthService$$SpringCGLIB$$0.getCurrentUser(<generated>)
	at com.pos.system.controllers.AuthController.getCurrentUser(AuthController.java:41)
	at java.base/jdk.internal.reflect.NativeMethodAccessorImpl.invoke0(Native Method)
	at java.base/jdk.internal.reflect.NativeMethodAccessorImpl.invoke(NativeMethodAccessorImpl.java:77)
	at java.base/jdk.internal.reflect.DelegatingMethodAccessorImpl.invoke(DelegatingMethodAccessorImpl.java:43)
	at java.base/java.lang.reflect.Method.invoke(Method.java:568)
	at org.springframework.web.method.support.InvocableHandlerMethod.doInvoke(InvocableHandlerMethod.java:205)
	at org.springframework.web.method.support.InvocableHandlerMethod.invokeForRequest(InvocableHandlerMethod.java:150)
	at org.springframework.web.servlet.mvc.method.annotation.ServletInvocableHandlerMethod.invokeAndHandle(ServletInvocableHandlerMethod.java:118)
	at org.springframework.web.servlet.mvc.method.annotation.RequestMappingHandlerAdapter.invokeHandlerMethod(RequestMappingHandlerAdapter.java:884)
	at org.springframework.web.servlet.mvc.method.annotation.RequestMappingHandlerAdapter.handleInternal(RequestMappingHandlerAdapter.java:797)
	at org.springframework.web.servlet.mvc.method.AbstractHandlerMethodAdapter.handle(AbstractHandlerMethodAdapter.java:87)
	at org.springframework.web.servlet.DispatcherServlet.doDispatch(DispatcherServlet.java:1081)
	at org.springframework.web.servlet.DispatcherServlet.doService(DispatcherServlet.java:974)
	at org.springframework.web.servlet.FrameworkServlet.processRequest(FrameworkServlet.java:1011)
	at org.springframework.web.servlet.FrameworkServlet.doGet(FrameworkServlet.java:903)
	at jakarta.servlet.http.HttpServlet.service(HttpServlet.java:564)
	at org.springframework.web.servlet.FrameworkServlet.service(FrameworkServlet.java:885)
	at jakarta.servlet.http.HttpServlet.service(HttpServlet.java:658)
	at org.apache.catalina.core.ApplicationFilterChain.internalDoFilter(ApplicationFilterChain.java:205)
	at org.apache.catalina.core.ApplicationFilterChain.doFilter(ApplicationFilterChain.java:149)
	at org.apache.tomcat.websocket.server.WsFilter.doFilter(WsFilter.java:51)
	at org.apache.catalina.core.ApplicationFilterChain.internalDoFilter(ApplicationFilterChain.java:174)
	at org.apache.catalina.core.ApplicationFilterChain.doFilter(ApplicationFilterChain.java:149)
	at org.springframework.web.filter.OncePerRequestFilter.doFilter(OncePerRequestFilter.java:110)
	at org.apache.catalina.core.ApplicationFilterChain.internalDoFilter(ApplicationFilterChain.java:174)
	at org.apache.catalina.core.ApplicationFilterChain.doFilter(ApplicationFilterChain.java:149)
	at org.springframework.security.web.FilterChainProxy.lambda$doFilterInternal$3(FilterChainProxy.java:231)
	at org.springframework.security.web.FilterChainProxy$VirtualFilterChain.doFilter(FilterChainProxy.java:365)
	at org.springframework.security.web.access.intercept.AuthorizationFilter.doFilter(AuthorizationFilter.java:100)
	at org.springframework.security.web.FilterChainProxy$VirtualFilterChain.doFilter(FilterChainProxy.java:374)
	at org.springframework.security.web.access.ExceptionTranslationFilter.doFilter(ExceptionTranslationFilter.java:126)
	at org.springframework.security.web.access.ExceptionTranslationFilter.doFilter(ExceptionTranslationFilter.java:120)
	at org.springframework.security.web.FilterChainProxy$VirtualFilterChain.doFilter(FilterChainProxy.java:374)
	at org.springframework.security.web.session.SessionManagementFilter.doFilter(SessionManagementFilter.java:131)
	at org.springframework.security.web.session.SessionManagementFilter.doFilter(SessionManagementFilter.java:85)
	at org.springframework.security.web.FilterChainProxy$VirtualFilterChain.doFilter(FilterChainProxy.java:374)
	at org.springframework.security.web.authentication.AnonymousAuthenticationFilter.doFilter(AnonymousAuthenticationFilter.java:100)
	at org.springframework.security.web.FilterChainProxy$VirtualFilterChain.doFilter(FilterChainProxy.java:374)
	at org.springframework.security.web.servletapi.SecurityContextHolderAwareRequestFilter.doFilter(SecurityContextHolderAwareRequestFilter.java:179)
	at org.springframework.security.web.FilterChainProxy$VirtualFilterChain.doFilter(FilterChainProxy.java:374)
	at org.springframework.security.web.savedrequest.RequestCacheAwareFilter.doFilter(RequestCacheAwareFilter.java:63)
	at org.springframework.security.web.FilterChainProxy$VirtualFilterChain.doFilter(FilterChainProxy.java:374)
	at com.pos.system.security.JwtAuthenticationFilter.doFilterInternal(JwtAuthenticationFilter.java:97)
	at org.springframework.web.filter.OncePerRequestFilter.doFilter(OncePerRequestFilter.java:116)
	at org.springframework.security.web.FilterChainProxy$VirtualFilterChain.doFilter(FilterChainProxy.java:374)
	at org.springframework.security.web.authentication.logout.LogoutFilter.doFilter(LogoutFilter.java:107)
	at org.springframework.security.web.authentication.logout.LogoutFilter.doFilter(LogoutFilter.java:93)
	at org.springframework.security.web.FilterChainProxy$VirtualFilterChain.doFilter(FilterChainProxy.java:374)
	at org.springframework.web.filter.CorsFilter.doFilterInternal(CorsFilter.java:91)
	at org.springframework.web.filter.OncePerRequestFilter.doFilter(OncePerRequestFilter.java:116)
	at org.springframework.security.web.FilterChainProxy$VirtualFilterChain.doFilter(FilterChainProxy.java:374)
	at org.springframework.security.web.header.HeaderWriterFilter.doHeadersAfter(HeaderWriterFilter.java:90)
	at org.springframework.security.web.header.HeaderWriterFilter.doFilterInternal(HeaderWriterFilter.java:75)
	at org.springframework.web.filter.OncePerRequestFilter.doFilter(OncePerRequestFilter.java:116)
	at org.springframework.security.web.FilterChainProxy$VirtualFilterChain.doFilter(FilterChainProxy.java:374)
	at org.springframework.security.web.context.SecurityContextHolderFilter.doFilter(SecurityContextHolderFilter.java:82)
	at org.springframework.security.web.context.SecurityContextHolderFilter.doFilter(SecurityContextHolderFilter.java:69)
	at org.springframework.security.web.FilterChainProxy$VirtualFilterChain.doFilter(FilterChainProxy.java:374)
	at org.springframework.security.web.context.request.async.WebAsyncManagerIntegrationFilter.doFilterInternal(WebAsyncManagerIntegrationFilter.java:62)
	at org.springframework.web.filter.OncePerRequestFilter.doFilter(OncePerRequestFilter.java:116)
	at org.springframework.security.web.FilterChainProxy$VirtualFilterChain.doFilter(FilterChainProxy.java:374)
	at org.springframework.security.web.session.DisableEncodeUrlFilter.doFilterInternal(DisableEncodeUrlFilter.java:42)
	at org.springframework.web.filter.OncePerRequestFilter.doFilter(OncePerRequestFilter.java:116)
	at org.springframework.security.web.FilterChainProxy$VirtualFilterChain.doFilter(FilterChainProxy.java:374)
	at org.springframework.security.web.FilterChainProxy.doFilterInternal(FilterChainProxy.java:233)
	at org.springframework.security.web.FilterChainProxy.doFilter(FilterChainProxy.java:191)
	at org.springframework.web.filter.DelegatingFilterProxy.invokeDelegate(DelegatingFilterProxy.java:352)
	at org.springframework.web.filter.DelegatingFilterProxy.doFilter(DelegatingFilterProxy.java:268)
	at org.apache.catalina.core.ApplicationFilterChain.internalDoFilter(ApplicationFilterChain.java:174)
	at org.apache.catalina.core.ApplicationFilterChain.doFilter(ApplicationFilterChain.java:149)
	at org.springframework.web.filter.RequestContextFilter.doFilterInternal(RequestContextFilter.java:100)
	at org.springframework.web.filter.OncePerRequestFilter.doFilter(OncePerRequestFilter.java:116)
	at org.apache.catalina.core.ApplicationFilterChain.internalDoFilter(ApplicationFilterChain.java:174)
	at org.apache.catalina.core.ApplicationFilterChain.doFilter(ApplicationFilterChain.java:149)
	at org.springframework.web.filter.FormContentFilter.doFilterInternal(FormContentFilter.java:93)
	at org.springframework.web.filter.OncePerRequestFilter.doFilter(OncePerRequestFilter.java:116)
	at org.apache.catalina.core.ApplicationFilterChain.internalDoFilter(ApplicationFilterChain.java:174)
	at org.apache.catalina.core.ApplicationFilterChain.doFilter(ApplicationFilterChain.java:149)
	at org.springframework.web.filter.CharacterEncodingFilter.doFilterInternal(CharacterEncodingFilter.java:201)
	at org.springframework.web.filter.OncePerRequestFilter.doFilter(OncePerRequestFilter.java:116)
	at org.apache.catalina.core.ApplicationFilterChain.internalDoFilter(ApplicationFilterChain.java:174)
	at org.apache.catalina.core.ApplicationFilterChain.doFilter(ApplicationFilterChain.java:149)
	at org.apache.catalina.core.StandardWrapperValve.invoke(StandardWrapperValve.java:167)
	at org.apache.catalina.core.StandardContextValve.invoke(StandardContextValve.java:90)
	at org.apache.catalina.authenticator.AuthenticatorBase.invoke(AuthenticatorBase.java:482)
	at org.apache.catalina.core.StandardHostValve.invoke(StandardHostValve.java:115)
	at org.apache.catalina.valves.ErrorReportValve.invoke(ErrorReportValve.java:93)
	at org.apache.catalina.core.StandardEngineValve.invoke(StandardEngineValve.java:74)
	at org.apache.catalina.connector.CoyoteAdapter.service(CoyoteAdapter.java:340)
	at org.apache.coyote.http11.Http11Processor.service(Http11Processor.java:391)
	at org.apache.coyote.AbstractProcessorLight.process(AbstractProcessorLight.java:63)
	at org.apache.coyote.AbstractProtocol$ConnectionHandler.process(AbstractProtocol.java:896)
	at org.apache.tomcat.util.net.NioEndpoint$SocketProcessor.doRun(NioEndpoint.java:1744)
	at org.apache.tomcat.util.net.SocketProcessorBase.run(SocketProcessorBase.java:52)
	at org.apache.tomcat.util.threads.ThreadPoolExecutor.runWorker(ThreadPoolExecutor.java:1191)
	at org.apache.tomcat.util.threads.ThreadPoolExecutor$Worker.run(ThreadPoolExecutor.java:659)
	at org.apache.tomcat.util.threads.TaskThread$WrappingRunnable.run(TaskThread.java:61)
	at java.base/java.lang.Thread.run(Thread.java:842)
2026-03-09 16:36:09 [http-nio-8081-exec-6] INFO  com.pos.system.services.AuthService - Login attempt for username: admin
2026-03-09 16:36:11 [http-nio-8081-exec-6] INFO  com.pos.system.services.AuthService - Login successful for user: admin, role: ROLE_ADMIN
2026-03-09 16:36:15 [http-nio-8081-exec-7] INFO  com.pos.system.services.AuthService - Login attempt for username: customer
2026-03-09 16:36:17 [http-nio-8081-exec-7] INFO  com.pos.system.services.AuthService - Login successful for user: customer, role: ROLE_CUSTOMER
2026-03-09 16:36:18 [http-nio-8081-exec-8] DEBUG c.p.s.s.JwtAuthenticationFilter - JWT Token found in request: /api/products
2026-03-09 16:36:18 [http-nio-8081-exec-9] DEBUG c.p.s.s.JwtAuthenticationFilter - JWT Token found in request: /api/products
2026-03-09 16:36:19 [http-nio-8081-exec-8] DEBUG c.p.s.s.JwtAuthenticationFilter - Set Authentication for user: customer
2026-03-09 16:36:19 [http-nio-8081-exec-9] DEBUG c.p.s.s.JwtAuthenticationFilter - Set Authentication for user: customer
2026-03-09 16:36:20 [http-nio-8081-exec-10] DEBUG c.p.s.s.JwtAuthenticationFilter - JWT Token found in request: /api/payment-requests/active/3
2026-03-09 16:36:21 [http-nio-8081-exec-10] DEBUG c.p.s.s.JwtAuthenticationFilter - Set Authentication for user: customer
2026-03-09 16:36:23 [http-nio-8081-exec-1] DEBUG c.p.s.s.JwtAuthenticationFilter - JWT Token found in request: /api/transactions/customer/3
2026-03-09 16:36:23 [http-nio-8081-exec-1] DEBUG c.p.s.s.JwtAuthenticationFilter - Set Authentication for user: customer
2026-03-09 16:36:23 [http-nio-8081-exec-2] DEBUG c.p.s.s.JwtAuthenticationFilter - JWT Token found in request: /api/payment-requests/active/3
2026-03-09 16:36:24 [http-nio-8081-exec-2] DEBUG c.p.s.s.JwtAuthenticationFilter - Set Authentication for user: customer
2026-03-09 16:36:26 [http-nio-8081-exec-3] DEBUG c.p.s.s.JwtAuthenticationFilter - JWT Token found in request: /api/payment-requests/active/3
2026-03-09 16:36:27 [http-nio-8081-exec-3] DEBUG c.p.s.s.JwtAuthenticationFilter - Set Authentication for user: customer
2026-03-09 16:36:30 [http-nio-8081-exec-4] DEBUG c.p.s.s.JwtAuthenticationFilter - JWT Token found in request: /api/payment-requests/active/3
2026-03-09 16:36:30 [http-nio-8081-exec-4] DEBUG c.p.s.s.JwtAuthenticationFilter - Set Authentication for user: customer
2026-03-09 16:36:33 [http-nio-8081-exec-5] DEBUG c.p.s.s.JwtAuthenticationFilter - JWT Token found in request: /api/payment-requests/active/3
2026-03-09 16:36:33 [http-nio-8081-exec-5] DEBUG c.p.s.s.JwtAuthenticationFilter - Set Authentication for user: customer
2026-03-09 16:36:36 [http-nio-8081-exec-6] DEBUG c.p.s.s.JwtAuthenticationFilter - JWT Token found in request: /api/payment-requests/active/3
2026-03-09 16:36:36 [http-nio-8081-exec-6] DEBUG c.p.s.s.JwtAuthenticationFilter - Set Authentication for user: customer
2026-03-09 16:36:40 [http-nio-8081-exec-7] DEBUG c.p.s.s.JwtAuthenticationFilter - JWT Token found in request: /api/payment-requests/active/3
2026-03-09 16:36:40 [http-nio-8081-exec-7] DEBUG c.p.s.s.JwtAuthenticationFilter - Set Authentication for user: customer
2026-03-09 16:36:43 [http-nio-8081-exec-9] DEBUG c.p.s.s.JwtAuthenticationFilter - JWT Token found in request: /api/payment-requests/active/3
2026-03-09 16:36:43 [http-nio-8081-exec-9] DEBUG c.p.s.s.JwtAuthenticationFilter - Set Authentication for user: customer
2026-03-09 16:36:44 [http-nio-8081-exec-8] DEBUG c.p.s.s.JwtAuthenticationFilter - JWT Token found in request: /api/customers/loyalty/LOYAL001
2026-03-09 16:36:44 [http-nio-8081-exec-8] DEBUG c.p.s.s.JwtAuthenticationFilter - Set Authentication for user: cashier
2026-03-09 16:36:45 [http-nio-8081-exec-8] ERROR c.p.s.s.JwtAuthenticationEntryPoint - Unauthorized error: Full authentication is required to access this resource
2026-03-09 16:36:45 [http-nio-8081-exec-8] ERROR c.p.s.s.JwtAuthenticationEntryPoint - Request URI: /api/error
2026-03-09 16:36:46 [http-nio-8081-exec-10] DEBUG c.p.s.s.JwtAuthenticationFilter - JWT Token found in request: /api/payment-requests/active/3
2026-03-09 16:36:46 [http-nio-8081-exec-10] DEBUG c.p.s.s.JwtAuthenticationFilter - Set Authentication for user: customer
2026-03-09 16:36:47 [http-nio-8081-exec-2] INFO  com.pos.system.services.AuthService - Login attempt for username: cashier
2026-03-09 16:36:48 [http-nio-8081-exec-2] INFO  com.pos.system.services.AuthService - Login successful for user: cashier, role: ROLE_CASHIER
2026-03-09 16:36:49 [http-nio-8081-exec-1] DEBUG c.p.s.s.JwtAuthenticationFilter - JWT Token found in request: /api/payment-requests/active/3
2026-03-09 16:36:49 [http-nio-8081-exec-1] DEBUG c.p.s.s.JwtAuthenticationFilter - Set Authentication for user: customer
2026-03-09 16:36:52 [http-nio-8081-exec-3] DEBUG c.p.s.s.JwtAuthenticationFilter - JWT Token found in request: /api/payment-requests/active/3
2026-03-09 16:36:52 [http-nio-8081-exec-3] DEBUG c.p.s.s.JwtAuthenticationFilter - Set Authentication for user: customer
2026-03-09 16:36:55 [http-nio-8081-exec-4] DEBUG c.p.s.s.JwtAuthenticationFilter - JWT Token found in request: /api/payment-requests/active/3
2026-03-09 16:36:55 [http-nio-8081-exec-4] DEBUG c.p.s.s.JwtAuthenticationFilter - Set Authentication for user: customer
2026-03-09 16:36:58 [http-nio-8081-exec-5] DEBUG c.p.s.s.JwtAuthenticationFilter - JWT Token found in request: /api/payment-requests/active/3
2026-03-09 16:36:58 [http-nio-8081-exec-5] DEBUG c.p.s.s.JwtAuthenticationFilter - Set Authentication for user: customer
2026-03-09 16:37:01 [http-nio-8081-exec-6] DEBUG c.p.s.s.JwtAuthenticationFilter - JWT Token found in request: /api/customers/loyalty/LOYAL001
2026-03-09 16:37:01 [http-nio-8081-exec-6] DEBUG c.p.s.s.JwtAuthenticationFilter - Set Authentication for user: cashier
2026-03-09 16:37:01 [http-nio-8081-exec-6] ERROR c.p.s.s.JwtAuthenticationEntryPoint - Unauthorized error: Full authentication is required to access this resource
2026-03-09 16:37:01 [http-nio-8081-exec-6] ERROR c.p.s.s.JwtAuthenticationEntryPoint - Request URI: /api/error
2026-03-09 16:37:02 [http-nio-8081-exec-7] DEBUG c.p.s.s.JwtAuthenticationFilter - JWT Token found in request: /api/payment-requests/active/3
2026-03-09 16:37:02 [http-nio-8081-exec-7] DEBUG c.p.s.s.JwtAuthenticationFilter - Set Authentication for user: customer
2026-03-09 16:37:04 [http-nio-8081-exec-9] DEBUG c.p.s.s.JwtAuthenticationFilter - JWT Token found in request: /api/payment-requests/active/3
2026-03-09 16:37:05 [http-nio-8081-exec-9] DEBUG c.p.s.s.JwtAuthenticationFilter - Set Authentication for user: customer
2026-03-09 16:37:07 [http-nio-8081-exec-8] DEBUG c.p.s.s.JwtAuthenticationFilter - JWT Token found in request: /api/payment-requests/active/3
2026-03-09 16:37:08 [http-nio-8081-exec-8] DEBUG c.p.s.s.JwtAuthenticationFilter - Set Authentication for user: customer
2026-03-09 16:37:11 [http-nio-8081-exec-10] DEBUG c.p.s.s.JwtAuthenticationFilter - JWT Token found in request: /api/payment-requests/active/3
2026-03-09 16:37:11 [http-nio-8081-exec-10] DEBUG c.p.s.s.JwtAuthenticationFilter - Set Authentication for user: customer
2026-03-09 16:37:14 [http-nio-8081-exec-2] DEBUG c.p.s.s.JwtAuthenticationFilter - JWT Token found in request: /api/payment-requests/active/3
2026-03-09 16:37:14 [http-nio-8081-exec-2] DEBUG c.p.s.s.JwtAuthenticationFilter - Set Authentication for user: customer
2026-03-09 16:37:17 [http-nio-8081-exec-1] DEBUG c.p.s.s.JwtAuthenticationFilter - JWT Token found in request: /api/payment-requests/active/3
2026-03-09 16:37:17 [http-nio-8081-exec-1] DEBUG c.p.s.s.JwtAuthenticationFilter - Set Authentication for user: customer
2026-03-09 16:37:20 [http-nio-8081-exec-3] DEBUG c.p.s.s.JwtAuthenticationFilter - JWT Token found in request: /api/payment-requests/active/3
2026-03-09 16:37:20 [http-nio-8081-exec-3] DEBUG c.p.s.s.JwtAuthenticationFilter - Set Authentication for user: customer
2026-03-09 16:37:23 [http-nio-8081-exec-4] DEBUG c.p.s.s.JwtAuthenticationFilter - JWT Token found in request: /api/payment-requests/active/3
2026-03-09 16:37:23 [http-nio-8081-exec-4] DEBUG c.p.s.s.JwtAuthenticationFilter - Set Authentication for user: customer
2026-03-09 16:37:26 [http-nio-8081-exec-5] DEBUG c.p.s.s.JwtAuthenticationFilter - JWT Token found in request: /api/payment-requests/active/3
2026-03-09 16:37:26 [http-nio-8081-exec-5] DEBUG c.p.s.s.JwtAuthenticationFilter - Set Authentication for user: customer
2026-03-09 16:37:29 [http-nio-8081-exec-6] DEBUG c.p.s.s.JwtAuthenticationFilter - JWT Token found in request: /api/payment-requests/active/3
2026-03-09 16:37:29 [http-nio-8081-exec-6] DEBUG c.p.s.s.JwtAuthenticationFilter - Set Authentication for user: customer
2026-03-09 16:37:32 [http-nio-8081-exec-7] DEBUG c.p.s.s.JwtAuthenticationFilter - JWT Token found in request: /api/payment-requests/active/3
2026-03-09 16:37:32 [http-nio-8081-exec-7] DEBUG c.p.s.s.JwtAuthenticationFilter - Set Authentication for user: customer
2026-03-09 16:37:35 [http-nio-8081-exec-9] DEBUG c.p.s.s.JwtAuthenticationFilter - JWT Token found in request: /api/payment-requests/active/3
2026-03-09 16:37:35 [http-nio-8081-exec-9] DEBUG c.p.s.s.JwtAuthenticationFilter - Set Authentication for user: customer
2026-03-09 16:37:38 [http-nio-8081-exec-8] DEBUG c.p.s.s.JwtAuthenticationFilter - JWT Token found in request: /api/payment-requests/active/3
2026-03-09 16:37:38 [http-nio-8081-exec-8] DEBUG c.p.s.s.JwtAuthenticationFilter - Set Authentication for user: customer
2026-03-09 16:37:41 [http-nio-8081-exec-10] DEBUG c.p.s.s.JwtAuthenticationFilter - JWT Token found in request: /api/payment-requests/active/3
2026-03-09 16:37:41 [http-nio-8081-exec-10] DEBUG c.p.s.s.JwtAuthenticationFilter - Set Authentication for user: customer
2026-03-09 16:37:44 [http-nio-8081-exec-2] DEBUG c.p.s.s.JwtAuthenticationFilter - JWT Token found in request: /api/payment-requests/active/3
2026-03-09 16:37:44 [http-nio-8081-exec-2] DEBUG c.p.s.s.JwtAuthenticationFilter - Set Authentication for user: customer
2026-03-09 16:37:47 [http-nio-8081-exec-1] DEBUG c.p.s.s.JwtAuthenticationFilter - JWT Token found in request: /api/payment-requests/active/3
2026-03-09 16:37:47 [http-nio-8081-exec-1] DEBUG c.p.s.s.JwtAuthenticationFilter - Set Authentication for user: customer
2026-03-09 16:37:50 [http-nio-8081-exec-3] DEBUG c.p.s.s.JwtAuthenticationFilter - JWT Token found in request: /api/payment-requests/active/3
2026-03-09 16:37:50 [http-nio-8081-exec-3] DEBUG c.p.s.s.JwtAuthenticationFilter - Set Authentication for user: customer
2026-03-09 16:37:53 [http-nio-8081-exec-4] DEBUG c.p.s.s.JwtAuthenticationFilter - JWT Token found in request: /api/payment-requests/active/3
2026-03-09 16:37:53 [http-nio-8081-exec-4] DEBUG c.p.s.s.JwtAuthenticationFilter - Set Authentication for user: customer
2026-03-09 16:37:56 [http-nio-8081-exec-5] DEBUG c.p.s.s.JwtAuthenticationFilter - JWT Token found in request: /api/payment-requests/active/3
2026-03-09 16:37:56 [http-nio-8081-exec-5] DEBUG c.p.s.s.JwtAuthenticationFilter - Set Authentication for user: customer
2026-03-09 16:37:59 [http-nio-8081-exec-6] DEBUG c.p.s.s.JwtAuthenticationFilter - JWT Token found in request: /api/payment-requests/active/3
2026-03-09 16:37:59 [http-nio-8081-exec-6] DEBUG c.p.s.s.JwtAuthenticationFilter - Set Authentication for user: customer
2026-03-09 16:38:02 [http-nio-8081-exec-7] DEBUG c.p.s.s.JwtAuthenticationFilter - JWT Token found in request: /api/payment-requests/active/3
2026-03-09 16:38:02 [http-nio-8081-exec-7] DEBUG c.p.s.s.JwtAuthenticationFilter - Set Authentication for user: customer
2026-03-09 16:38:05 [http-nio-8081-exec-9] DEBUG c.p.s.s.JwtAuthenticationFilter - JWT Token found in request: /api/payment-requests/active/3
2026-03-09 16:38:05 [http-nio-8081-exec-9] DEBUG c.p.s.s.JwtAuthenticationFilter - Set Authentication for user: customer
2026-03-09 16:38:08 [http-nio-8081-exec-8] DEBUG c.p.s.s.JwtAuthenticationFilter - JWT Token found in request: /api/payment-requests/active/3
2026-03-09 16:38:08 [http-nio-8081-exec-8] DEBUG c.p.s.s.JwtAuthenticationFilter - Set Authentication for user: customer
2026-03-09 16:38:11 [http-nio-8081-exec-10] DEBUG c.p.s.s.JwtAuthenticationFilter - JWT Token found in request: /api/payment-requests/active/3
2026-03-09 16:38:11 [http-nio-8081-exec-10] DEBUG c.p.s.s.JwtAuthenticationFilter - Set Authentication for user: customer
2026-03-09 16:38:14 [http-nio-8081-exec-2] DEBUG c.p.s.s.JwtAuthenticationFilter - JWT Token found in request: /api/payment-requests/active/3
2026-03-09 16:38:14 [http-nio-8081-exec-2] DEBUG c.p.s.s.JwtAuthenticationFilter - Set Authentication for user: customer
2026-03-09 16:38:17 [http-nio-8081-exec-1] DEBUG c.p.s.s.JwtAuthenticationFilter - JWT Token found in request: /api/payment-requests/active/3
2026-03-09 16:38:17 [http-nio-8081-exec-1] DEBUG c.p.s.s.JwtAuthenticationFilter - Set Authentication for user: customer
2026-03-09 16:38:21 [http-nio-8081-exec-3] DEBUG c.p.s.s.JwtAuthenticationFilter - JWT Token found in request: /api/payment-requests/active/3
2026-03-09 16:38:21 [http-nio-8081-exec-3] DEBUG c.p.s.s.JwtAuthenticationFilter - Set Authentication for user: customer
2026-03-09 16:38:23 [http-nio-8081-exec-4] DEBUG c.p.s.s.JwtAuthenticationFilter - JWT Token found in request: /api/transactions/customer/3
2026-03-09 16:38:23 [http-nio-8081-exec-4] DEBUG c.p.s.s.JwtAuthenticationFilter - Set Authentication for user: customer
2026-03-09 16:38:24 [http-nio-8081-exec-5] DEBUG c.p.s.s.JwtAuthenticationFilter - JWT Token found in request: /api/payment-requests/active/3
2026-03-09 16:38:24 [http-nio-8081-exec-5] DEBUG c.p.s.s.JwtAuthenticationFilter - Set Authentication for user: customer
2026-03-09 16:38:27 [http-nio-8081-exec-6] DEBUG c.p.s.s.JwtAuthenticationFilter - JWT Token found in request: /api/payment-requests/active/3
2026-03-09 16:38:27 [http-nio-8081-exec-6] DEBUG c.p.s.s.JwtAuthenticationFilter - Set Authentication for user: customer
2026-03-09 16:38:27 [http-nio-8081-exec-7] DEBUG c.p.s.s.JwtAuthenticationFilter - JWT Token found in request: /api/products
2026-03-09 16:38:27 [http-nio-8081-exec-7] DEBUG c.p.s.s.JwtAuthenticationFilter - Set Authentication for user: customer
2026-03-09 16:38:30 [http-nio-8081-exec-9] DEBUG c.p.s.s.JwtAuthenticationFilter - JWT Token found in request: /api/payment-requests/active/3
2026-03-09 16:38:30 [http-nio-8081-exec-9] DEBUG c.p.s.s.JwtAuthenticationFilter - Set Authentication for user: customer
2026-03-09 16:38:33 [http-nio-8081-exec-8] DEBUG c.p.s.s.JwtAuthenticationFilter - JWT Token found in request: /api/payment-requests/active/3
2026-03-09 16:38:33 [http-nio-8081-exec-8] DEBUG c.p.s.s.JwtAuthenticationFilter - Set Authentication for user: customer
2026-03-09 16:38:36 [http-nio-8081-exec-10] DEBUG c.p.s.s.JwtAuthenticationFilter - JWT Token found in request: /api/payment-requests/active/3
2026-03-09 16:38:37 [http-nio-8081-exec-10] DEBUG c.p.s.s.JwtAuthenticationFilter - Set Authentication for user: customer
2026-03-09 16:38:39 [http-nio-8081-exec-2] DEBUG c.p.s.s.JwtAuthenticationFilter - JWT Token found in request: /api/payment-requests/active/3
2026-03-09 16:38:39 [http-nio-8081-exec-2] DEBUG c.p.s.s.JwtAuthenticationFilter - Set Authentication for user: customer
2026-03-09 16:38:42 [http-nio-8081-exec-1] DEBUG c.p.s.s.JwtAuthenticationFilter - JWT Token found in request: /api/payment-requests/active/3
2026-03-09 16:38:43 [http-nio-8081-exec-1] DEBUG c.p.s.s.JwtAuthenticationFilter - Set Authentication for user: customer
2026-03-09 16:38:45 [http-nio-8081-exec-3] DEBUG c.p.s.s.JwtAuthenticationFilter - JWT Token found in request: /api/payment-requests/active/3
2026-03-09 16:38:46 [http-nio-8081-exec-3] DEBUG c.p.s.s.JwtAuthenticationFilter - Set Authentication for user: customer
2026-03-09 16:38:48 [http-nio-8081-exec-4] DEBUG c.p.s.s.JwtAuthenticationFilter - JWT Token found in request: /api/payment-requests/active/3
2026-03-09 16:38:48 [http-nio-8081-exec-4] DEBUG c.p.s.s.JwtAuthenticationFilter - Set Authentication for user: customer
2026-03-09 16:38:49 [http-nio-8081-exec-5] DEBUG c.p.s.s.JwtAuthenticationFilter - JWT Token found in request: /api/products
2026-03-09 16:38:49 [http-nio-8081-exec-5] DEBUG c.p.s.s.JwtAuthenticationFilter - Set Authentication for user: admin
2026-03-09 16:38:53 [http-nio-8081-exec-6] DEBUG c.p.s.s.JwtAuthenticationFilter - JWT Token found in request: /api/payment-requests/active/3
2026-03-09 16:38:53 [http-nio-8081-exec-6] DEBUG c.p.s.s.JwtAuthenticationFilter - Set Authentication for user: customer
2026-03-09 16:38:53 [http-nio-8081-exec-7] DEBUG c.p.s.s.JwtAuthenticationFilter - JWT Token found in request: /api/products
2026-03-09 16:38:54 [http-nio-8081-exec-7] DEBUG c.p.s.s.JwtAuthenticationFilter - Set Authentication for user: admin
2026-03-09 16:38:55 [http-nio-8081-exec-9] DEBUG c.p.s.s.JwtAuthenticationFilter - JWT Token found in request: /api/payment-requests/active/3
2026-03-09 16:38:55 [http-nio-8081-exec-9] DEBUG c.p.s.s.JwtAuthenticationFilter - Set Authentication for user: customer
2026-03-09 16:38:58 [http-nio-8081-exec-8] DEBUG c.p.s.s.JwtAuthenticationFilter - JWT Token found in request: /api/payment-requests/active/3
2026-03-09 16:38:58 [http-nio-8081-exec-8] DEBUG c.p.s.s.JwtAuthenticationFilter - Set Authentication for user: customer
2026-03-09 16:39:01 [http-nio-8081-exec-10] DEBUG c.p.s.s.JwtAuthenticationFilter - JWT Token found in request: /api/payment-requests/active/3
2026-03-09 16:39:01 [http-nio-8081-exec-10] DEBUG c.p.s.s.JwtAuthenticationFilter - Set Authentication for user: customer
2026-03-09 16:39:04 [http-nio-8081-exec-2] DEBUG c.p.s.s.JwtAuthenticationFilter - JWT Token found in request: /api/payment-requests/active/3
2026-03-09 16:39:04 [http-nio-8081-exec-2] DEBUG c.p.s.s.JwtAuthenticationFilter - Set Authentication for user: customer
2026-03-09 16:39:07 [http-nio-8081-exec-1] DEBUG c.p.s.s.JwtAuthenticationFilter - JWT Token found in request: /api/payment-requests/active/3
2026-03-09 16:39:11 [http-nio-8081-exec-3] DEBUG c.p.s.s.JwtAuthenticationFilter - JWT Token found in request: /api/payment-requests/active/3
2026-03-09 16:39:11 [http-nio-8081-exec-1] DEBUG c.p.s.s.JwtAuthenticationFilter - Set Authentication for user: customer
2026-03-09 16:39:11 [http-nio-8081-exec-3] DEBUG c.p.s.s.JwtAuthenticationFilter - Set Authentication for user: customer
2026-03-09 16:39:13 [http-nio-8081-exec-4] DEBUG c.p.s.s.JwtAuthenticationFilter - JWT Token found in request: /api/payment-requests/active/3
2026-03-09 16:39:13 [http-nio-8081-exec-4] DEBUG c.p.s.s.JwtAuthenticationFilter - Set Authentication for user: customer
2026-03-09 16:39:16 [http-nio-8081-exec-5] DEBUG c.p.s.s.JwtAuthenticationFilter - JWT Token found in request: /api/payment-requests/active/3
2026-03-09 16:39:24 [http-nio-8081-exec-7] DEBUG c.p.s.s.JwtAuthenticationFilter - JWT Token found in request: /api/payment-requests/active/3
2026-03-09 16:39:24 [http-nio-8081-exec-6] DEBUG c.p.s.s.JwtAuthenticationFilter - JWT Token found in request: /api/payment-requests/active/3
2026-03-09 16:39:24 [http-nio-8081-exec-9] DEBUG c.p.s.s.JwtAuthenticationFilter - JWT Token found in request: /api/products
2026-03-09 16:39:24 [http-nio-8081-exec-5] DEBUG c.p.s.s.JwtAuthenticationFilter - Set Authentication for user: customer
2026-03-09 16:39:24 [http-nio-8081-exec-9] DEBUG c.p.s.s.JwtAuthenticationFilter - Set Authentication for user: admin
2026-03-09 16:39:24 [http-nio-8081-exec-6] DEBUG c.p.s.s.JwtAuthenticationFilter - Set Authentication for user: customer
2026-03-09 16:39:24 [http-nio-8081-exec-7] DEBUG c.p.s.s.JwtAuthenticationFilter - Set Authentication for user: customer
2026-03-09 16:39:24 [http-nio-8081-exec-8] DEBUG c.p.s.s.JwtAuthenticationFilter - JWT Token found in request: /api/products
2026-03-09 16:39:24 [http-nio-8081-exec-8] DEBUG c.p.s.s.JwtAuthenticationFilter - Set Authentication for user: admin
2026-03-09 16:39:24 [http-nio-8081-exec-10] DEBUG c.p.s.s.JwtAuthenticationFilter - JWT Token found in request: /api/products
2026-03-09 16:39:24 [http-nio-8081-exec-10] DEBUG c.p.s.s.JwtAuthenticationFilter - Set Authentication for user: admin
2026-03-09 16:39:24 [http-nio-8081-exec-2] DEBUG c.p.s.s.JwtAuthenticationFilter - JWT Token found in request: /api/products
2026-03-09 16:39:24 [http-nio-8081-exec-2] DEBUG c.p.s.s.JwtAuthenticationFilter - Set Authentication for user: admin
2026-03-09 16:39:25 [http-nio-8081-exec-1] DEBUG c.p.s.s.JwtAuthenticationFilter - JWT Token found in request: /api/payment-requests/active/3
2026-03-09 16:39:25 [http-nio-8081-exec-1] DEBUG c.p.s.s.JwtAuthenticationFilter - Set Authentication for user: customer
2026-03-09 16:39:28 [http-nio-8081-exec-3] DEBUG c.p.s.s.JwtAuthenticationFilter - JWT Token found in request: /api/payment-requests/active/3
2026-03-09 16:39:28 [http-nio-8081-exec-3] DEBUG c.p.s.s.JwtAuthenticationFilter - Set Authentication for user: customer
2026-03-09 16:39:31 [http-nio-8081-exec-4] DEBUG c.p.s.s.JwtAuthenticationFilter - JWT Token found in request: /api/payment-requests/active/3
2026-03-09 16:39:31 [http-nio-8081-exec-4] DEBUG c.p.s.s.JwtAuthenticationFilter - Set Authentication for user: customer
2026-03-09 16:39:34 [http-nio-8081-exec-5] DEBUG c.p.s.s.JwtAuthenticationFilter - JWT Token found in request: /api/payment-requests/active/3
2026-03-09 16:39:35 [http-nio-8081-exec-5] DEBUG c.p.s.s.JwtAuthenticationFilter - Set Authentication for user: customer
2026-03-09 16:39:38 [http-nio-8081-exec-9] DEBUG c.p.s.s.JwtAuthenticationFilter - JWT Token found in request: /api/payment-requests/active/3
2026-03-09 16:39:38 [http-nio-8081-exec-9] DEBUG c.p.s.s.JwtAuthenticationFilter - Set Authentication for user: customer
2026-03-09 16:39:41 [http-nio-8081-exec-7] DEBUG c.p.s.s.JwtAuthenticationFilter - JWT Token found in request: /api/payment-requests/active/3
2026-03-09 16:39:41 [http-nio-8081-exec-7] DEBUG c.p.s.s.JwtAuthenticationFilter - Set Authentication for user: customer
2026-03-09 16:39:44 [http-nio-8081-exec-6] DEBUG c.p.s.s.JwtAuthenticationFilter - JWT Token found in request: /api/payment-requests/active/3
2026-03-09 16:39:44 [http-nio-8081-exec-6] DEBUG c.p.s.s.JwtAuthenticationFilter - Set Authentication for user: customer
2026-03-09 16:39:47 [http-nio-8081-exec-8] DEBUG c.p.s.s.JwtAuthenticationFilter - JWT Token found in request: /api/payment-requests/active/3
2026-03-09 16:39:48 [http-nio-8081-exec-8] DEBUG c.p.s.s.JwtAuthenticationFilter - Set Authentication for user: customer
2026-03-09 16:39:50 [http-nio-8081-exec-10] DEBUG c.p.s.s.JwtAuthenticationFilter - JWT Token found in request: /api/payment-requests/active/3
2026-03-09 16:39:50 [http-nio-8081-exec-10] DEBUG c.p.s.s.JwtAuthenticationFilter - Set Authentication for user: customer
2026-03-09 16:39:53 [http-nio-8081-exec-2] DEBUG c.p.s.s.JwtAuthenticationFilter - JWT Token found in request: /api/payment-requests/active/3
2026-03-09 16:39:53 [http-nio-8081-exec-2] DEBUG c.p.s.s.JwtAuthenticationFilter - Set Authentication for user: customer
2026-03-09 16:39:57 [http-nio-8081-exec-1] DEBUG c.p.s.s.JwtAuthenticationFilter - JWT Token found in request: /api/payment-requests/active/3
2026-03-09 16:39:58 [http-nio-8081-exec-1] DEBUG c.p.s.s.JwtAuthenticationFilter - Set Authentication for user: customer
2026-03-09 16:39:59 [http-nio-8081-exec-3] DEBUG c.p.s.s.JwtAuthenticationFilter - JWT Token found in request: /api/payment-requests/active/3
2026-03-09 16:39:59 [http-nio-8081-exec-3] DEBUG c.p.s.s.JwtAuthenticationFilter - Set Authentication for user: customer
2026-03-09 16:40:02 [http-nio-8081-exec-4] DEBUG c.p.s.s.JwtAuthenticationFilter - JWT Token found in request: /api/payment-requests/active/3
2026-03-09 16:40:03 [http-nio-8081-exec-4] DEBUG c.p.s.s.JwtAuthenticationFilter - Set Authentication for user: customer
2026-03-09 16:40:05 [http-nio-8081-exec-5] DEBUG c.p.s.s.JwtAuthenticationFilter - JWT Token found in request: /api/payment-requests/active/3
2026-03-09 16:40:05 [http-nio-8081-exec-5] DEBUG c.p.s.s.JwtAuthenticationFilter - Set Authentication for user: customer
2026-03-09 16:40:08 [http-nio-8081-exec-9] DEBUG c.p.s.s.JwtAuthenticationFilter - JWT Token found in request: /api/payment-requests/active/3
2026-03-09 16:40:08 [http-nio-8081-exec-9] DEBUG c.p.s.s.JwtAuthenticationFilter - Set Authentication for user: customer
2026-03-09 16:40:11 [http-nio-8081-exec-7] DEBUG c.p.s.s.JwtAuthenticationFilter - JWT Token found in request: /api/payment-requests/active/3
2026-03-09 16:40:12 [http-nio-8081-exec-7] DEBUG c.p.s.s.JwtAuthenticationFilter - Set Authentication for user: customer
2026-03-09 16:40:15 [http-nio-8081-exec-6] DEBUG c.p.s.s.JwtAuthenticationFilter - JWT Token found in request: /api/payment-requests/active/3
2026-03-09 16:40:15 [http-nio-8081-exec-6] DEBUG c.p.s.s.JwtAuthenticationFilter - Set Authentication for user: customer
2026-03-09 16:40:18 [http-nio-8081-exec-8] DEBUG c.p.s.s.JwtAuthenticationFilter - JWT Token found in request: /api/payment-requests/active/3
2026-03-09 16:40:18 [http-nio-8081-exec-8] DEBUG c.p.s.s.JwtAuthenticationFilter - Set Authentication for user: customer
2026-03-09 16:40:21 [http-nio-8081-exec-10] DEBUG c.p.s.s.JwtAuthenticationFilter - JWT Token found in request: /api/payment-requests/active/3
2026-03-09 16:40:21 [http-nio-8081-exec-10] DEBUG c.p.s.s.JwtAuthenticationFilter - Set Authentication for user: customer
2026-03-09 16:40:24 [http-nio-8081-exec-2] DEBUG c.p.s.s.JwtAuthenticationFilter - JWT Token found in request: /api/payment-requests/active/3
2026-03-09 16:40:24 [http-nio-8081-exec-2] DEBUG c.p.s.s.JwtAuthenticationFilter - Set Authentication for user: customer
2026-03-09 16:40:27 [http-nio-8081-exec-1] DEBUG c.p.s.s.JwtAuthenticationFilter - JWT Token found in request: /api/payment-requests/active/3
2026-03-09 16:40:27 [http-nio-8081-exec-1] DEBUG c.p.s.s.JwtAuthenticationFilter - Set Authentication for user: customer
2026-03-09 16:40:30 [http-nio-8081-exec-3] DEBUG c.p.s.s.JwtAuthenticationFilter - JWT Token found in request: /api/payment-requests/active/3
2026-03-09 16:40:30 [http-nio-8081-exec-3] DEBUG c.p.s.s.JwtAuthenticationFilter - Set Authentication for user: customer
2026-03-09 16:40:33 [http-nio-8081-exec-4] DEBUG c.p.s.s.JwtAuthenticationFilter - JWT Token found in request: /api/payment-requests/active/3
2026-03-09 16:40:33 [http-nio-8081-exec-4] DEBUG c.p.s.s.JwtAuthenticationFilter - Set Authentication for user: customer
2026-03-09 16:40:36 [http-nio-8081-exec-5] DEBUG c.p.s.s.JwtAuthenticationFilter - JWT Token found in request: /api/payment-requests/active/3
2026-03-09 16:40:36 [http-nio-8081-exec-5] DEBUG c.p.s.s.JwtAuthenticationFilter - Set Authentication for user: customer
2026-03-09 16:40:39 [http-nio-8081-exec-9] DEBUG c.p.s.s.JwtAuthenticationFilter - JWT Token found in request: /api/payment-requests/active/3
2026-03-09 16:40:39 [http-nio-8081-exec-9] DEBUG c.p.s.s.JwtAuthenticationFilter - Set Authentication for user: customer
2026-03-09 16:40:42 [http-nio-8081-exec-7] DEBUG c.p.s.s.JwtAuthenticationFilter - JWT Token found in request: /api/payment-requests/active/3
2026-03-09 16:40:42 [http-nio-8081-exec-7] DEBUG c.p.s.s.JwtAuthenticationFilter - Set Authentication for user: customer
2026-03-09 16:40:45 [http-nio-8081-exec-6] DEBUG c.p.s.s.JwtAuthenticationFilter - JWT Token found in request: /api/payment-requests/active/3
2026-03-09 16:40:45 [http-nio-8081-exec-6] DEBUG c.p.s.s.JwtAuthenticationFilter - Set Authentication for user: customer
2026-03-09 16:40:48 [http-nio-8081-exec-8] DEBUG c.p.s.s.JwtAuthenticationFilter - JWT Token found in request: /api/payment-requests/active/3
2026-03-09 16:40:48 [http-nio-8081-exec-8] DEBUG c.p.s.s.JwtAuthenticationFilter - Set Authentication for user: customer
2026-03-09 16:40:51 [http-nio-8081-exec-10] DEBUG c.p.s.s.JwtAuthenticationFilter - JWT Token found in request: /api/payment-requests/active/3
2026-03-09 16:40:51 [http-nio-8081-exec-10] DEBUG c.p.s.s.JwtAuthenticationFilter - Set Authentication for user: customer
2026-03-09 16:40:54 [http-nio-8081-exec-2] DEBUG c.p.s.s.JwtAuthenticationFilter - JWT Token found in request: /api/payment-requests/active/3
2026-03-09 16:40:54 [http-nio-8081-exec-2] DEBUG c.p.s.s.JwtAuthenticationFilter - Set Authentication for user: customer
2026-03-09 16:40:57 [http-nio-8081-exec-1] DEBUG c.p.s.s.JwtAuthenticationFilter - JWT Token found in request: /api/payment-requests/active/3
2026-03-09 16:40:57 [http-nio-8081-exec-1] DEBUG c.p.s.s.JwtAuthenticationFilter - Set Authentication for user: customer
2026-03-09 16:41:00 [http-nio-8081-exec-3] DEBUG c.p.s.s.JwtAuthenticationFilter - JWT Token found in request: /api/payment-requests/active/3
2026-03-09 16:41:00 [http-nio-8081-exec-3] DEBUG c.p.s.s.JwtAuthenticationFilter - Set Authentication for user: customer
2026-03-09 16:41:03 [http-nio-8081-exec-4] DEBUG c.p.s.s.JwtAuthenticationFilter - JWT Token found in request: /api/payment-requests/active/3
2026-03-09 16:41:03 [http-nio-8081-exec-4] DEBUG c.p.s.s.JwtAuthenticationFilter - Set Authentication for user: customer
2026-03-09 16:41:06 [http-nio-8081-exec-5] DEBUG c.p.s.s.JwtAuthenticationFilter - JWT Token found in request: /api/payment-requests/active/3
2026-03-09 16:41:06 [http-nio-8081-exec-5] DEBUG c.p.s.s.JwtAuthenticationFilter - Set Authentication for user: customer
2026-03-09 16:41:09 [http-nio-8081-exec-9] DEBUG c.p.s.s.JwtAuthenticationFilter - JWT Token found in request: /api/payment-requests/active/3
2026-03-09 16:41:09 [http-nio-8081-exec-9] DEBUG c.p.s.s.JwtAuthenticationFilter - Set Authentication for user: customer
2026-03-09 16:41:12 [http-nio-8081-exec-7] DEBUG c.p.s.s.JwtAuthenticationFilter - JWT Token found in request: /api/payment-requests/active/3
2026-03-09 16:41:12 [http-nio-8081-exec-7] DEBUG c.p.s.s.JwtAuthenticationFilter - Set Authentication for user: customer
2026-03-09 16:41:15 [http-nio-8081-exec-6] DEBUG c.p.s.s.JwtAuthenticationFilter - JWT Token found in request: /api/payment-requests/active/3
2026-03-09 16:41:15 [http-nio-8081-exec-6] DEBUG c.p.s.s.JwtAuthenticationFilter - Set Authentication for user: customer
2026-03-09 16:41:18 [http-nio-8081-exec-8] DEBUG c.p.s.s.JwtAuthenticationFilter - JWT Token found in request: /api/payment-requests/active/3
2026-03-09 16:41:18 [http-nio-8081-exec-8] DEBUG c.p.s.s.JwtAuthenticationFilter - Set Authentication for user: customer
2026-03-09 16:41:21 [http-nio-8081-exec-10] DEBUG c.p.s.s.JwtAuthenticationFilter - JWT Token found in request: /api/payment-requests/active/3
2026-03-09 16:41:21 [http-nio-8081-exec-10] DEBUG c.p.s.s.JwtAuthenticationFilter - Set Authentication for user: customer
